============================================================
   Tang Dynasty, V5.6.119222
      Copyright (c) 2012-2024 Anlogic Inc.
   Executable = D:/Anlogic/TD_5.6.5_Release_119.222/bin/td.exe
   Built at =   17:28:21 May 30 2024
   Run by =     admin
   Run Date =   Sun Mar  9 18:40:43 2025

   Run on =     GYT
============================================================
RUN-1002 : start command "open_project Cortex_M0.prj -phy"
RUN-1002 : start command "import_device eagle_s20.db -package EG4S20BG256"
ARC-1001 : Device Initialization.
ARC-1001 : ------------------------------------------------------------------
ARC-1001 :            OPTION            |          IO          |   SETTING   
ARC-1001 : ------------------------------------------------------------------
ARC-1001 :   cso_b/cclk/mosi/miso/dout  |  T3/R11/T10/P10/S11  |    gpio    
ARC-1001 :             done             |         P13          |    gpio    
ARC-1001 :           program_b          |          T2          |  dedicate  
ARC-1001 :        tdi/tms/tck/tdo       |   C12/A15/C14/E14    |  dedicate  
ARC-1001 : ------------------------------------------------------------------
ARC-1004 : Device setting, marked 5 dedicate IOs in total.
RUN-1002 : start command "import_db ../syn_1/Cortex_M0_gate.db"
RUN-1001 : Importing database generated by Tang Dynasty, V5.6.119222.
RUN-1001 : Database version number 46146.
RUN-1001 : Import flow parameters
RUN-1001 : Import IO constraints
RUN-1001 : Import Inst constraints
RUN-1001 : Import design success TD_VERSION=5.6.119222 , DB_VERSION=46146
RUN-1003 : finish command "import_db ../syn_1/Cortex_M0_gate.db" in  1.318066s wall, 0.359375s user + 0.000000s system = 0.359375s CPU (27.3%)

RUN-1004 : used memory is 270 MB, reserved memory is 254 MB, peak memory is 283 MB
RUN-1002 : start command "place"
RUN-1001 : Open license file D:/Anlogic/TD_5.6.5_Release_119.222/license/Anlogic.lic
RUN-1001 : Print Global Property
RUN-1001 : ---------------------------------------------------------------
RUN-1001 :        Parameters        |  Settings  |  Default Values  |  Note  
RUN-1001 : ---------------------------------------------------------------
RUN-1001 :          message         |  standard  |     standard     |        
RUN-1001 :   mixed_pack_place_flow  |     on     |        on        |        
RUN-1001 :        qor_monitor       |    off     |       off        |        
RUN-1001 :        syn_ip_flow       |    off     |       off        |        
RUN-1001 :          thread          |    auto    |       auto       |        
RUN-1001 : ---------------------------------------------------------------
RUN-1001 : Print Place Property
RUN-1001 : --------------------------------------------------------------
RUN-1001 :        Parameters       |  Settings  |  Default Values  |  Note  
RUN-1001 : --------------------------------------------------------------
RUN-1001 :      detailed_place     |     on     |        on        |        
RUN-1001 :          effort         |   medium   |      medium      |        
RUN-1001 :         fix_hold        |    off     |       off        |        
RUN-1001 :       legalization      |    new     |       new        |        
RUN-1001 :      new_spreading      |     on     |        on        |        
RUN-1001 :        opt_timing       |   medium   |      medium      |        
RUN-1001 :   post_clock_route_opt  |    off     |       off        |        
RUN-1001 :       pr_strategy       |     1      |        1         |        
RUN-1001 :        relaxation       |    1.00    |       1.00       |        
RUN-1001 :         retiming        |    off     |       off        |        
RUN-1001 : --------------------------------------------------------------
PHY-3001 : Placer runs in 8 thread(s).
RUN-1002 : start command "legalize_phy_inst"
SYN-1011 : Flatten model CortexM0_SoC
RUN-1002 : start command "phys_opt -simplify_lut"
SYN-4024 : Net "clk_dup_4" drives clk pins.
SYN-4024 : Net "SWCLK_dup_1" drives clk pins.
SYN-4024 : Net "keyboard_Interface/u_keyboard_scan/scan_clk" drives clk pins.
SYN-4025 : Tag rtl::Net SWCLK_dup_1 as clock net
SYN-4025 : Tag rtl::Net clk_dup_4 as clock net
SYN-4025 : Tag rtl::Net keyboard_Interface/u_keyboard_scan/scan_clk as clock net
SYN-4026 : Tagged 3 rtl::Net as clock net
SYN-4015 : Create BUFG instance for clk Net SWCLK_dup_1 to drive 107 clock pins.
SYN-4015 : Create BUFG instance for clk Net keyboard_Interface/u_keyboard_scan/scan_clk to drive 24 clock pins.
PHY-1001 : Populate physical database on model CortexM0_SoC.
RUN-1001 : There are total 7739 instances
RUN-0007 : 5464 luts, 2061 seqs, 51 mslices, 34 lslices, 41 pads, 80 brams, 3 dsps
RUN-1001 : There are total 8132 nets
RUN-1001 : 4591 nets have 2 pins
RUN-1001 : 2589 nets have [3 - 5] pins
RUN-1001 : 465 nets have [6 - 10] pins
RUN-1001 : 248 nets have [11 - 20] pins
RUN-1001 : 231 nets have [21 - 99] pins
RUN-1001 : 8 nets have 100+ pins
RUN-1001 : Report Control nets information:
RUN-1001 : DFF Distribution
RUN-1001 : ----------------------------------
RUN-1001 :   CE   |  SSR  |  ASR  |  DFF Count  
RUN-1001 : ----------------------------------
RUN-1001 :   No   |  No   |  No   |     253     
RUN-1001 :   No   |  No   |  Yes  |     284     
RUN-1001 :   No   |  Yes  |  No   |     12      
RUN-1001 :   Yes  |  No   |  No   |     788     
RUN-1001 :   Yes  |  No   |  Yes  |     724     
RUN-1001 :   Yes  |  Yes  |  No   |      0      
RUN-1001 : ----------------------------------
RUN-0007 : Control Group Statistic
RUN-0007 : ---------------------------
RUN-0007 :   #CLK  |  #CE  |  #SSR/ASR  
RUN-0007 : ---------------------------
RUN-0007 :    3    |  59   |     5      
RUN-0007 : ---------------------------
RUN-0007 : Control Set = 66
PHY-3001 : Initial placement ...
PHY-3001 : design contains 7737 instances, 5464 luts, 2061 seqs, 85 slices, 10 macros(85 instances: 51 mslices 34 lslices)
PHY-0007 : Cell area utilization is 28%
PHY-3001 : Global placement ...
PHY-3001 : Initial: Len = 1.96537e+06
PHY-3001 : Clustering ...
PHY-3001 : Level 0 #clusters 7737.
PHY-3001 : End clustering;  0.000010s wall, 0.000000s user + 0.000000s system = 0.000000s CPU (n/a%)

PHY-3001 : Run with size of 4
PHY-3001 : Cell area utilization is 28%
PHY-3001 : :::0::: Try harder cell spreading with beta_ = 0
PHY-3002 : Step(1): len = 1.46976e+06, overlap = 224.438
PHY-3002 : Step(2): len = 1.15367e+06, overlap = 243.625
PHY-3002 : Step(3): len = 718479, overlap = 314.156
PHY-3002 : Step(4): len = 572232, overlap = 368.594
PHY-3002 : Step(5): len = 462826, overlap = 412.312
PHY-3002 : Step(6): len = 430305, overlap = 438.25
PHY-3002 : Step(7): len = 355895, overlap = 473.375
PHY-3002 : Step(8): len = 355666, overlap = 488.781
PHY-3002 : Step(9): len = 275731, overlap = 497.875
PHY-3002 : Step(10): len = 269862, overlap = 502.219
PHY-3002 : Step(11): len = 256788, overlap = 502.031
PHY-3002 : Step(12): len = 253811, overlap = 511.375
PHY-3002 : Step(13): len = 243410, overlap = 532.688
PHY-3001 : :::1::: Try harder cell spreading with beta_ = 2.05738e-06
PHY-3002 : Step(14): len = 260090, overlap = 521.844
PHY-3002 : Step(15): len = 289357, overlap = 522.5
PHY-3002 : Step(16): len = 255397, overlap = 498.281
PHY-3002 : Step(17): len = 253388, overlap = 506.125
PHY-3002 : Step(18): len = 248560, overlap = 517.5
PHY-3002 : Step(19): len = 241785, overlap = 510.094
PHY-3002 : Step(20): len = 242264, overlap = 507.312
PHY-3002 : Step(21): len = 240404, overlap = 506.969
PHY-3002 : Step(22): len = 234034, overlap = 500.656
PHY-3002 : Step(23): len = 233079, overlap = 497.906
PHY-3002 : Step(24): len = 227457, overlap = 504.406
PHY-3002 : Step(25): len = 219969, overlap = 500.406
PHY-3002 : Step(26): len = 216828, overlap = 495.469
PHY-3002 : Step(27): len = 213943, overlap = 484.844
PHY-3002 : Step(28): len = 213068, overlap = 488.469
PHY-3002 : Step(29): len = 209748, overlap = 483.5
PHY-3002 : Step(30): len = 207378, overlap = 479
PHY-3002 : Step(31): len = 202389, overlap = 467.156
PHY-3002 : Step(32): len = 200522, overlap = 465.781
PHY-3002 : Step(33): len = 199604, overlap = 457.812
PHY-3002 : Step(34): len = 199580, overlap = 460
PHY-3002 : Step(35): len = 196515, overlap = 458.781
PHY-3002 : Step(36): len = 196052, overlap = 460.969
PHY-3002 : Step(37): len = 194075, overlap = 462.969
PHY-3002 : Step(38): len = 193268, overlap = 461.531
PHY-3002 : Step(39): len = 193553, overlap = 456.625
PHY-3001 : :::2::: Try harder cell spreading with beta_ = 4.11476e-06
PHY-3002 : Step(40): len = 194565, overlap = 460.688
PHY-3002 : Step(41): len = 195819, overlap = 462.281
PHY-3002 : Step(42): len = 200136, overlap = 461.375
PHY-3002 : Step(43): len = 202227, overlap = 463
PHY-3002 : Step(44): len = 203782, overlap = 444.469
PHY-3002 : Step(45): len = 205410, overlap = 444.344
PHY-3002 : Step(46): len = 207958, overlap = 453.688
PHY-3002 : Step(47): len = 213104, overlap = 453.125
PHY-3002 : Step(48): len = 214227, overlap = 438.656
PHY-3002 : Step(49): len = 215065, overlap = 421.344
PHY-3002 : Step(50): len = 216843, overlap = 413.906
PHY-3002 : Step(51): len = 217855, overlap = 401.594
PHY-3002 : Step(52): len = 218527, overlap = 398.438
PHY-3002 : Step(53): len = 219262, overlap = 389.031
PHY-3002 : Step(54): len = 219242, overlap = 382.906
PHY-3002 : Step(55): len = 219520, overlap = 370.938
PHY-3002 : Step(56): len = 218993, overlap = 365.344
PHY-3002 : Step(57): len = 219103, overlap = 356.25
PHY-3001 : :::3::: Try harder cell spreading with beta_ = 8.22952e-06
PHY-3002 : Step(58): len = 221715, overlap = 357.062
PHY-3002 : Step(59): len = 224092, overlap = 360.312
PHY-3002 : Step(60): len = 225655, overlap = 358.719
PHY-3001 : :::4::: Try harder cell spreading with beta_ = 1.33154e-05
PHY-3002 : Step(61): len = 226894, overlap = 358.344
PHY-3002 : Step(62): len = 228806, overlap = 360.219
PHY-3002 : Step(63): len = 241603, overlap = 340.938
PHY-3002 : Step(64): len = 250089, overlap = 325.062
PHY-3002 : Step(65): len = 259327, overlap = 329.594
PHY-3002 : Step(66): len = 262413, overlap = 325.562
PHY-3002 : Step(67): len = 268440, overlap = 324.281
PHY-3002 : Step(68): len = 277211, overlap = 325.781
PHY-3002 : Step(69): len = 280856, overlap = 307.812
PHY-3002 : Step(70): len = 285885, overlap = 273.656
PHY-3002 : Step(71): len = 287837, overlap = 269.875
PHY-3002 : Step(72): len = 288857, overlap = 264.281
PHY-3002 : Step(73): len = 289294, overlap = 264.625
PHY-3002 : Step(74): len = 288543, overlap = 256.062
PHY-3002 : Step(75): len = 288303, overlap = 259.531
PHY-3002 : Step(76): len = 288484, overlap = 255.938
PHY-3002 : Step(77): len = 288344, overlap = 250.781
PHY-3002 : Step(78): len = 288005, overlap = 251.406
PHY-3002 : Step(79): len = 287600, overlap = 247.344
PHY-3001 : :::5::: Try harder cell spreading with beta_ = 2.66307e-05
PHY-3002 : Step(80): len = 289757, overlap = 246.375
PHY-3002 : Step(81): len = 289989, overlap = 246.25
PHY-3002 : Step(82): len = 290217, overlap = 243.406
PHY-3001 : Before Legalized: Len = 290217
PHY-3001 : Legalization ...
PHY-3001 : End legalization;  0.013595s wall, 0.000000s user + 0.000000s system = 0.000000s CPU (n/a%)

PHY-3001 : After Legalized: Len = 331771, Over = 101.656
PHY-3001 : Run with size of 4
PHY-3001 : Cell area utilization is 34%
PHY-3001 : Analyzing congestion ...
RUN-1001 : Generating global routing grids ...
RUN-1001 : Building simple global routing graph ...
PHY-1001 : Generate routing nets ...
PHY-1001 : Reuse net number 0/8132.
PHY-1001 : Global iterations in 8 thread ...
PHY-1002 : len = 413904, over cnt = 1544(4%), over = 10222, worst = 74
PHY-1001 : End global iterations;  0.467369s wall, 0.062500s user + 0.000000s system = 0.062500s CPU (13.4%)

PHY-1001 : Congestion index: top1 = 130.32, top5 = 86.95, top10 = 69.11, top15 = 58.89.
PHY-3001 : End congestion estimation;  0.566961s wall, 0.093750s user + 0.015625s system = 0.109375s CPU (19.3%)

PHY-3001 : Update density targets...
PHY-3001 : Update congestion history...
PHY-3001 : :::0::: Try harder cell spreading with beta_ = 1.63565e-06
PHY-3002 : Step(83): len = 299504, overlap = 227.625
PHY-3002 : Step(84): len = 298102, overlap = 249.281
PHY-3002 : Step(85): len = 279334, overlap = 268.469
PHY-3002 : Step(86): len = 260860, overlap = 284
PHY-3002 : Step(87): len = 252756, overlap = 293.969
PHY-3002 : Step(88): len = 248729, overlap = 301.594
PHY-3002 : Step(89): len = 242465, overlap = 311.531
PHY-3002 : Step(90): len = 237330, overlap = 323.438
PHY-3002 : Step(91): len = 234300, overlap = 333.875
PHY-3002 : Step(92): len = 227519, overlap = 341.875
PHY-3002 : Step(93): len = 224677, overlap = 344.625
PHY-3002 : Step(94): len = 223199, overlap = 349.406
PHY-3002 : Step(95): len = 223016, overlap = 351.531
PHY-3001 : :::1::: Try harder cell spreading with beta_ = 3.27131e-06
PHY-3002 : Step(96): len = 224686, overlap = 348.719
PHY-3002 : Step(97): len = 228880, overlap = 349.094
PHY-3002 : Step(98): len = 233950, overlap = 346.156
PHY-3001 : :::2::: Try harder cell spreading with beta_ = 6.54261e-06
PHY-3002 : Step(99): len = 243398, overlap = 323.375
PHY-3002 : Step(100): len = 252797, overlap = 307.906
PHY-3002 : Step(101): len = 271768, overlap = 285.031
PHY-3002 : Step(102): len = 284100, overlap = 257.594
PHY-3002 : Step(103): len = 282654, overlap = 229.406
PHY-3002 : Step(104): len = 282837, overlap = 216.875
PHY-3002 : Step(105): len = 283699, overlap = 206.531
PHY-3002 : Step(106): len = 283057, overlap = 199.719
PHY-3002 : Step(107): len = 283555, overlap = 203.594
PHY-3002 : Step(108): len = 283845, overlap = 206.969
PHY-3001 : :::3::: Try harder cell spreading with beta_ = 1.30852e-05
PHY-3002 : Step(109): len = 298228, overlap = 188.125
PHY-3002 : Step(110): len = 303864, overlap = 180.938
PHY-3002 : Step(111): len = 310208, overlap = 163.031
PHY-3002 : Step(112): len = 314255, overlap = 147.5
PHY-3002 : Step(113): len = 316987, overlap = 141.094
PHY-3002 : Step(114): len = 318781, overlap = 126.562
PHY-3002 : Step(115): len = 319692, overlap = 115.469
PHY-3002 : Step(116): len = 319434, overlap = 97.5938
PHY-3002 : Step(117): len = 319685, overlap = 93.0312
PHY-3001 : :::4::: Try harder cell spreading with beta_ = 2.61704e-05
PHY-3002 : Step(118): len = 340774, overlap = 72.2812
PHY-3002 : Step(119): len = 346557, overlap = 69.6562
PHY-3002 : Step(120): len = 355707, overlap = 51.125
PHY-3002 : Step(121): len = 361844, overlap = 40
PHY-3002 : Step(122): len = 363715, overlap = 39.5312
PHY-3002 : Step(123): len = 360568, overlap = 36.375
PHY-3002 : Step(124): len = 357897, overlap = 37.6875
PHY-3002 : Step(125): len = 356751, overlap = 40.1562
PHY-3002 : Step(126): len = 354001, overlap = 39.2812
PHY-3002 : Step(127): len = 353936, overlap = 39.5312
PHY-3002 : Step(128): len = 353850, overlap = 40.5
PHY-3001 : :::5::: Try harder cell spreading with beta_ = 5.23409e-05
PHY-3002 : Step(129): len = 373025, overlap = 25.1875
PHY-3002 : Step(130): len = 380457, overlap = 22.0625
PHY-3002 : Step(131): len = 388435, overlap = 20.875
PHY-3002 : Step(132): len = 389306, overlap = 19.375
PHY-3002 : Step(133): len = 389712, overlap = 18.625
PHY-3002 : Step(134): len = 389309, overlap = 17.625
PHY-3001 : :::6::: Try harder cell spreading with beta_ = 0.000104682
PHY-3002 : Step(135): len = 403418, overlap = 14.3125
PHY-3002 : Step(136): len = 409971, overlap = 14.4688
PHY-3002 : Step(137): len = 428918, overlap = 7.4375
PHY-3002 : Step(138): len = 437428, overlap = 5.09375
PHY-3002 : Step(139): len = 422958, overlap = 5.3125
PHY-3002 : Step(140): len = 420195, overlap = 4.6875
PHY-3002 : Step(141): len = 417611, overlap = 5.21875
PHY-3002 : Step(142): len = 416946, overlap = 6.8125
PHY-3002 : Step(143): len = 418215, overlap = 6.96875
PHY-3002 : Step(144): len = 420116, overlap = 8.03125
PHY-3002 : Step(145): len = 421416, overlap = 8.40625
PHY-3001 : :::7::: Try harder cell spreading with beta_ = 0.000209364
PHY-3002 : Step(146): len = 430838, overlap = 8.09375
PHY-3002 : Step(147): len = 436450, overlap = 7.59375
PHY-3002 : Step(148): len = 444700, overlap = 5.09375
PHY-3002 : Step(149): len = 443506, overlap = 4.09375
PHY-3002 : Step(150): len = 443163, overlap = 3.875
PHY-3002 : Step(151): len = 443098, overlap = 3.34375
PHY-3001 : Run with size of 2
PHY-3001 : Cell area utilization is 34%
PHY-3001 : Analyzing congestion ...
RUN-1001 : Generating global routing grids ...
PHY-1001 : Generate routing nets ...
PHY-1001 : Reuse net number 6/8132.
PHY-1001 : Global iterations in 8 thread ...
PHY-1002 : len = 566168, over cnt = 1535(4%), over = 6874, worst = 68
PHY-1001 : End global iterations;  0.485841s wall, 0.234375s user + 0.000000s system = 0.234375s CPU (48.2%)

PHY-1001 : Congestion index: top1 = 80.86, top5 = 58.27, top10 = 49.63, top15 = 44.53.
PHY-3001 : End congestion estimation;  0.601208s wall, 0.234375s user + 0.000000s system = 0.234375s CPU (39.0%)

PHY-3001 : Update density targets...
PHY-3001 : Update congestion history...
PHY-3001 : :::0::: Try harder cell spreading with beta_ = 8.88294e-05
PHY-3002 : Step(152): len = 441049, overlap = 17.5625
PHY-3002 : Step(153): len = 440466, overlap = 18.7188
PHY-3002 : Step(154): len = 425885, overlap = 18.9062
PHY-3002 : Step(155): len = 410803, overlap = 26.25
PHY-3002 : Step(156): len = 402340, overlap = 26.75
PHY-3002 : Step(157): len = 393545, overlap = 20.2812
PHY-3002 : Step(158): len = 388880, overlap = 21.625
PHY-3002 : Step(159): len = 384767, overlap = 25.9375
PHY-3002 : Step(160): len = 381031, overlap = 23.0625
PHY-3002 : Step(161): len = 377885, overlap = 23.4375
PHY-3002 : Step(162): len = 376059, overlap = 24.5312
PHY-3002 : Step(163): len = 374226, overlap = 26.3125
PHY-3002 : Step(164): len = 372606, overlap = 26.125
PHY-3002 : Step(165): len = 372110, overlap = 27.75
PHY-3002 : Step(166): len = 368906, overlap = 29.625
PHY-3002 : Step(167): len = 368636, overlap = 30.0312
PHY-3002 : Step(168): len = 367155, overlap = 32.4062
PHY-3001 : :::1::: Try harder cell spreading with beta_ = 0.000177659
PHY-3002 : Step(169): len = 376465, overlap = 23.375
PHY-3002 : Step(170): len = 383490, overlap = 20.125
PHY-3002 : Step(171): len = 390376, overlap = 19.25
PHY-3002 : Step(172): len = 392119, overlap = 17.4688
PHY-3002 : Step(173): len = 392791, overlap = 16.6875
PHY-3002 : Step(174): len = 393348, overlap = 13.625
PHY-3001 : :::2::: Try harder cell spreading with beta_ = 0.00035047
PHY-3002 : Step(175): len = 399029, overlap = 11.625
PHY-3002 : Step(176): len = 404085, overlap = 12.125
PHY-3002 : Step(177): len = 411650, overlap = 10.8125
PHY-3002 : Step(178): len = 416047, overlap = 8.9375
PHY-3002 : Step(179): len = 417107, overlap = 10.3438
PHY-3002 : Step(180): len = 418287, overlap = 8.75
PHY-3002 : Step(181): len = 418873, overlap = 7.40625
PHY-3002 : Step(182): len = 418016, overlap = 7.59375
PHY-3002 : Step(183): len = 417886, overlap = 8.09375
PHY-3002 : Step(184): len = 417867, overlap = 6.78125
PHY-3001 : :::3::: Try harder cell spreading with beta_ = 0.00070094
PHY-3002 : Step(185): len = 422285, overlap = 6.65625
PHY-3002 : Step(186): len = 427388, overlap = 5.75
PHY-3002 : Step(187): len = 434271, overlap = 4.75
PHY-3002 : Step(188): len = 433727, overlap = 5.03125
PHY-3002 : Step(189): len = 433637, overlap = 4.875
PHY-3002 : Step(190): len = 434362, overlap = 4.875
PHY-3002 : Step(191): len = 436868, overlap = 5.84375
PHY-3002 : Step(192): len = 439056, overlap = 5.46875
PHY-3002 : Step(193): len = 440126, overlap = 5.0625
PHY-3002 : Step(194): len = 441304, overlap = 5
PHY-3002 : Step(195): len = 442967, overlap = 4.875
PHY-3002 : Step(196): len = 443455, overlap = 4.3125
PHY-3001 : :::4::: Try harder cell spreading with beta_ = 0.00140188
PHY-3002 : Step(197): len = 445769, overlap = 4.1875
PHY-3002 : Step(198): len = 448246, overlap = 4
PHY-3002 : Step(199): len = 454193, overlap = 3.21875
PHY-3002 : Step(200): len = 458036, overlap = 3.09375
PHY-3002 : Step(201): len = 459305, overlap = 2.5
PHY-3002 : Step(202): len = 459295, overlap = 3
PHY-3002 : Step(203): len = 459375, overlap = 2.59375
PHY-3002 : Step(204): len = 459492, overlap = 2.84375
PHY-3002 : Step(205): len = 459306, overlap = 2.90625
PHY-3002 : Step(206): len = 459011, overlap = 3.03125
PHY-3001 : :::5::: Try harder cell spreading with beta_ = 0.002547
PHY-3002 : Step(207): len = 460000, overlap = 3.0625
PHY-3002 : Step(208): len = 461828, overlap = 3.28125
PHY-3002 : Step(209): len = 462888, overlap = 3.28125
PHY-3002 : Step(210): len = 464616, overlap = 3.28125
PHY-3002 : Step(211): len = 466759, overlap = 3.25
PHY-3002 : Step(212): len = 468956, overlap = 3.625
PHY-3002 : Step(213): len = 470486, overlap = 3.3125
PHY-3002 : Step(214): len = 470922, overlap = 3.125
PHY-3002 : Step(215): len = 471822, overlap = 3.875
PHY-3002 : Step(216): len = 473577, overlap = 4.3125
PHY-3002 : Step(217): len = 474725, overlap = 3.78125
PHY-3002 : Step(218): len = 475150, overlap = 3.625
PHY-3002 : Step(219): len = 475176, overlap = 3.75
PHY-3001 : :::6::: Try harder cell spreading with beta_ = 0.00418693
PHY-3002 : Step(220): len = 475743, overlap = 3.6875
PHY-3002 : Step(221): len = 476748, overlap = 3.84375
OPT-1001 : Start physical optimization ...
OPT-1001 : Total overflow 87.28 peak overflow 2.16
OPT-1001 : Start high-fanout net optimization ...
OPT-1001 : Update timing in global mode
PHY-1001 : Start incremental global routing, caller is place ...
RUN-1001 : Generating global routing grids ...
PHY-1001 : Generate routing nets ...
PHY-1001 : Reuse net number 241/8132.
PHY-1001 : Global iterations in 8 thread ...
PHY-1002 : len = 631552, over cnt = 1468(4%), over = 5723, worst = 31
PHY-1001 : End global iterations;  0.508558s wall, 0.125000s user + 0.000000s system = 0.125000s CPU (24.6%)

PHY-1001 : Congestion index: top1 = 66.03, top5 = 50.33, top10 = 43.74, top15 = 39.80.
PHY-1001 : End incremental global routing;  0.615773s wall, 0.187500s user + 0.000000s system = 0.187500s CPU (30.4%)

RUN-1002 : start command "start_timer -report"
TMR-5001 WARNING: No sdc constraints found while initiating timer.
TMR-2505 : Start building timing graph for model CortexM0_SoC.
TMR-2506 : Build timing graph completely. Port num: 11, tpin num: 38515, tnet num: 8130, tinst num: 7737, tnode num: 45909, tedge num: 62729.
TMR-2508 : Levelizing timing graph completed, there are 53 levels in total.
TMR-2501 : Timing graph initialized successfully.
OPT-1001 : End timing update;  0.387453s wall, 0.187500s user + 0.000000s system = 0.187500s CPU (48.4%)

OPT-1001 : 0 high-fanout net processed.
OPT-1001 : End high-fanout net optimization;  1.126068s wall, 0.406250s user + 0.000000s system = 0.406250s CPU (36.1%)

OPT-1001 : Current memory(MB): used = 404, reserve = 392, peak = 404.
OPT-1001 : End physical optimization;  1.178071s wall, 0.468750s user + 0.000000s system = 0.468750s CPU (39.8%)

PHY-3001 : Start packing ...
SYN-4007 : Packing 0 MUX to BLE ...
SYN-4008 : Packed 0 MUX and 0 SEQ to BLE.
SYN-4007 : Packing 5464 LUT to BLE ...
SYN-4008 : Packed 5464 LUT and 732 SEQ to BLE.
SYN-4003 : Packing 1329 remaining SEQ's ...
SYN-4005 : Packed 1248 SEQ with LUT/SLICE
SYN-4006 : 3490 single LUT's are left
SYN-4006 : 81 single SEQ's are left
SYN-4011 : Packing model "CortexM0_SoC" (AL_USER_NORMAL) with 5545/5759 primitive instances ...
PHY-3001 : End packing;  0.356785s wall, 0.171875s user + 0.000000s system = 0.171875s CPU (48.2%)

PHY-1001 : Populate physical database on model CortexM0_SoC.
RUN-1001 : There are total 3372 instances
RUN-1001 : 1622 mslices, 1621 lslices, 41 pads, 80 brams, 3 dsps
RUN-1001 : There are total 7575 nets
RUN-1001 : 3688 nets have 2 pins
RUN-1001 : 2819 nets have [3 - 5] pins
RUN-1001 : 552 nets have [6 - 10] pins
RUN-1001 : 274 nets have [11 - 20] pins
RUN-1001 : 234 nets have [21 - 99] pins
RUN-1001 : 8 nets have 100+ pins
PHY-3001 : design contains 3370 instances, 3243 slices, 10 macros(85 instances: 51 mslices 34 lslices)
PHY-3001 : Cell area utilization is 39%
PHY-3001 : After packing: Len = 493508, Over = 18.75
PHY-3001 : Run with size of 2
PHY-3001 : Cell area utilization is 39%
PHY-3001 : Analyzing congestion ...
RUN-1001 : Generating global routing grids ...
PHY-1001 : Generate routing nets ...
PHY-1001 : Reuse net number 3627/7575.
PHY-1001 : Global iterations in 8 thread ...
PHY-1002 : len = 652720, over cnt = 1356(3%), over = 3398, worst = 22
PHY-1002 : len = 666584, over cnt = 881(2%), over = 1885, worst = 17
PHY-1002 : len = 678696, over cnt = 365(1%), over = 676, worst = 10
PHY-1002 : len = 685240, over cnt = 60(0%), over = 84, worst = 4
PHY-1002 : len = 686088, over cnt = 0(0%), over = 0, worst = 0
PHY-1001 : End global iterations;  0.886536s wall, 0.421875s user + 0.000000s system = 0.421875s CPU (47.6%)

PHY-1001 : Congestion index: top1 = 52.76, top5 = 43.92, top10 = 39.73, top15 = 37.12.
PHY-3001 : End congestion estimation;  1.039927s wall, 0.484375s user + 0.000000s system = 0.484375s CPU (46.6%)

PHY-3001 : Update density targets...
PHY-3001 : Update congestion history...
PHY-3001 : :::0::: Try harder cell spreading with beta_ = 4.62561e-05
PHY-3002 : Step(222): len = 474161, overlap = 26
PHY-3002 : Step(223): len = 454666, overlap = 36.75
PHY-3002 : Step(224): len = 441374, overlap = 40.75
PHY-3002 : Step(225): len = 435298, overlap = 44.5
PHY-3002 : Step(226): len = 429927, overlap = 34.25
PHY-3002 : Step(227): len = 423592, overlap = 39.25
PHY-3002 : Step(228): len = 418215, overlap = 43.25
PHY-3002 : Step(229): len = 415460, overlap = 49
PHY-3002 : Step(230): len = 413261, overlap = 50.75
PHY-3002 : Step(231): len = 411986, overlap = 47.25
PHY-3002 : Step(232): len = 410811, overlap = 49.25
PHY-3001 : :::1::: Try harder cell spreading with beta_ = 9.25123e-05
PHY-3002 : Step(233): len = 423598, overlap = 31.5
PHY-3002 : Step(234): len = 433846, overlap = 23.25
PHY-3002 : Step(235): len = 434139, overlap = 23.25
PHY-3002 : Step(236): len = 435098, overlap = 26
PHY-3002 : Step(237): len = 437196, overlap = 23.5
PHY-3002 : Step(238): len = 439136, overlap = 26
PHY-3002 : Step(239): len = 440073, overlap = 26
PHY-3002 : Step(240): len = 441266, overlap = 26.5
PHY-3001 : :::2::: Try harder cell spreading with beta_ = 0.000185025
PHY-3002 : Step(241): len = 451656, overlap = 23.5
PHY-3002 : Step(242): len = 460995, overlap = 16.5
PHY-3002 : Step(243): len = 460795, overlap = 16.25
PHY-3002 : Step(244): len = 462607, overlap = 16.75
PHY-3002 : Step(245): len = 467921, overlap = 13.75
PHY-3002 : Step(246): len = 471572, overlap = 13.75
PHY-3002 : Step(247): len = 473085, overlap = 13.75
PHY-3002 : Step(248): len = 474715, overlap = 12.75
PHY-3002 : Step(249): len = 476003, overlap = 17
PHY-3001 : :::3::: Try harder cell spreading with beta_ = 0.000370049
PHY-3002 : Step(250): len = 482200, overlap = 14.25
PHY-3002 : Step(251): len = 489608, overlap = 11.5
PHY-3002 : Step(252): len = 491949, overlap = 11.25
PHY-3002 : Step(253): len = 492327, overlap = 11.5
PHY-3002 : Step(254): len = 493626, overlap = 9.25
PHY-3002 : Step(255): len = 495302, overlap = 8.75
PHY-3002 : Step(256): len = 496937, overlap = 8.75
PHY-3002 : Step(257): len = 497468, overlap = 8.75
PHY-3001 : :::4::: Try harder cell spreading with beta_ = 0.000740098
PHY-3002 : Step(258): len = 500733, overlap = 8.75
PHY-3002 : Step(259): len = 504986, overlap = 7.75
PHY-3002 : Step(260): len = 505908, overlap = 7
PHY-3002 : Step(261): len = 507560, overlap = 7.75
PHY-3002 : Step(262): len = 509363, overlap = 7.75
PHY-3002 : Step(263): len = 509148, overlap = 6
PHY-3002 : Step(264): len = 508897, overlap = 6.75
PHY-3002 : Step(265): len = 508826, overlap = 7.5
PHY-3001 : :::5::: Try harder cell spreading with beta_ = 0.00133543
PHY-3002 : Step(266): len = 510634, overlap = 7.5
PHY-3002 : Step(267): len = 512227, overlap = 6.75
PHY-3002 : Step(268): len = 513856, overlap = 6.5
PHY-3001 : Before Legalized: Len = 513856
PHY-3001 : Legalization ...
PHY-3001 : End legalization;  0.737862s wall, 0.093750s user + 0.218750s system = 0.312500s CPU (42.4%)

PHY-3001 : After Legalized: Len = 526485, Over = 0
PHY-3001 : Trial Legalized: Len = 526485
PHY-3001 : Run with size of 2
PHY-3001 : Cell area utilization is 39%
PHY-3001 : Analyzing congestion ...
RUN-1001 : Generating global routing grids ...
PHY-1001 : Generate routing nets ...
PHY-1001 : Reuse net number 191/7575.
PHY-1001 : Global iterations in 8 thread ...
PHY-1002 : len = 674144, over cnt = 1254(3%), over = 2407, worst = 10
PHY-1002 : len = 683104, over cnt = 658(1%), over = 1158, worst = 10
PHY-1002 : len = 690072, over cnt = 321(0%), over = 561, worst = 10
PHY-1002 : len = 695072, over cnt = 108(0%), over = 149, worst = 8
PHY-1002 : len = 697120, over cnt = 0(0%), over = 0, worst = 0
PHY-1001 : End global iterations;  1.040741s wall, 0.437500s user + 0.015625s system = 0.453125s CPU (43.5%)

PHY-1001 : Congestion index: top1 = 51.23, top5 = 44.34, top10 = 40.53, top15 = 38.02.
PHY-3001 : End congestion estimation;  1.204122s wall, 0.500000s user + 0.015625s system = 0.515625s CPU (42.8%)

PHY-3001 : Update density targets...
PHY-3001 : Update congestion history...
PHY-3001 : :::0::: Try harder cell spreading with beta_ = 0.000117195
PHY-3002 : Step(269): len = 499579, overlap = 6.5
PHY-3002 : Step(270): len = 487380, overlap = 6.75
PHY-3002 : Step(271): len = 480960, overlap = 12.25
PHY-3002 : Step(272): len = 475959, overlap = 11.75
PHY-3002 : Step(273): len = 472986, overlap = 12.25
PHY-3002 : Step(274): len = 470978, overlap = 12.75
PHY-3002 : Step(275): len = 468155, overlap = 12.75
PHY-3002 : Step(276): len = 467536, overlap = 12.25
PHY-3002 : Step(277): len = 466602, overlap = 11.75
PHY-3001 : :::1::: Try harder cell spreading with beta_ = 0.000234389
PHY-3002 : Step(278): len = 475483, overlap = 10.25
PHY-3002 : Step(279): len = 482134, overlap = 8
PHY-3002 : Step(280): len = 482264, overlap = 6.75
PHY-3002 : Step(281): len = 481886, overlap = 7.75
PHY-3002 : Step(282): len = 482741, overlap = 9.75
PHY-3001 : :::2::: Try harder cell spreading with beta_ = 0.000436174
PHY-3002 : Step(283): len = 489158, overlap = 7.5
PHY-3002 : Step(284): len = 494084, overlap = 7.75
PHY-3002 : Step(285): len = 497509, overlap = 7.5
PHY-3002 : Step(286): len = 497986, overlap = 6.5
PHY-3002 : Step(287): len = 498233, overlap = 6.5
PHY-3002 : Step(288): len = 498686, overlap = 7.25
PHY-3001 : Before Legalized: Len = 498686
PHY-3001 : Legalization ...
PHY-3001 : End legalization;  0.010386s wall, 0.000000s user + 0.000000s system = 0.000000s CPU (n/a%)

PHY-3001 : After Legalized: Len = 505828, Over = 0
PHY-3001 : Legalized: Len = 505828, Over = 0
PHY-3001 : Spreading special nets. 4 overflows in 2952 tiles.
PHY-3001 : End spreading;  0.015459s wall, 0.015625s user + 0.000000s system = 0.015625s CPU (101.1%)

PHY-3001 : 5 instances has been re-located, deltaX = 1, deltaY = 4, maxDist = 1.
PHY-3001 : Final: Len = 505842, Over = 0
OPT-1001 : Start physical optimization ...
OPT-1001 : Total overflow 0.00 peak overflow 0.00
OPT-1001 : Start high-fanout net optimization ...
OPT-1001 : Update timing in global mode
PHY-1001 : Start incremental global routing, caller is place ...
RUN-1001 : Generating global routing grids ...
PHY-1001 : Generate routing nets ...
PHY-1001 : Reuse net number 1523/7575.
PHY-1001 : Global iterations in 8 thread ...
PHY-1002 : len = 665144, over cnt = 1133(3%), over = 2047, worst = 11
PHY-1002 : len = 672072, over cnt = 627(1%), over = 1048, worst = 9
PHY-1002 : len = 678232, over cnt = 270(0%), over = 472, worst = 8
PHY-1002 : len = 682056, over cnt = 97(0%), over = 173, worst = 7
PHY-1002 : len = 684376, over cnt = 0(0%), over = 0, worst = 0
PHY-1001 : End global iterations;  1.013964s wall, 0.531250s user + 0.000000s system = 0.531250s CPU (52.4%)

PHY-1001 : Congestion index: top1 = 48.17, top5 = 40.83, top10 = 37.25, top15 = 35.00.
PHY-1001 : End incremental global routing;  1.159519s wall, 0.593750s user + 0.000000s system = 0.593750s CPU (51.2%)

RUN-1002 : start command "start_timer -report"
TMR-5001 WARNING: No sdc constraints found while initiating timer.
TMR-2505 : Start building timing graph for model CortexM0_SoC.
TMR-2506 : Build timing graph completely. Port num: 11, tpin num: 37614, tnet num: 7573, tinst num: 3370, tnode num: 43764, tedge num: 63241.
TMR-2508 : Levelizing timing graph completed, there are 51 levels in total.
TMR-2501 : Timing graph initialized successfully.
OPT-1001 : End timing update;  0.600281s wall, 0.109375s user + 0.000000s system = 0.109375s CPU (18.2%)

OPT-1001 : 0 high-fanout net processed.
OPT-1001 : End high-fanout net optimization;  1.924345s wall, 0.734375s user + 0.000000s system = 0.734375s CPU (38.2%)

OPT-1001 : Current memory(MB): used = 433, reserve = 421, peak = 433.
OPT-1001 : Update timing in Manhattan mode
OPT-1001 : End timing update;  0.009215s wall, 0.000000s user + 0.000000s system = 0.000000s CPU (n/a%)

OPT-1001 : Start pin optimization...
OPT-1001 : skip pin optimization...
RUN-1001 : Generating global routing grids ...
PHY-1001 : Generate routing nets ...
PHY-1001 : Reuse net number 7123/7575.
PHY-1001 : Global iterations in 8 thread ...
PHY-1002 : len = 684376, over cnt = 0(0%), over = 0, worst = 0
PHY-1001 : End global iterations;  0.075292s wall, 0.031250s user + 0.000000s system = 0.031250s CPU (41.5%)

PHY-1001 : Congestion index: top1 = 48.17, top5 = 40.83, top10 = 37.25, top15 = 35.00.
OPT-1001 : Update timing in Manhattan mode
OPT-1001 : End timing update;  0.010986s wall, 0.000000s user + 0.000000s system = 0.000000s CPU (n/a%)

RUN-1001 : QoR Analysis:
OPT-0007 :   WNS 2147483647 TNS 0 NUM_FEPS 0
RUN-1001 :   No local congestion issue, and most congested 1% tile average routing util is 47.793103
RUN-1001 :   Top critical paths
OPT-1001 : End physical optimization;  2.243241s wall, 0.828125s user + 0.000000s system = 0.828125s CPU (36.9%)

RUN-1003 : finish command "place" in  14.619670s wall, 5.828125s user + 1.031250s system = 6.859375s CPU (46.9%)

RUN-1004 : used memory is 382 MB, reserved memory is 370 MB, peak memory is 438 MB
RUN-1002 : start command "export_db Cortex_M0_place.db"
RUN-1001 : Exported /
RUN-1001 : Exported flow parameters
RUN-1001 : Exported libs
RUN-1001 : Exported entities
RUN-1001 : Exported ports
RUN-1001 : Exported pins
RUN-1001 : Exported instances
RUN-1001 : Exported nets
RUN-1001 : Exported buses
RUN-1001 : Exported models
RUN-1001 : Exported congestions
RUN-1001 : Exported violations
RUN-1001 : Exported IO constraints
RUN-1001 : Exported Inst constraints
RUN-1003 : finish command "export_db Cortex_M0_place.db" in  1.307298s wall, 0.578125s user + 0.031250s system = 0.609375s CPU (46.6%)

RUN-1004 : used memory is 382 MB, reserved memory is 372 MB, peak memory is 514 MB
RUN-1002 : start command "route"
RUN-1001 : Open license file D:/Anlogic/TD_5.6.5_Release_119.222/license/Anlogic.lic
RUN-1001 : Print Global Property
RUN-1001 : ---------------------------------------------------------------
RUN-1001 :        Parameters        |  Settings  |  Default Values  |  Note  
RUN-1001 : ---------------------------------------------------------------
RUN-1001 :          message         |  standard  |     standard     |        
RUN-1001 :   mixed_pack_place_flow  |     on     |        on        |        
RUN-1001 :        qor_monitor       |    off     |       off        |        
RUN-1001 :        syn_ip_flow       |    off     |       off        |        
RUN-1001 :          thread          |    auto    |       auto       |        
RUN-1001 : ---------------------------------------------------------------
RUN-1001 : Print Route Property
RUN-1001 : -------------------------------------------------------
RUN-1001 :    Parameters    |  Settings  |  Default Values  |  Note  
RUN-1001 : -------------------------------------------------------
RUN-1001 :      effort      |   medium   |      medium      |        
RUN-1001 :     fix_hold     |    off     |       off        |        
RUN-1001 :    opt_timing    |   medium   |      medium      |        
RUN-1001 :   phy_sim_model  |    off     |       off        |        
RUN-1001 :     priority     |   timing   |      timing      |        
RUN-1001 :     swap_pin     |     on     |        on        |        
RUN-1001 : -------------------------------------------------------
PHY-1001 : Route runs in 8 thread(s)
RUN-1001 : There are total 3372 instances
RUN-1001 : 1622 mslices, 1621 lslices, 41 pads, 80 brams, 3 dsps
RUN-1001 : There are total 7575 nets
RUN-1001 : 3688 nets have 2 pins
RUN-1001 : 2819 nets have [3 - 5] pins
RUN-1001 : 552 nets have [6 - 10] pins
RUN-1001 : 274 nets have [11 - 20] pins
RUN-1001 : 234 nets have [21 - 99] pins
RUN-1001 : 8 nets have 100+ pins
RUN-1002 : start command "start_timer -report"
TMR-5001 WARNING: No sdc constraints found while initiating timer.
TMR-2505 : Start building timing graph for model CortexM0_SoC.
TMR-2506 : Build timing graph completely. Port num: 11, tpin num: 37614, tnet num: 7573, tinst num: 3370, tnode num: 43764, tedge num: 63241.
TMR-2508 : Levelizing timing graph completed, there are 51 levels in total.
TMR-2501 : Timing graph initialized successfully.
PHY-1001 : 1622 mslices, 1621 lslices, 41 pads, 80 brams, 3 dsps
TMR-2503 : Start to update net delay, extr mode = 3.
TMR-2504 : Update delay of 7573 nets completely.
TMR-2502 : Annotate delay completely, extr mode = 3.
TMR-3002 : No user constraint, initiate default constraint.
TMR-1501 : Assign derive clock DeriveClock to 3398 clock pins, and constraint 6138 relative nodes.
TMR-3003 : Constraints initiated successfully.
TMR-3501 : Forward propagation: start to calculate arrival time...
TMR-3502 : Backward propagation: start to calculate required time...
TMR-3503 : Timing propagation completes.
PHY-1001 : Start global routing, caller is route ...
RUN-1001 : Generating global routing grids ...
PHY-1001 : Generate routing nets ...
PHY-1001 : Global iterations in 8 thread ...
PHY-1002 : len = 653320, over cnt = 1158(3%), over = 2235, worst = 11
PHY-1002 : len = 662656, over cnt = 594(1%), over = 1038, worst = 11
PHY-1002 : len = 672024, over cnt = 171(0%), over = 285, worst = 9
PHY-1002 : len = 675144, over cnt = 0(0%), over = 0, worst = 0
PHY-1001 : End global iterations;  0.931070s wall, 0.484375s user + 0.000000s system = 0.484375s CPU (52.0%)

PHY-1001 : Congestion index: top1 = 47.52, top5 = 40.23, top10 = 36.54, top15 = 34.39.
PHY-1001 : End global routing;  1.101731s wall, 0.562500s user + 0.000000s system = 0.562500s CPU (51.1%)

PHY-1001 : Start detail routing ...
PHY-1001 : Current memory(MB): used = 478, reserve = 469, peak = 514.
PHY-1001 : Detailed router is running in normal mode.
PHY-1001 : Generate detailed routing grids ...
PHY-1001 : Processed IO instance col[3]_syn_4 with INV attribute.
PHY-1001 : Processed IO instance col[2]_syn_4 with INV attribute.
PHY-1001 : Processed IO instance col[1]_syn_4 with INV attribute.
PHY-1001 : Processed IO instance col[0]_syn_4 with INV attribute.
PHY-1001 : Generate nets ...
PHY-1001 : clock net SWCLK_syn_4 will be merged with clock SWCLK_dup_1
PHY-1001 : net clk_dup_4 will be routed on clock mesh
PHY-1001 : clock net keyboard_Interface/u_keyboard_scan/scan_clk_syn_4 will be merged with clock keyboard_Interface/u_keyboard_scan/scan_clk
PHY-1001 : Current memory(MB): used = 739, reserve = 734, peak = 739.
PHY-1001 : End build detailed router design. 2.918162s wall, 0.984375s user + 0.015625s system = 1.000000s CPU (34.3%)

PHY-1001 : Detail Route ...
PHY-1001 : ===== Detail Route Phase 1 =====
PHY-1001 : Clock net routing.....
PHY-1001 : Routed 0% nets.
PHY-1022 : len = 96928, over cnt = 0(0%), over = 0, worst = 0, crit = 0
PHY-1001 : End initial clock net routed; 0.511433s wall, 0.250000s user + 0.000000s system = 0.250000s CPU (48.9%)

PHY-1001 : Current memory(MB): used = 774, reserve = 769, peak = 774.
PHY-1001 : End phase 1; 0.515760s wall, 0.250000s user + 0.000000s system = 0.250000s CPU (48.5%)

PHY-1001 : ===== Detail Route Phase 2 =====
PHY-1001 : Initial routing.....
PHY-1001 : Routed 38% nets.
PHY-1001 : Routed 45% nets.
PHY-1001 : Routed 55% nets.
PHY-1001 : Routed 71% nets.
PHY-1001 : Routed 98% nets.
PHY-1022 : len = 2.13956e+06, over cnt = 455(0%), over = 457, worst = 2, crit = 0
PHY-1001 : Current memory(MB): used = 784, reserve = 779, peak = 784.
PHY-1001 : End initial routed; 32.262451s wall, 16.078125s user + 0.250000s system = 16.328125s CPU (50.6%)

PHY-1001 : Current memory(MB): used = 784, reserve = 779, peak = 784.
PHY-1001 : End phase 2; 32.262481s wall, 16.078125s user + 0.250000s system = 16.328125s CPU (50.6%)

PHY-1001 : ===== Detail Route Phase 3 =====
PHY-1001 : Ripup-reroute.....
PHY-1001 : ===== DR Iter 1 =====
PHY-1022 : len = 2.11388e+06, over cnt = 97(0%), over = 97, worst = 1, crit = 0
PHY-1001 : End DR Iter 1; 1.625055s wall, 0.734375s user + 0.000000s system = 0.734375s CPU (45.2%)

PHY-1001 : ===== DR Iter 2 =====
PHY-1022 : len = 2.11103e+06, over cnt = 31(0%), over = 31, worst = 1, crit = 0
PHY-1001 : End DR Iter 2; 0.493586s wall, 0.171875s user + 0.000000s system = 0.171875s CPU (34.8%)

PHY-1001 : ===== DR Iter 3 =====
PHY-1022 : len = 2.11052e+06, over cnt = 1(0%), over = 1, worst = 1, crit = 0
PHY-1001 : End DR Iter 3; 0.183528s wall, 0.078125s user + 0.000000s system = 0.078125s CPU (42.6%)

PHY-1001 : ===== DR Iter 4 =====
PHY-1022 : len = 2.11052e+06, over cnt = 1(0%), over = 1, worst = 1, crit = 0
PHY-1001 : End DR Iter 4; 0.109006s wall, 0.046875s user + 0.000000s system = 0.046875s CPU (43.0%)

PHY-1001 : ===== DR Iter 5 =====
PHY-1022 : len = 2.11052e+06, over cnt = 1(0%), over = 1, worst = 1, crit = 0
PHY-1001 : End DR Iter 5; 0.128109s wall, 0.078125s user + 0.000000s system = 0.078125s CPU (61.0%)

PHY-1001 : ===== DR Iter 6 =====
PHY-1022 : len = 2.11052e+06, over cnt = 1(0%), over = 1, worst = 1, crit = 0
PHY-1001 : End DR Iter 6; 0.156579s wall, 0.093750s user + 0.000000s system = 0.093750s CPU (59.9%)

PHY-1001 : ===== DR Iter 7 =====
PHY-1022 : len = 2.11052e+06, over cnt = 1(0%), over = 1, worst = 1, crit = 0
PHY-1001 : End DR Iter 7; 0.190242s wall, 0.046875s user + 0.000000s system = 0.046875s CPU (24.6%)

PHY-1001 : ===== DR Iter 8 =====
PHY-1022 : len = 2.11053e+06, over cnt = 1(0%), over = 1, worst = 1, crit = 0
PHY-1001 : End DR Iter 8; 0.078374s wall, 0.015625s user + 0.000000s system = 0.015625s CPU (19.9%)

PHY-1001 : ==== DR Iter 9 ====
PHY-1022 : len = 2.11052e+06, over cnt = 1(0%), over = 1, worst = 1, crit = 0
PHY-1001 : End DR Iter 9; 0.078220s wall, 0.062500s user + 0.000000s system = 0.062500s CPU (79.9%)

PHY-1001 : ==== DR Iter 10 ====
PHY-1022 : len = 2.11052e+06, over cnt = 1(0%), over = 1, worst = 1, crit = 0
PHY-1001 : End DR Iter 10; 0.109446s wall, 0.046875s user + 0.000000s system = 0.046875s CPU (42.8%)

PHY-1001 : ==== DR Iter 11 ====
PHY-1022 : len = 2.11052e+06, over cnt = 1(0%), over = 1, worst = 1, crit = 0
PHY-1001 : End DR Iter 11; 0.117876s wall, 0.046875s user + 0.000000s system = 0.046875s CPU (39.8%)

PHY-1001 : ==== DR Iter 12 ====
PHY-1022 : len = 2.11052e+06, over cnt = 1(0%), over = 1, worst = 1, crit = 0
PHY-1001 : End DR Iter 12; 0.191138s wall, 0.015625s user + 0.000000s system = 0.015625s CPU (8.2%)

PHY-1001 : ===== DR Iter 13 =====
PHY-1022 : len = 2.11052e+06, over cnt = 1(0%), over = 1, worst = 1, crit = 0
PHY-1001 : End DR Iter 13; 0.078853s wall, 0.031250s user + 0.015625s system = 0.046875s CPU (59.4%)

PHY-1001 : ==== DR Iter 14 ====
PHY-1022 : len = 2.11052e+06, over cnt = 1(0%), over = 1, worst = 1, crit = 0
PHY-1001 : End DR Iter 14; 0.081780s wall, 0.015625s user + 0.000000s system = 0.015625s CPU (19.1%)

PHY-1001 : ==== DR Iter 15 ====
PHY-1022 : len = 2.11052e+06, over cnt = 1(0%), over = 1, worst = 1, crit = 0
PHY-1001 : End DR Iter 15; 0.109120s wall, 0.031250s user + 0.000000s system = 0.031250s CPU (28.6%)

PHY-1001 : ==== DR Iter 16 ====
PHY-1022 : len = 2.11052e+06, over cnt = 1(0%), over = 1, worst = 1, crit = 0
PHY-1001 : End DR Iter 16; 0.127624s wall, 0.031250s user + 0.000000s system = 0.031250s CPU (24.5%)

PHY-1001 : ==== DR Iter 17 ====
PHY-1022 : len = 2.11052e+06, over cnt = 1(0%), over = 1, worst = 1, crit = 0
PHY-1001 : End DR Iter 17; 0.189267s wall, 0.093750s user + 0.000000s system = 0.093750s CPU (49.5%)

PHY-1001 : ==== DR Iter 18 ====
PHY-1022 : len = 2.11052e+06, over cnt = 1(0%), over = 1, worst = 1, crit = 0
PHY-1001 : End DR Iter 18; 0.217975s wall, 0.078125s user + 0.000000s system = 0.078125s CPU (35.8%)

PHY-1001 : ===== DR Iter 19 =====
PHY-1022 : len = 2.11052e+06, over cnt = 1(0%), over = 1, worst = 1, crit = 0
PHY-1001 : End DR Iter 19; 0.077356s wall, 0.031250s user + 0.000000s system = 0.031250s CPU (40.4%)

PHY-1001 : ==== DR Iter 20 ====
PHY-1022 : len = 2.11052e+06, over cnt = 1(0%), over = 1, worst = 1, crit = 0
PHY-1001 : End DR Iter 20; 0.090723s wall, 0.031250s user + 0.000000s system = 0.031250s CPU (34.4%)

PHY-1001 : ==== DR Iter 21 ====
PHY-1022 : len = 2.11052e+06, over cnt = 1(0%), over = 1, worst = 1, crit = 0
PHY-1001 : End DR Iter 21; 0.126916s wall, 0.078125s user + 0.000000s system = 0.078125s CPU (61.6%)

PHY-1001 : ==== DR Iter 22 ====
PHY-1022 : len = 2.11052e+06, over cnt = 1(0%), over = 1, worst = 1, crit = 0
PHY-1001 : End DR Iter 22; 0.122091s wall, 0.062500s user + 0.000000s system = 0.062500s CPU (51.2%)

PHY-1001 : ==== DR Iter 23 ====
PHY-1022 : len = 2.11052e+06, over cnt = 1(0%), over = 1, worst = 1, crit = 0
PHY-1001 : End DR Iter 23; 0.186591s wall, 0.125000s user + 0.000000s system = 0.125000s CPU (67.0%)

PHY-1001 : ==== DR Iter 24 ====
PHY-1022 : len = 2.11052e+06, over cnt = 1(0%), over = 1, worst = 1, crit = 0
PHY-1001 : End DR Iter 24; 0.220734s wall, 0.078125s user + 0.000000s system = 0.078125s CPU (35.4%)

PHY-1001 : ==== DR Iter 25 ====
PHY-1022 : len = 2.11052e+06, over cnt = 1(0%), over = 1, worst = 1, crit = 0
PHY-1001 : End DR Iter 25; 0.571469s wall, 0.156250s user + 0.000000s system = 0.156250s CPU (27.3%)

PHY-1001 : ===== DR Iter 26 =====
PHY-1022 : len = 2.11053e+06, over cnt = 1(0%), over = 1, worst = 1, crit = 0
PHY-1001 : End DR Iter 26; 0.076388s wall, 0.000000s user + 0.000000s system = 0.000000s CPU (n/a%)

PHY-1001 : ==== DR Iter 27 ====
PHY-1022 : len = 2.11052e+06, over cnt = 1(0%), over = 1, worst = 1, crit = 0
PHY-1001 : End DR Iter 27; 0.087199s wall, 0.000000s user + 0.000000s system = 0.000000s CPU (n/a%)

PHY-1001 : ==== DR Iter 28 ====
PHY-1022 : len = 2.11052e+06, over cnt = 1(0%), over = 1, worst = 1, crit = 0
PHY-1001 : End DR Iter 28; 0.115944s wall, 0.015625s user + 0.000000s system = 0.015625s CPU (13.5%)

PHY-1001 : ==== DR Iter 29 ====
PHY-1022 : len = 2.11052e+06, over cnt = 1(0%), over = 1, worst = 1, crit = 0
PHY-1001 : End DR Iter 29; 0.121225s wall, 0.062500s user + 0.000000s system = 0.062500s CPU (51.6%)

PHY-1001 : ==== DR Iter 30 ====
PHY-1022 : len = 2.11052e+06, over cnt = 1(0%), over = 1, worst = 1, crit = 0
PHY-1001 : End DR Iter 30; 0.196276s wall, 0.062500s user + 0.000000s system = 0.062500s CPU (31.8%)

PHY-1001 : ==== DR Iter 31 ====
PHY-1022 : len = 2.11052e+06, over cnt = 1(0%), over = 1, worst = 1, crit = 0
PHY-1001 : End DR Iter 31; 0.236294s wall, 0.109375s user + 0.000000s system = 0.109375s CPU (46.3%)

PHY-1001 : ==== DR Iter 32 ====
PHY-1022 : len = 2.11052e+06, over cnt = 1(0%), over = 1, worst = 1, crit = 0
PHY-1001 : End DR Iter 32; 0.539215s wall, 0.234375s user + 0.000000s system = 0.234375s CPU (43.5%)

PHY-1001 : ==== DR Iter 33 ====
PHY-1022 : len = 2.11052e+06, over cnt = 1(0%), over = 1, worst = 1, crit = 0
PHY-1001 : End DR Iter 33; 0.594139s wall, 0.156250s user + 0.000000s system = 0.156250s CPU (26.3%)

PHY-1001 : ===== DR Iter 34 =====
PHY-1022 : len = 2.11053e+06, over cnt = 1(0%), over = 1, worst = 1, crit = 0
PHY-1001 : End DR Iter 34; 0.081862s wall, 0.062500s user + 0.000000s system = 0.062500s CPU (76.3%)

PHY-1001 : ==== DR Iter 35 ====
PHY-1022 : len = 2.11052e+06, over cnt = 1(0%), over = 1, worst = 1, crit = 0
PHY-1001 : End DR Iter 35; 0.085119s wall, 0.046875s user + 0.000000s system = 0.046875s CPU (55.1%)

PHY-1001 : ==== DR Iter 36 ====
PHY-1022 : len = 2.11052e+06, over cnt = 1(0%), over = 1, worst = 1, crit = 0
PHY-1001 : End DR Iter 36; 0.122152s wall, 0.062500s user + 0.000000s system = 0.062500s CPU (51.2%)

PHY-1001 : ==== DR Iter 37 ====
PHY-1022 : len = 2.11052e+06, over cnt = 1(0%), over = 1, worst = 1, crit = 0
PHY-1001 : End DR Iter 37; 0.129048s wall, 0.062500s user + 0.000000s system = 0.062500s CPU (48.4%)

PHY-1001 : ==== DR Iter 38 ====
PHY-1022 : len = 2.11052e+06, over cnt = 1(0%), over = 1, worst = 1, crit = 0
PHY-1001 : End DR Iter 38; 0.186655s wall, 0.031250s user + 0.000000s system = 0.031250s CPU (16.7%)

PHY-1001 : ==== DR Iter 39 ====
PHY-1022 : len = 2.11052e+06, over cnt = 1(0%), over = 1, worst = 1, crit = 0
PHY-1001 : End DR Iter 39; 0.213218s wall, 0.093750s user + 0.000000s system = 0.093750s CPU (44.0%)

PHY-1001 : ==== DR Iter 40 ====
PHY-1022 : len = 2.11052e+06, over cnt = 1(0%), over = 1, worst = 1, crit = 0
PHY-1001 : End DR Iter 40; 0.533848s wall, 0.093750s user + 0.000000s system = 0.093750s CPU (17.6%)

PHY-1001 : ==== DR Iter 41 ====
PHY-1022 : len = 2.11052e+06, over cnt = 1(0%), over = 1, worst = 1, crit = 0
PHY-1001 : End DR Iter 41; 0.564092s wall, 0.203125s user + 0.000000s system = 0.203125s CPU (36.0%)

PHY-1001 : ==== DR Iter 42 ====
PHY-1022 : len = 2.11052e+06, over cnt = 1(0%), over = 1, worst = 1, crit = 0
PHY-1001 : End DR Iter 42; 0.561847s wall, 0.156250s user + 0.000000s system = 0.156250s CPU (27.8%)

PHY-1001 : ===== DR Iter 43 =====
PHY-1022 : len = 2.11052e+06, over cnt = 1(0%), over = 1, worst = 1, crit = 0
PHY-1001 : End DR Iter 43; 0.076946s wall, 0.031250s user + 0.015625s system = 0.046875s CPU (60.9%)

PHY-1001 : ==== DR Iter 44 ====
PHY-1022 : len = 2.11052e+06, over cnt = 1(0%), over = 1, worst = 1, crit = 0
PHY-1001 : End DR Iter 44; 0.080032s wall, 0.031250s user + 0.000000s system = 0.031250s CPU (39.0%)

PHY-1001 : ==== DR Iter 45 ====
PHY-1022 : len = 2.11052e+06, over cnt = 1(0%), over = 1, worst = 1, crit = 0
PHY-1001 : End DR Iter 45; 0.106673s wall, 0.046875s user + 0.000000s system = 0.046875s CPU (43.9%)

PHY-1001 : ==== DR Iter 46 ====
PHY-1022 : len = 2.11052e+06, over cnt = 1(0%), over = 1, worst = 1, crit = 0
PHY-1001 : End DR Iter 46; 0.121064s wall, 0.031250s user + 0.000000s system = 0.031250s CPU (25.8%)

PHY-1001 : ==== DR Iter 47 ====
PHY-1022 : len = 2.11052e+06, over cnt = 1(0%), over = 1, worst = 1, crit = 0
PHY-1001 : End DR Iter 47; 0.186463s wall, 0.093750s user + 0.000000s system = 0.093750s CPU (50.3%)

PHY-1001 : ==== DR Iter 48 ====
PHY-1022 : len = 2.11052e+06, over cnt = 1(0%), over = 1, worst = 1, crit = 0
PHY-1001 : End DR Iter 48; 0.213737s wall, 0.078125s user + 0.000000s system = 0.078125s CPU (36.6%)

PHY-1001 : ==== DR Iter 49 ====
PHY-1022 : len = 2.11052e+06, over cnt = 1(0%), over = 1, worst = 1, crit = 0
PHY-1001 : End DR Iter 49; 0.489775s wall, 0.109375s user + 0.000000s system = 0.109375s CPU (22.3%)

PHY-1001 : ==== DR Iter 50 ====
PHY-1022 : len = 2.11052e+06, over cnt = 1(0%), over = 1, worst = 1, crit = 0
PHY-1001 : End DR Iter 50; 0.570966s wall, 0.156250s user + 0.000000s system = 0.156250s CPU (27.4%)

PHY-1001 : ==== DR Iter 51 ====
PHY-1022 : len = 2.11052e+06, over cnt = 1(0%), over = 1, worst = 1, crit = 0
PHY-1001 : End DR Iter 51; 0.572335s wall, 0.156250s user + 0.000000s system = 0.156250s CPU (27.3%)

PHY-1001 : ==== DR Iter 52 ====
PHY-1022 : len = 2.11052e+06, over cnt = 1(0%), over = 1, worst = 1, crit = 0
PHY-1001 : End DR Iter 52; 0.569177s wall, 0.171875s user + 0.000000s system = 0.171875s CPU (30.2%)

PHY-1001 : ===== DR Iter 53 =====
PHY-1022 : len = 2.11052e+06, over cnt = 1(0%), over = 1, worst = 1, crit = 0
PHY-1001 : End DR Iter 53; 0.077734s wall, 0.015625s user + 0.000000s system = 0.015625s CPU (20.1%)

PHY-1001 : ==== DR Iter 54 ====
PHY-1022 : len = 2.11052e+06, over cnt = 1(0%), over = 1, worst = 1, crit = 0
PHY-1001 : End DR Iter 54; 0.084581s wall, 0.031250s user + 0.000000s system = 0.031250s CPU (36.9%)

PHY-1001 : ==== DR Iter 55 ====
PHY-1022 : len = 2.11052e+06, over cnt = 1(0%), over = 1, worst = 1, crit = 0
PHY-1001 : End DR Iter 55; 0.110517s wall, 0.046875s user + 0.000000s system = 0.046875s CPU (42.4%)

PHY-1001 : ==== DR Iter 56 ====
PHY-1022 : len = 2.11052e+06, over cnt = 1(0%), over = 1, worst = 1, crit = 0
PHY-1001 : End DR Iter 56; 0.122936s wall, 0.078125s user + 0.000000s system = 0.078125s CPU (63.5%)

PHY-1001 : ==== DR Iter 57 ====
PHY-1022 : len = 2.11052e+06, over cnt = 1(0%), over = 1, worst = 1, crit = 0
PHY-1001 : End DR Iter 57; 0.213512s wall, 0.015625s user + 0.000000s system = 0.015625s CPU (7.3%)

PHY-1001 : ==== DR Iter 58 ====
PHY-1022 : len = 2.11052e+06, over cnt = 1(0%), over = 1, worst = 1, crit = 0
PHY-1001 : End DR Iter 58; 0.216056s wall, 0.078125s user + 0.000000s system = 0.078125s CPU (36.2%)

PHY-1001 : ==== DR Iter 59 ====
PHY-1022 : len = 2.11052e+06, over cnt = 1(0%), over = 1, worst = 1, crit = 0
PHY-1001 : End DR Iter 59; 0.524519s wall, 0.125000s user + 0.000000s system = 0.125000s CPU (23.8%)

PHY-1001 : ==== DR Iter 60 ====
PHY-1022 : len = 2.11052e+06, over cnt = 1(0%), over = 1, worst = 1, crit = 0
PHY-1001 : End DR Iter 60; 0.582011s wall, 0.171875s user + 0.000000s system = 0.171875s CPU (29.5%)

PHY-1001 : ==== DR Iter 61 ====
PHY-1022 : len = 2.11052e+06, over cnt = 1(0%), over = 1, worst = 1, crit = 0
PHY-1001 : End DR Iter 61; 0.582497s wall, 0.203125s user + 0.015625s system = 0.218750s CPU (37.6%)

PHY-1001 : ==== DR Iter 62 ====
PHY-1022 : len = 2.11052e+06, over cnt = 1(0%), over = 1, worst = 1, crit = 0
PHY-1001 : End DR Iter 62; 0.578628s wall, 0.171875s user + 0.000000s system = 0.171875s CPU (29.7%)

PHY-1001 : ==== DR Iter 63 ====
PHY-1022 : len = 2.11052e+06, over cnt = 1(0%), over = 1, worst = 1, crit = 0
PHY-1001 : End DR Iter 63; 0.565055s wall, 0.156250s user + 0.000000s system = 0.156250s CPU (27.7%)

PHY-1001 : ===== DR Iter 64 =====
PHY-1022 : len = 2.11053e+06, over cnt = 1(0%), over = 1, worst = 1, crit = 0
PHY-1001 : End DR Iter 64; 0.077117s wall, 0.015625s user + 0.000000s system = 0.015625s CPU (20.3%)

PHY-1001 : ==== DR Iter 65 ====
PHY-1022 : len = 2.11052e+06, over cnt = 1(0%), over = 1, worst = 1, crit = 0
PHY-1001 : End DR Iter 65; 0.081880s wall, 0.031250s user + 0.000000s system = 0.031250s CPU (38.2%)

PHY-1001 : ==== DR Iter 66 ====
PHY-1022 : len = 2.11052e+06, over cnt = 1(0%), over = 1, worst = 1, crit = 0
PHY-1001 : End DR Iter 66; 0.105708s wall, 0.031250s user + 0.000000s system = 0.031250s CPU (29.6%)

PHY-1001 : ==== DR Iter 67 ====
PHY-1022 : len = 2.11052e+06, over cnt = 1(0%), over = 1, worst = 1, crit = 0
PHY-1001 : End DR Iter 67; 0.122347s wall, 0.000000s user + 0.000000s system = 0.000000s CPU (n/a%)

PHY-1001 : ==== DR Iter 68 ====
PHY-1022 : len = 2.11052e+06, over cnt = 1(0%), over = 1, worst = 1, crit = 0
PHY-1001 : End DR Iter 68; 0.187645s wall, 0.046875s user + 0.000000s system = 0.046875s CPU (25.0%)

PHY-1001 : ==== DR Iter 69 ====
PHY-1022 : len = 2.11052e+06, over cnt = 1(0%), over = 1, worst = 1, crit = 0
PHY-1001 : End DR Iter 69; 0.210838s wall, 0.031250s user + 0.015625s system = 0.046875s CPU (22.2%)

PHY-1001 : ==== DR Iter 70 ====
PHY-1022 : len = 2.11052e+06, over cnt = 1(0%), over = 1, worst = 1, crit = 0
PHY-1001 : End DR Iter 70; 0.486771s wall, 0.171875s user + 0.000000s system = 0.171875s CPU (35.3%)

PHY-1001 : ==== DR Iter 71 ====
PHY-1022 : len = 2.11052e+06, over cnt = 1(0%), over = 1, worst = 1, crit = 0
PHY-1001 : End DR Iter 71; 0.616760s wall, 0.125000s user + 0.000000s system = 0.125000s CPU (20.3%)

PHY-1001 : ==== DR Iter 72 ====
PHY-1022 : len = 2.11052e+06, over cnt = 1(0%), over = 1, worst = 1, crit = 0
PHY-1001 : End DR Iter 72; 0.590680s wall, 0.078125s user + 0.000000s system = 0.078125s CPU (13.2%)

PHY-1001 : ==== DR Iter 73 ====
PHY-1022 : len = 2.11052e+06, over cnt = 1(0%), over = 1, worst = 1, crit = 0
PHY-1001 : End DR Iter 73; 0.602890s wall, 0.203125s user + 0.000000s system = 0.203125s CPU (33.7%)

PHY-1001 : ==== DR Iter 74 ====
PHY-1022 : len = 2.11052e+06, over cnt = 1(0%), over = 1, worst = 1, crit = 0
PHY-1001 : End DR Iter 74; 0.570219s wall, 0.203125s user + 0.000000s system = 0.203125s CPU (35.6%)

PHY-1001 : ==== DR Iter 75 ====
PHY-1022 : len = 2.11052e+06, over cnt = 1(0%), over = 1, worst = 1, crit = 0
PHY-1001 : End DR Iter 75; 0.572980s wall, 0.203125s user + 0.000000s system = 0.203125s CPU (35.5%)

PHY-1001 : Current memory(MB): used = 786, reserve = 782, peak = 787.
PHY-1001 : End phase 3; 21.221109s wall, 7.000000s user + 0.062500s system = 7.062500s CPU (33.3%)

PHY-1003 : Routed, final wirelength = 2.11052e+06
PHY-1001 : 145 feed throughs used by 79 nets
PHY-1001 : Current memory(MB): used = 851, reserve = 849, peak = 851.
PHY-1001 : End export database. 1.192304s wall, 0.375000s user + 0.000000s system = 0.375000s CPU (31.5%)

PHY-1001 : Fixing routing violation through ECO...
RUN-1002 : start command "place -eco"
RUN-1001 : Open license file D:/Anlogic/TD_5.6.5_Release_119.222/license/Anlogic.lic
RUN-1001 : Print Global Property
RUN-1001 : ---------------------------------------------------------------
RUN-1001 :        Parameters        |  Settings  |  Default Values  |  Note  
RUN-1001 : ---------------------------------------------------------------
RUN-1001 :          message         |  standard  |     standard     |        
RUN-1001 :   mixed_pack_place_flow  |     on     |        on        |        
RUN-1001 :        qor_monitor       |    off     |       off        |        
RUN-1001 :        syn_ip_flow       |    off     |       off        |        
RUN-1001 :          thread          |    auto    |       auto       |        
RUN-1001 : ---------------------------------------------------------------
RUN-1001 : Print Place Property
RUN-1001 : --------------------------------------------------------------
RUN-1001 :        Parameters       |  Settings  |  Default Values  |  Note  
RUN-1001 : --------------------------------------------------------------
RUN-1001 :      detailed_place     |     on     |        on        |        
RUN-1001 :          effort         |   medium   |      medium      |        
RUN-1001 :         fix_hold        |    off     |       off        |        
RUN-1001 :       legalization      |    new     |       new        |        
RUN-1001 :      new_spreading      |     on     |        on        |        
RUN-1001 :        opt_timing       |   medium   |      medium      |        
RUN-1001 :   post_clock_route_opt  |    off     |       off        |        
RUN-1001 :       pr_strategy       |     1      |        1         |        
RUN-1001 :        relaxation       |    1.00    |       1.00       |        
RUN-1001 :         retiming        |    off     |       off        |        
RUN-1001 : --------------------------------------------------------------
PHY-3001 : Placer runs in 8 thread(s).
PHY-1001 : Populate physical database on model CortexM0_SoC.
RUN-1001 : There are total 3372 instances
RUN-1001 : 1622 mslices, 1621 lslices, 41 pads, 80 brams, 3 dsps
RUN-1001 : There are total 7575 nets
RUN-1001 : 3688 nets have 2 pins
RUN-1001 : 2819 nets have [3 - 5] pins
RUN-1001 : 552 nets have [6 - 10] pins
RUN-1001 : 274 nets have [11 - 20] pins
RUN-1001 : 234 nets have [21 - 99] pins
RUN-1001 : 8 nets have 100+ pins
RUN-1001 : Report Control nets information:
RUN-1001 : DFF Distribution
RUN-1001 : ----------------------------------
RUN-1001 :   CE   |  SSR  |  ASR  |  DFF Count  
RUN-1001 : ----------------------------------
RUN-1001 :   No   |  No   |  No   |      0      
RUN-1001 :   No   |  No   |  Yes  |      0      
RUN-1001 :   No   |  Yes  |  No   |      0      
RUN-1001 :   Yes  |  No   |  No   |      0      
RUN-1001 :   Yes  |  No   |  Yes  |      0      
RUN-1001 :   Yes  |  Yes  |  No   |      0      
RUN-1001 : ----------------------------------
RUN-0007 : Control Group Statistic
RUN-0007 : ---------------------------
RUN-0007 :   #CLK  |  #CE  |  #SSR/ASR  
RUN-0007 : ---------------------------
RUN-0007 :    4    |   1   |     1      
RUN-0007 : ---------------------------
RUN-0007 : Control Set = 0
PHY-3001 : Initial placement ...
PHY-3001 : eco special cells: 1 has valid locations, 0 needs to be replaced
PHY-3001 : eco pad cells: 41 has valid locations, 0 needs to be replaced
PHY-3001 : eco cells: (1 5 3) is for feedthrough
PHY-3001 : eco cells: (2 11 3) is for feedthrough
PHY-3001 : eco cells: (2 16 0) is for feedthrough
PHY-3001 : eco cells: (2 16 2) is for feedthrough
PHY-3001 : eco cells: (3 5 0) is for feedthrough
PHY-3001 : eco cells: (3 6 0) is for feedthrough
PHY-3001 : eco cells: (3 11 0) is for feedthrough
PHY-3001 : eco cells: (3 13 3) is for feedthrough
PHY-3001 : eco cells: (3 14 0) is for feedthrough
PHY-3001 : eco cells: (3 14 3) is for feedthrough
PHY-3001 : eco cells: (3 17 3) is for feedthrough
PHY-3001 : eco cells: (3 28 0) is for feedthrough
PHY-3001 : eco cells: (4 12 0) is for feedthrough
PHY-3001 : eco cells: (4 16 1) is for feedthrough
PHY-3001 : eco cells: (4 17 0) is for feedthrough
PHY-3001 : eco cells: (5 7 2) is for feedthrough
PHY-3001 : eco cells: (5 16 0) is for feedthrough
PHY-3001 : eco cells: (6 10 0) is for feedthrough
PHY-3001 : eco cells: (6 12 0) is for feedthrough
PHY-3001 : eco cells: (6 18 1) is for feedthrough
PHY-3001 : eco cells: (10 5 0) is for feedthrough
PHY-3001 : eco cells: (10 10 0) is for feedthrough
PHY-3001 : eco cells: (10 45 3) is for feedthrough
PHY-3001 : eco cells: (11 13 2) is for feedthrough
PHY-3001 : eco cells: (12 10 3) is for feedthrough
PHY-3001 : eco cells: (12 47 0) is for feedthrough
PHY-3001 : eco cells: (14 8 1) is for feedthrough
PHY-3001 : eco cells: (15 38 3) is for feedthrough
PHY-3001 : eco cells: (15 47 2) is for feedthrough
PHY-3001 : eco cells: (17 42 3) is for feedthrough
PHY-3001 : eco cells: (18 39 2) is for feedthrough
PHY-3001 : eco cells: (19 5 3) is for feedthrough
PHY-3001 : eco cells: (21 20 0) is for feedthrough
PHY-3001 : eco cells: (21 42 1) is for feedthrough
PHY-3001 : eco cells: (22 29 1) is for feedthrough
PHY-3001 : eco cells: (22 32 3) is for feedthrough
PHY-3001 : eco cells: (22 42 0) is for feedthrough
PHY-3001 : eco cells: (22 46 3) is for feedthrough
PHY-3001 : eco cells: (22 48 1) is for feedthrough
PHY-3001 : eco cells: (22 51 3) is for feedthrough
PHY-3001 : eco cells: (23 24 3) is for feedthrough
PHY-3001 : eco cells: (23 32 3) is for feedthrough
PHY-3001 : eco cells: (23 36 1) is for feedthrough
PHY-3001 : eco cells: (23 42 3) is for feedthrough
PHY-3001 : eco cells: (23 43 1) is for feedthrough
PHY-3001 : eco cells: (23 54 0) is for feedthrough
PHY-3001 : eco cells: (25 7 0) is for feedthrough
PHY-3001 : eco cells: (25 8 3) is for feedthrough
PHY-3001 : eco cells: (25 23 3) is for feedthrough
PHY-3001 : eco cells: (25 27 3) is for feedthrough
PHY-3001 : eco cells: (25 29 2) is for feedthrough
PHY-3001 : eco cells: (25 30 3) is for feedthrough
PHY-3001 : eco cells: (25 31 3) is for feedthrough
PHY-3001 : eco cells: (25 33 3) is for feedthrough
PHY-3001 : eco cells: (25 35 2) is for feedthrough
PHY-3001 : eco cells: (25 36 0) is for feedthrough
PHY-3001 : eco cells: (25 36 3) is for feedthrough
PHY-3001 : eco cells: (25 38 0) is for feedthrough
PHY-3001 : eco cells: (25 39 0) is for feedthrough
PHY-3001 : eco cells: (25 39 3) is for feedthrough
PHY-3001 : eco cells: (25 40 2) is for feedthrough
PHY-3001 : eco cells: (25 54 2) is for feedthrough
PHY-3001 : eco cells: (26 31 2) is for feedthrough
PHY-3001 : eco cells: (26 32 3) is for feedthrough
PHY-3001 : eco cells: (26 33 2) is for feedthrough
PHY-3001 : eco cells: (26 33 3) is for feedthrough
PHY-3001 : eco cells: (26 35 2) is for feedthrough
PHY-3001 : eco cells: (26 39 3) is for feedthrough
PHY-3001 : eco cells: (26 41 3) is for feedthrough
PHY-3001 : eco cells: (26 42 3) is for feedthrough
PHY-3001 : eco cells: (27 30 0) is for feedthrough
PHY-3001 : eco cells: (27 30 1) is for feedthrough
PHY-3001 : eco cells: (27 35 0) is for feedthrough
PHY-3001 : eco cells: (27 36 2) is for feedthrough
PHY-3001 : eco cells: (28 22 0) is for feedthrough
PHY-3001 : eco cells: (28 25 2) is for feedthrough
PHY-3001 : eco cells: (28 27 0) is for feedthrough
PHY-3001 : eco cells: (28 29 0) is for feedthrough
PHY-3001 : eco cells: (28 35 2) is for feedthrough
PHY-3001 : eco cells: (28 43 2) is for feedthrough
PHY-3001 : eco cells: (28 50 3) is for feedthrough
PHY-3001 : eco cells: (29 4 0) is for feedthrough
PHY-3001 : eco cells: (29 13 0) is for feedthrough
PHY-3001 : eco cells: (29 21 0) is for feedthrough
PHY-3001 : eco cells: (29 26 1) is for feedthrough
PHY-3001 : eco cells: (29 34 3) is for feedthrough
PHY-3001 : eco cells: (29 41 1) is for feedthrough
PHY-3001 : eco cells: (30 24 0) is for feedthrough
PHY-3001 : eco cells: (30 29 1) is for feedthrough
PHY-3001 : eco cells: (30 32 3) is for feedthrough
PHY-3001 : eco cells: (30 33 2) is for feedthrough
PHY-3001 : eco cells: (30 38 2) is for feedthrough
PHY-3001 : eco cells: (30 48 3) is for feedthrough
PHY-3001 : eco cells: (30 51 1) is for feedthrough
PHY-3001 : eco cells: (30 53 2) is for feedthrough
PHY-3001 : eco cells: (30 57 0) is for feedthrough
PHY-3001 : eco cells: (31 15 1) is for feedthrough
PHY-3001 : eco cells: (31 17 2) is for feedthrough
PHY-3001 : eco cells: (31 21 2) is for feedthrough
PHY-3001 : eco cells: (31 22 0) is for feedthrough
PHY-3001 : eco cells: (31 23 2) is for feedthrough
PHY-3001 : eco cells: (31 24 0) is for feedthrough
PHY-3001 : eco cells: (31 24 3) is for feedthrough
PHY-3001 : eco cells: (31 27 0) is for feedthrough
PHY-3001 : eco cells: (31 34 0) is for feedthrough
PHY-3001 : eco cells: (31 38 3) is for feedthrough
PHY-3001 : eco cells: (31 48 3) is for feedthrough
PHY-3001 : eco cells: (33 19 2) is for feedthrough
PHY-3001 : eco cells: (33 21 0) is for feedthrough
PHY-3001 : eco cells: (33 22 0) is for feedthrough
PHY-3001 : eco cells: (33 24 3) is for feedthrough
PHY-3001 : eco cells: (33 25 0) is for feedthrough
PHY-3001 : eco cells: (33 25 2) is for feedthrough
PHY-3001 : eco cells: (33 26 1) is for feedthrough
PHY-3001 : eco cells: (33 30 0) is for feedthrough
PHY-3001 : eco cells: (33 31 0) is for feedthrough
PHY-3001 : eco cells: (33 31 2) is for feedthrough
PHY-3001 : eco cells: (33 32 1) is for feedthrough
PHY-3001 : eco cells: (33 41 2) is for feedthrough
PHY-3001 : eco cells: (33 41 3) is for feedthrough
PHY-3001 : eco cells: (33 42 0) is for feedthrough
PHY-3001 : eco cells: (33 45 3) is for feedthrough
PHY-3001 : eco cells: (33 51 2) is for feedthrough
PHY-3001 : eco cells: (33 52 0) is for feedthrough
PHY-3001 : eco cells: (34 24 2) is for feedthrough
PHY-3001 : eco cells: (34 36 0) is for feedthrough
PHY-3001 : eco cells: (34 37 0) is for feedthrough
PHY-3001 : eco cells: (34 37 3) is for feedthrough
PHY-3001 : eco cells: (34 49 2) is for feedthrough
PHY-3001 : eco cells: (35 37 2) is for feedthrough
PHY-3001 : eco cells: (36 25 1) is for feedthrough
PHY-3001 : eco cells: (36 41 1) is for feedthrough
PHY-3001 : eco cells: (36 50 1) is for feedthrough
PHY-3001 : eco cells: (36 56 1) is for feedthrough
PHY-3001 : eco cells: (37 2 2) is for feedthrough
PHY-3001 : eco cells: (37 6 0) is for feedthrough
PHY-3001 : eco cells: (37 45 2) is for feedthrough
PHY-3001 : eco cells: (38 43 2) is for feedthrough
PHY-3001 : eco cells: 3326 has valid locations, 0 needs to be replaced
PHY-3001 : design contains 3370 instances, 3243 slices, 10 macros(85 instances: 51 mslices 34 lslices)
PHY-3001 : End placement; No cells to be placed.
RUN-1001 : Eco place succeeded
RUN-1002 : start command "route -eco"
RUN-1001 : Open license file D:/Anlogic/TD_5.6.5_Release_119.222/license/Anlogic.lic
RUN-1001 : Print Global Property
RUN-1001 : ---------------------------------------------------------------
RUN-1001 :        Parameters        |  Settings  |  Default Values  |  Note  
RUN-1001 : ---------------------------------------------------------------
RUN-1001 :          message         |  standard  |     standard     |        
RUN-1001 :   mixed_pack_place_flow  |     on     |        on        |        
RUN-1001 :        qor_monitor       |    off     |       off        |        
RUN-1001 :        syn_ip_flow       |    off     |       off        |        
RUN-1001 :          thread          |    auto    |       auto       |        
RUN-1001 : ---------------------------------------------------------------
RUN-1001 : Print Route Property
RUN-1001 : -------------------------------------------------------
RUN-1001 :    Parameters    |  Settings  |  Default Values  |  Note  
RUN-1001 : -------------------------------------------------------
RUN-1001 :      effort      |   medium   |      medium      |        
RUN-1001 :     fix_hold     |    off     |       off        |        
RUN-1001 :    opt_timing    |   medium   |      medium      |        
RUN-1001 :   phy_sim_model  |    off     |       off        |        
RUN-1001 :     priority     |   timing   |      timing      |        
RUN-1001 :     swap_pin     |     on     |        on        |        
RUN-1001 : -------------------------------------------------------
PHY-1001 : Route runs in 8 thread(s)
RUN-1001 : There are total 3372 instances
RUN-1001 : 1622 mslices, 1621 lslices, 41 pads, 80 brams, 3 dsps
RUN-1001 : There are total 7575 nets
RUN-1001 : 3688 nets have 2 pins
RUN-1001 : 2819 nets have [3 - 5] pins
RUN-1001 : 552 nets have [6 - 10] pins
RUN-1001 : 274 nets have [11 - 20] pins
RUN-1001 : 234 nets have [21 - 99] pins
RUN-1001 : 8 nets have 100+ pins
PHY-1001 : 1622 mslices, 1621 lslices, 41 pads, 80 brams, 3 dsps
TMR-2503 : Start to update net delay, extr mode = 3.
TMR-2504 : Update delay of 7573 nets completely.
TMR-2502 : Annotate delay completely, extr mode = 3.
TMR-3501 : Forward propagation: start to calculate arrival time...
TMR-3502 : Backward propagation: start to calculate required time...
TMR-3503 : Timing propagation completes.
PHY-1001 : Start detail routing ...
PHY-1001 : Current memory(MB): used = 803, reserve = 802, peak = 851.
PHY-1001 : Detailed router is running in eco mode.
PHY-1001 : Refresh detailed routing grids ...
PHY-1001 : Processed IO instance col[3]_syn_4 with INV attribute.
PHY-1001 : Processed IO instance col[2]_syn_4 with INV attribute.
PHY-1001 : Processed IO instance col[1]_syn_4 with INV attribute.
PHY-1001 : Processed IO instance col[0]_syn_4 with INV attribute.
PHY-1001 : Generate nets ...
PHY-1001 : clock net SWCLK_syn_4 will be merged with clock SWCLK_dup_1
PHY-1001 : net clk_dup_4 will be routed on clock mesh
PHY-1001 : clock net keyboard_Interface/u_keyboard_scan/scan_clk_syn_4 will be merged with clock keyboard_Interface/u_keyboard_scan/scan_clk
PHY-1001 : eco open net = 0
PHY-1001 : Current memory(MB): used = 836, reserve = 834, peak = 851.
PHY-1001 : End build detailed router design. 0.769636s wall, 0.218750s user + 0.000000s system = 0.218750s CPU (28.4%)

PHY-1001 : Detail Route ...
PHY-1001 : ===== Detail Route Phase 1 =====
PHY-1001 : Clock net routing.....
PHY-1001 : Routed 98% nets.
PHY-1022 : len = 2.11052e+06, over cnt = 1(0%), over = 1, worst = 1, crit = 0
PHY-1001 : End initial clock net routed; 0.009031s wall, 0.000000s user + 0.000000s system = 0.000000s CPU (n/a%)

PHY-1001 : Ripup-reroute.....
PHY-1001 : ===== DR Iter 1 =====
PHY-1022 : len = 2.11052e+06, over cnt = 1(0%), over = 1, worst = 1, crit = 0
PHY-1001 : End DR Iter 1; 0.013414s wall, 0.000000s user + 0.000000s system = 0.000000s CPU (n/a%)

PHY-1001 : ===== DR Iter 2 =====
PHY-1022 : len = 2.11052e+06, over cnt = 1(0%), over = 1, worst = 1, crit = 0
PHY-1001 : End DR Iter 2; 0.014478s wall, 0.015625s user + 0.000000s system = 0.015625s CPU (107.9%)

PHY-1001 : ===== DR Iter 3 =====
PHY-1022 : len = 2.11052e+06, over cnt = 1(0%), over = 1, worst = 1, crit = 0
PHY-1001 : End DR Iter 3; 0.015188s wall, 0.000000s user + 0.000000s system = 0.000000s CPU (n/a%)

PHY-1001 : ===== DR Iter 4 =====
PHY-1022 : len = 2.11052e+06, over cnt = 1(0%), over = 1, worst = 1, crit = 0
PHY-1001 : End DR Iter 4; 0.013660s wall, 0.000000s user + 0.000000s system = 0.000000s CPU (n/a%)

PHY-1001 : ===== DR Iter 5 =====
PHY-1022 : len = 2.11052e+06, over cnt = 1(0%), over = 1, worst = 1, crit = 0
PHY-1001 : End DR Iter 5; 0.013394s wall, 0.000000s user + 0.000000s system = 0.000000s CPU (n/a%)

PHY-1001 : Current memory(MB): used = 836, reserve = 834, peak = 851.
PHY-1001 : End phase 1; 0.098681s wall, 0.015625s user + 0.000000s system = 0.015625s CPU (15.8%)

PHY-1001 : ===== Detail Route Phase 2 =====
PHY-1001 : Initial routing.....
PHY-1022 : len = 2.11052e+06, over cnt = 1(0%), over = 1, worst = 1, crit = 0
PHY-1001 : Current memory(MB): used = 836, reserve = 835, peak = 851.
PHY-1001 : End initial routed; 0.064096s wall, 0.062500s user + 0.000000s system = 0.062500s CPU (97.5%)

PHY-1001 : Current memory(MB): used = 836, reserve = 835, peak = 851.
PHY-1001 : End phase 2; 0.064124s wall, 0.062500s user + 0.000000s system = 0.062500s CPU (97.5%)

PHY-1001 : ===== Detail Route Phase 3 =====
PHY-1001 : Ripup-reroute.....
PHY-1001 : ===== DR Iter 1 =====
PHY-1022 : len = 2.11052e+06, over cnt = 1(0%), over = 1, worst = 1, crit = 0
PHY-1001 : End DR Iter 1; 0.054175s wall, 0.000000s user + 0.000000s system = 0.000000s CPU (n/a%)

PHY-1001 : ===== DR Iter 2 =====
PHY-1022 : len = 2.11052e+06, over cnt = 1(0%), over = 1, worst = 1, crit = 0
PHY-1001 : End DR Iter 2; 0.055469s wall, 0.000000s user + 0.000000s system = 0.000000s CPU (n/a%)

PHY-1001 : ===== DR Iter 3 =====
PHY-1022 : len = 2.11052e+06, over cnt = 1(0%), over = 1, worst = 1, crit = 0
PHY-1001 : End DR Iter 3; 0.053293s wall, 0.015625s user + 0.000000s system = 0.015625s CPU (29.3%)

PHY-1001 : ===== DR Iter 4 =====
PHY-1022 : len = 2.11052e+06, over cnt = 1(0%), over = 1, worst = 1, crit = 0
PHY-1001 : End DR Iter 4; 0.055689s wall, 0.031250s user + 0.000000s system = 0.031250s CPU (56.1%)

PHY-1001 : ===== DR Iter 5 =====
PHY-1022 : len = 2.11052e+06, over cnt = 1(0%), over = 1, worst = 1, crit = 0
PHY-1001 : End DR Iter 5; 0.053929s wall, 0.015625s user + 0.000000s system = 0.015625s CPU (29.0%)

PHY-1001 : ===== DR Iter 6 =====
PHY-1022 : len = 2.11052e+06, over cnt = 1(0%), over = 1, worst = 1, crit = 0
PHY-1001 : End DR Iter 6; 0.054044s wall, 0.015625s user + 0.000000s system = 0.015625s CPU (28.9%)

PHY-1001 : ===== DR Iter 7 =====
PHY-1022 : len = 2.11052e+06, over cnt = 1(0%), over = 1, worst = 1, crit = 0
PHY-1001 : End DR Iter 7; 0.059395s wall, 0.015625s user + 0.000000s system = 0.015625s CPU (26.3%)

PHY-1001 : ==== DR Iter 8 ====
PHY-1022 : len = 2.11052e+06, over cnt = 1(0%), over = 1, worst = 1, crit = 0
PHY-1001 : End DR Iter 8; 0.055330s wall, 0.031250s user + 0.000000s system = 0.031250s CPU (56.5%)

PHY-1001 : ==== DR Iter 9 ====
PHY-1022 : len = 2.11052e+06, over cnt = 1(0%), over = 1, worst = 1, crit = 0
PHY-1001 : End DR Iter 9; 0.053703s wall, 0.000000s user + 0.000000s system = 0.000000s CPU (n/a%)

PHY-1001 : ==== DR Iter 10 ====
PHY-1022 : len = 2.11052e+06, over cnt = 1(0%), over = 1, worst = 1, crit = 0
PHY-1001 : End DR Iter 10; 0.055295s wall, 0.015625s user + 0.000000s system = 0.015625s CPU (28.3%)

PHY-1001 : ==== DR Iter 11 ====
PHY-1022 : len = 2.11052e+06, over cnt = 1(0%), over = 1, worst = 1, crit = 0
PHY-1001 : End DR Iter 11; 0.055429s wall, 0.015625s user + 0.000000s system = 0.015625s CPU (28.2%)

PHY-1001 : ===== DR Iter 12 =====
PHY-1022 : len = 2.11052e+06, over cnt = 1(0%), over = 1, worst = 1, crit = 0
PHY-1001 : End DR Iter 12; 0.056650s wall, 0.031250s user + 0.000000s system = 0.031250s CPU (55.2%)

PHY-1001 : ==== DR Iter 13 ====
PHY-1022 : len = 2.11052e+06, over cnt = 1(0%), over = 1, worst = 1, crit = 0
PHY-1001 : End DR Iter 13; 0.054979s wall, 0.015625s user + 0.000000s system = 0.015625s CPU (28.4%)

PHY-1001 : ==== DR Iter 14 ====
PHY-1022 : len = 2.11052e+06, over cnt = 1(0%), over = 1, worst = 1, crit = 0
PHY-1001 : End DR Iter 14; 0.054453s wall, 0.015625s user + 0.000000s system = 0.015625s CPU (28.7%)

PHY-1001 : ==== DR Iter 15 ====
PHY-1022 : len = 2.11052e+06, over cnt = 1(0%), over = 1, worst = 1, crit = 0
PHY-1001 : End DR Iter 15; 0.053394s wall, 0.000000s user + 0.000000s system = 0.000000s CPU (n/a%)

PHY-1001 : ==== DR Iter 16 ====
PHY-1022 : len = 2.11052e+06, over cnt = 1(0%), over = 1, worst = 1, crit = 0
PHY-1001 : End DR Iter 16; 0.053680s wall, 0.015625s user + 0.000000s system = 0.015625s CPU (29.1%)

PHY-1001 : ==== DR Iter 17 ====
PHY-1022 : len = 2.11052e+06, over cnt = 1(0%), over = 1, worst = 1, crit = 0
PHY-1001 : End DR Iter 17; 0.058572s wall, 0.031250s user + 0.000000s system = 0.031250s CPU (53.4%)

PHY-1001 : ===== DR Iter 18 =====
PHY-1022 : len = 2.11052e+06, over cnt = 1(0%), over = 1, worst = 1, crit = 0
PHY-1001 : End DR Iter 18; 0.057317s wall, 0.062500s user + 0.000000s system = 0.062500s CPU (109.0%)

PHY-1001 : ==== DR Iter 19 ====
PHY-1022 : len = 2.11052e+06, over cnt = 1(0%), over = 1, worst = 1, crit = 0
PHY-1001 : End DR Iter 19; 0.054283s wall, 0.031250s user + 0.000000s system = 0.031250s CPU (57.6%)

PHY-1001 : ==== DR Iter 20 ====
PHY-1022 : len = 2.11052e+06, over cnt = 1(0%), over = 1, worst = 1, crit = 0
PHY-1001 : End DR Iter 20; 0.054328s wall, 0.000000s user + 0.000000s system = 0.000000s CPU (n/a%)

PHY-1001 : ==== DR Iter 21 ====
PHY-1022 : len = 2.11052e+06, over cnt = 1(0%), over = 1, worst = 1, crit = 0
PHY-1001 : End DR Iter 21; 0.058248s wall, 0.015625s user + 0.000000s system = 0.015625s CPU (26.8%)

PHY-1001 : ==== DR Iter 22 ====
PHY-1022 : len = 2.11052e+06, over cnt = 1(0%), over = 1, worst = 1, crit = 0
PHY-1001 : End DR Iter 22; 0.054544s wall, 0.015625s user + 0.000000s system = 0.015625s CPU (28.6%)

PHY-1001 : ==== DR Iter 23 ====
PHY-1022 : len = 2.11052e+06, over cnt = 1(0%), over = 1, worst = 1, crit = 0
PHY-1001 : End DR Iter 23; 0.054920s wall, 0.046875s user + 0.000000s system = 0.046875s CPU (85.4%)

PHY-1001 : ==== DR Iter 24 ====
PHY-1022 : len = 2.11052e+06, over cnt = 1(0%), over = 1, worst = 1, crit = 0
PHY-1001 : End DR Iter 24; 0.054141s wall, 0.015625s user + 0.000000s system = 0.015625s CPU (28.9%)

PHY-1001 : ===== DR Iter 25 =====
PHY-1022 : len = 2.11052e+06, over cnt = 1(0%), over = 1, worst = 1, crit = 0
PHY-1001 : End DR Iter 25; 0.058493s wall, 0.015625s user + 0.000000s system = 0.015625s CPU (26.7%)

PHY-1001 : ==== DR Iter 26 ====
PHY-1022 : len = 2.11052e+06, over cnt = 1(0%), over = 1, worst = 1, crit = 0
PHY-1001 : End DR Iter 26; 0.056361s wall, 0.000000s user + 0.000000s system = 0.000000s CPU (n/a%)

PHY-1001 : ==== DR Iter 27 ====
PHY-1022 : len = 2.11052e+06, over cnt = 1(0%), over = 1, worst = 1, crit = 0
PHY-1001 : End DR Iter 27; 0.053983s wall, 0.015625s user + 0.000000s system = 0.015625s CPU (28.9%)

PHY-1001 : ==== DR Iter 28 ====
PHY-1022 : len = 2.11052e+06, over cnt = 1(0%), over = 1, worst = 1, crit = 0
PHY-1001 : End DR Iter 28; 0.054620s wall, 0.015625s user + 0.000000s system = 0.015625s CPU (28.6%)

PHY-1001 : ==== DR Iter 29 ====
PHY-1022 : len = 2.11052e+06, over cnt = 1(0%), over = 1, worst = 1, crit = 0
PHY-1001 : End DR Iter 29; 0.055034s wall, 0.000000s user + 0.000000s system = 0.000000s CPU (n/a%)

PHY-1001 : ==== DR Iter 30 ====
PHY-1022 : len = 2.11052e+06, over cnt = 1(0%), over = 1, worst = 1, crit = 0
PHY-1001 : End DR Iter 30; 0.053236s wall, 0.031250s user + 0.000000s system = 0.031250s CPU (58.7%)

PHY-1001 : ==== DR Iter 31 ====
PHY-1022 : len = 2.11052e+06, over cnt = 1(0%), over = 1, worst = 1, crit = 0
PHY-1001 : End DR Iter 31; 0.053060s wall, 0.015625s user + 0.000000s system = 0.015625s CPU (29.4%)

PHY-1001 : ==== DR Iter 32 ====
PHY-1022 : len = 2.11052e+06, over cnt = 1(0%), over = 1, worst = 1, crit = 0
PHY-1001 : End DR Iter 32; 0.053840s wall, 0.015625s user + 0.000000s system = 0.015625s CPU (29.0%)

PHY-1001 : ===== DR Iter 33 =====
PHY-1022 : len = 2.11052e+06, over cnt = 1(0%), over = 1, worst = 1, crit = 0
PHY-1001 : End DR Iter 33; 0.059885s wall, 0.015625s user + 0.000000s system = 0.015625s CPU (26.1%)

PHY-1001 : ==== DR Iter 34 ====
PHY-1022 : len = 2.11052e+06, over cnt = 1(0%), over = 1, worst = 1, crit = 0
PHY-1001 : End DR Iter 34; 0.054624s wall, 0.015625s user + 0.000000s system = 0.015625s CPU (28.6%)

PHY-1001 : ==== DR Iter 35 ====
PHY-1022 : len = 2.11052e+06, over cnt = 1(0%), over = 1, worst = 1, crit = 0
PHY-1001 : End DR Iter 35; 0.054329s wall, 0.015625s user + 0.000000s system = 0.015625s CPU (28.8%)

PHY-1001 : ==== DR Iter 36 ====
PHY-1022 : len = 2.11052e+06, over cnt = 1(0%), over = 1, worst = 1, crit = 0
PHY-1001 : End DR Iter 36; 0.058252s wall, 0.015625s user + 0.000000s system = 0.015625s CPU (26.8%)

PHY-1001 : ==== DR Iter 37 ====
PHY-1022 : len = 2.11052e+06, over cnt = 1(0%), over = 1, worst = 1, crit = 0
PHY-1001 : End DR Iter 37; 0.054770s wall, 0.015625s user + 0.000000s system = 0.015625s CPU (28.5%)

PHY-1001 : ==== DR Iter 38 ====
PHY-1022 : len = 2.11052e+06, over cnt = 1(0%), over = 1, worst = 1, crit = 0
PHY-1001 : End DR Iter 38; 0.053832s wall, 0.000000s user + 0.000000s system = 0.000000s CPU (n/a%)

PHY-1001 : ==== DR Iter 39 ====
PHY-1022 : len = 2.11052e+06, over cnt = 1(0%), over = 1, worst = 1, crit = 0
PHY-1001 : End DR Iter 39; 0.053140s wall, 0.031250s user + 0.000000s system = 0.031250s CPU (58.8%)

PHY-1001 : ==== DR Iter 40 ====
PHY-1022 : len = 2.11052e+06, over cnt = 1(0%), over = 1, worst = 1, crit = 0
PHY-1001 : End DR Iter 40; 0.055535s wall, 0.000000s user + 0.000000s system = 0.000000s CPU (n/a%)

PHY-1001 : ==== DR Iter 41 ====
PHY-1022 : len = 2.11052e+06, over cnt = 1(0%), over = 1, worst = 1, crit = 0
PHY-1001 : End DR Iter 41; 0.054418s wall, 0.046875s user + 0.000000s system = 0.046875s CPU (86.1%)

PHY-1001 : ===== DR Iter 42 =====
PHY-1022 : len = 2.11052e+06, over cnt = 1(0%), over = 1, worst = 1, crit = 0
PHY-1001 : End DR Iter 42; 0.057927s wall, 0.046875s user + 0.000000s system = 0.046875s CPU (80.9%)

PHY-1001 : ==== DR Iter 43 ====
PHY-1022 : len = 2.11052e+06, over cnt = 1(0%), over = 1, worst = 1, crit = 0
PHY-1001 : End DR Iter 43; 0.053308s wall, 0.046875s user + 0.000000s system = 0.046875s CPU (87.9%)

PHY-1001 : ==== DR Iter 44 ====
PHY-1022 : len = 2.11052e+06, over cnt = 1(0%), over = 1, worst = 1, crit = 0
PHY-1001 : End DR Iter 44; 0.054750s wall, 0.031250s user + 0.000000s system = 0.031250s CPU (57.1%)

PHY-1001 : ==== DR Iter 45 ====
PHY-1022 : len = 2.11052e+06, over cnt = 1(0%), over = 1, worst = 1, crit = 0
PHY-1001 : End DR Iter 45; 0.053345s wall, 0.031250s user + 0.000000s system = 0.031250s CPU (58.6%)

PHY-1001 : ==== DR Iter 46 ====
PHY-1022 : len = 2.11052e+06, over cnt = 1(0%), over = 1, worst = 1, crit = 0
PHY-1001 : End DR Iter 46; 0.055351s wall, 0.000000s user + 0.000000s system = 0.000000s CPU (n/a%)

PHY-1001 : ==== DR Iter 47 ====
PHY-1022 : len = 2.11052e+06, over cnt = 1(0%), over = 1, worst = 1, crit = 0
PHY-1001 : End DR Iter 47; 0.055059s wall, 0.031250s user + 0.000000s system = 0.031250s CPU (56.8%)

PHY-1001 : ==== DR Iter 48 ====
PHY-1022 : len = 2.11052e+06, over cnt = 1(0%), over = 1, worst = 1, crit = 0
PHY-1001 : End DR Iter 48; 0.053417s wall, 0.046875s user + 0.000000s system = 0.046875s CPU (87.8%)

PHY-1001 : ==== DR Iter 49 ====
PHY-1022 : len = 2.11052e+06, over cnt = 1(0%), over = 1, worst = 1, crit = 0
PHY-1001 : End DR Iter 49; 0.052458s wall, 0.031250s user + 0.000000s system = 0.031250s CPU (59.6%)

PHY-1001 : ==== DR Iter 50 ====
PHY-1022 : len = 2.11052e+06, over cnt = 1(0%), over = 1, worst = 1, crit = 0
PHY-1001 : End DR Iter 50; 0.053082s wall, 0.031250s user + 0.000000s system = 0.031250s CPU (58.9%)

PHY-1001 : ==== DR Iter 51 ====
PHY-1022 : len = 2.11052e+06, over cnt = 1(0%), over = 1, worst = 1, crit = 0
PHY-1001 : End DR Iter 51; 0.053312s wall, 0.000000s user + 0.000000s system = 0.000000s CPU (n/a%)

PHY-1001 : ===== DR Iter 52 =====
PHY-1022 : len = 2.11052e+06, over cnt = 1(0%), over = 1, worst = 1, crit = 0
PHY-1001 : End DR Iter 52; 0.059048s wall, 0.031250s user + 0.000000s system = 0.031250s CPU (52.9%)

PHY-1001 : ==== DR Iter 53 ====
PHY-1022 : len = 2.11052e+06, over cnt = 1(0%), over = 1, worst = 1, crit = 0
PHY-1001 : End DR Iter 53; 0.053889s wall, 0.015625s user + 0.000000s system = 0.015625s CPU (29.0%)

PHY-1001 : ==== DR Iter 54 ====
PHY-1022 : len = 2.11052e+06, over cnt = 1(0%), over = 1, worst = 1, crit = 0
PHY-1001 : End DR Iter 54; 0.053920s wall, 0.031250s user + 0.000000s system = 0.031250s CPU (58.0%)

PHY-1001 : ==== DR Iter 55 ====
PHY-1022 : len = 2.11052e+06, over cnt = 1(0%), over = 1, worst = 1, crit = 0
PHY-1001 : End DR Iter 55; 0.056465s wall, 0.000000s user + 0.000000s system = 0.000000s CPU (n/a%)

PHY-1001 : ==== DR Iter 56 ====
PHY-1022 : len = 2.11052e+06, over cnt = 1(0%), over = 1, worst = 1, crit = 0
PHY-1001 : End DR Iter 56; 0.053858s wall, 0.031250s user + 0.000000s system = 0.031250s CPU (58.0%)

PHY-1001 : ==== DR Iter 57 ====
PHY-1022 : len = 2.11052e+06, over cnt = 1(0%), over = 1, worst = 1, crit = 0
PHY-1001 : End DR Iter 57; 0.054201s wall, 0.015625s user + 0.000000s system = 0.015625s CPU (28.8%)

PHY-1001 : ==== DR Iter 58 ====
PHY-1022 : len = 2.11052e+06, over cnt = 1(0%), over = 1, worst = 1, crit = 0
PHY-1001 : End DR Iter 58; 0.054822s wall, 0.031250s user + 0.000000s system = 0.031250s CPU (57.0%)

PHY-1001 : ==== DR Iter 59 ====
PHY-1022 : len = 2.11052e+06, over cnt = 1(0%), over = 1, worst = 1, crit = 0
PHY-1001 : End DR Iter 59; 0.054398s wall, 0.031250s user + 0.000000s system = 0.031250s CPU (57.4%)

PHY-1001 : ==== DR Iter 60 ====
PHY-1022 : len = 2.11052e+06, over cnt = 1(0%), over = 1, worst = 1, crit = 0
PHY-1001 : End DR Iter 60; 0.052937s wall, 0.046875s user + 0.000000s system = 0.046875s CPU (88.5%)

PHY-1001 : ==== DR Iter 61 ====
PHY-1022 : len = 2.11052e+06, over cnt = 1(0%), over = 1, worst = 1, crit = 0
PHY-1001 : End DR Iter 61; 0.054463s wall, 0.031250s user + 0.000000s system = 0.031250s CPU (57.4%)

PHY-1001 : ==== DR Iter 62 ====
PHY-1022 : len = 2.11052e+06, over cnt = 1(0%), over = 1, worst = 1, crit = 0
PHY-1001 : End DR Iter 62; 0.053410s wall, 0.031250s user + 0.000000s system = 0.031250s CPU (58.5%)

PHY-1001 : ===== DR Iter 63 =====
PHY-1022 : len = 2.11052e+06, over cnt = 1(0%), over = 1, worst = 1, crit = 0
PHY-1001 : End DR Iter 63; 0.056962s wall, 0.015625s user + 0.000000s system = 0.015625s CPU (27.4%)

PHY-1001 : ==== DR Iter 64 ====
PHY-1022 : len = 2.11052e+06, over cnt = 1(0%), over = 1, worst = 1, crit = 0
PHY-1001 : End DR Iter 64; 0.054394s wall, 0.031250s user + 0.000000s system = 0.031250s CPU (57.5%)

PHY-1001 : ==== DR Iter 65 ====
PHY-1022 : len = 2.11052e+06, over cnt = 1(0%), over = 1, worst = 1, crit = 0
PHY-1001 : End DR Iter 65; 0.053104s wall, 0.015625s user + 0.000000s system = 0.015625s CPU (29.4%)

PHY-1001 : ==== DR Iter 66 ====
PHY-1022 : len = 2.11052e+06, over cnt = 1(0%), over = 1, worst = 1, crit = 0
PHY-1001 : End DR Iter 66; 0.055579s wall, 0.015625s user + 0.000000s system = 0.015625s CPU (28.1%)

PHY-1001 : ==== DR Iter 67 ====
PHY-1022 : len = 2.11052e+06, over cnt = 1(0%), over = 1, worst = 1, crit = 0
PHY-1001 : End DR Iter 67; 0.054681s wall, 0.015625s user + 0.000000s system = 0.015625s CPU (28.6%)

PHY-1001 : ==== DR Iter 68 ====
PHY-1022 : len = 2.11052e+06, over cnt = 1(0%), over = 1, worst = 1, crit = 0
PHY-1001 : End DR Iter 68; 0.055008s wall, 0.031250s user + 0.000000s system = 0.031250s CPU (56.8%)

PHY-1001 : ==== DR Iter 69 ====
PHY-1022 : len = 2.11052e+06, over cnt = 1(0%), over = 1, worst = 1, crit = 0
PHY-1001 : End DR Iter 69; 0.057069s wall, 0.031250s user + 0.000000s system = 0.031250s CPU (54.8%)

PHY-1001 : ==== DR Iter 70 ====
PHY-1022 : len = 2.11052e+06, over cnt = 1(0%), over = 1, worst = 1, crit = 0
PHY-1001 : End DR Iter 70; 0.055209s wall, 0.046875s user + 0.000000s system = 0.046875s CPU (84.9%)

PHY-1001 : ==== DR Iter 71 ====
PHY-1022 : len = 2.11052e+06, over cnt = 1(0%), over = 1, worst = 1, crit = 0
PHY-1001 : End DR Iter 71; 0.054288s wall, 0.015625s user + 0.000000s system = 0.015625s CPU (28.8%)

PHY-1001 : ==== DR Iter 72 ====
PHY-1022 : len = 2.11052e+06, over cnt = 1(0%), over = 1, worst = 1, crit = 0
PHY-1001 : End DR Iter 72; 0.054128s wall, 0.015625s user + 0.000000s system = 0.015625s CPU (28.9%)

PHY-1001 : ==== DR Iter 73 ====
PHY-1022 : len = 2.11052e+06, over cnt = 1(0%), over = 1, worst = 1, crit = 0
PHY-1001 : End DR Iter 73; 0.055029s wall, 0.031250s user + 0.000000s system = 0.031250s CPU (56.8%)

PHY-1001 : ==== DR Iter 74 ====
PHY-1022 : len = 2.11052e+06, over cnt = 1(0%), over = 1, worst = 1, crit = 0
PHY-1001 : End DR Iter 74; 0.057209s wall, 0.015625s user + 0.000000s system = 0.015625s CPU (27.3%)

PHY-1001 : Current memory(MB): used = 836, reserve = 835, peak = 851.
PHY-1001 : End phase 3; 4.179883s wall, 1.640625s user + 0.000000s system = 1.640625s CPU (39.3%)

PHY-1001 : 145 feed throughs used by 79 nets
PHY-1001 : Current memory(MB): used = 840, reserve = 838, peak = 851.
PHY-1001 : End export database. 1.228957s wall, 0.468750s user + 0.015625s system = 0.484375s CPU (39.4%)

PHY-1001 : Routing violations:
PHY-8023 ERROR: Location: (x5y9_w2beg3), nets: CortexM0/Kdkiu6_n CortexM0/Ztmiu6
PHY-1001 : End of Routing Violations.
RUN-1003 : finish command "route -eco" in  6.750509s wall, 2.484375s user + 0.015625s system = 2.500000s CPU (37.0%)

RUN-1004 : used memory is 840 MB, reserved memory is 838 MB, peak memory is 851 MB
RUN-8102 ERROR: Incremental route failed
PHY-1001 : Routing violations:
PHY-8023 ERROR: Location: (x5y9_w2beg3), nets: CortexM0/Kdkiu6_n CortexM0/Ztmiu6
PHY-1001 : End of Routing Violations.
RUN-1003 : finish command "route" in  67.178280s wall, 28.015625s user + 0.375000s system = 28.390625s CPU (42.3%)

RUN-1004 : used memory is 840 MB, reserved memory is 838 MB, peak memory is 851 MB
RUN-1002 : start command "backup_run_log run.log ../.logs/phy_1/td_20250309_184043.log"
