============================================================
   Tang Dynasty, V5.6.119222
      Copyright (c) 2012-2024 Anlogic Inc.
   Executable = D:/Anlogic/TD_5.6.5_Release_119.222/bin/td.exe
   Built at =   17:28:21 May 30 2024
   Run by =     admin
   Run Date =   Thu Feb 27 22:32:56 2025

   Run on =     GYT
============================================================
RUN-1002 : start command "open_project Cortex_M0.prj -phy"
RUN-1002 : start command "import_device eagle_s20.db -package EG4S20BG256"
ARC-1001 : Device Initialization.
ARC-1001 : ------------------------------------------------------------------
ARC-1001 :            OPTION            |          IO          |   SETTING   
ARC-1001 : ------------------------------------------------------------------
ARC-1001 :   cso_b/cclk/mosi/miso/dout  |  T3/R11/T10/P10/S11  |    gpio    
ARC-1001 :             done             |         P13          |    gpio    
ARC-1001 :           program_b          |          T2          |  dedicate  
ARC-1001 :        tdi/tms/tck/tdo       |   C12/A15/C14/E14    |  dedicate  
ARC-1001 : ------------------------------------------------------------------
ARC-1004 : Device setting, marked 5 dedicate IOs in total.
RUN-1002 : start command "import_db ../syn_1/Cortex_M0_gate.db"
RUN-1001 : Importing database generated by Tang Dynasty, V5.6.119222.
RUN-1001 : Database version number 46146.
RUN-1001 : Import flow parameters
RUN-1001 : Import IO constraints
RUN-1001 : Import Inst constraints
RUN-1001 : Import design success TD_VERSION=5.6.119222 , DB_VERSION=46146
RUN-1003 : finish command "import_db ../syn_1/Cortex_M0_gate.db" in  1.331882s wall, 0.281250s user + 0.046875s system = 0.328125s CPU (24.6%)

RUN-1004 : used memory is 274 MB, reserved memory is 260 MB, peak memory is 286 MB
RUN-1002 : start command "place"
RUN-1001 : Open license file D:/Anlogic/TD_5.6.5_Release_119.222/license/Anlogic.lic
RUN-1001 : Print Global Property
RUN-1001 : ---------------------------------------------------------------
RUN-1001 :        Parameters        |  Settings  |  Default Values  |  Note  
RUN-1001 : ---------------------------------------------------------------
RUN-1001 :          message         |  standard  |     standard     |        
RUN-1001 :   mixed_pack_place_flow  |     on     |        on        |        
RUN-1001 :        qor_monitor       |    off     |       off        |        
RUN-1001 :        syn_ip_flow       |    off     |       off        |        
RUN-1001 :          thread          |    auto    |       auto       |        
RUN-1001 : ---------------------------------------------------------------
RUN-1001 : Print Place Property
RUN-1001 : --------------------------------------------------------------
RUN-1001 :        Parameters       |  Settings  |  Default Values  |  Note  
RUN-1001 : --------------------------------------------------------------
RUN-1001 :      detailed_place     |     on     |        on        |        
RUN-1001 :          effort         |   medium   |      medium      |        
RUN-1001 :         fix_hold        |    off     |       off        |        
RUN-1001 :       legalization      |    new     |       new        |        
RUN-1001 :      new_spreading      |     on     |        on        |        
RUN-1001 :        opt_timing       |   medium   |      medium      |        
RUN-1001 :   post_clock_route_opt  |    off     |       off        |        
RUN-1001 :       pr_strategy       |     1      |        1         |        
RUN-1001 :        relaxation       |    1.00    |       1.00       |        
RUN-1001 :         retiming        |    off     |       off        |        
RUN-1001 : --------------------------------------------------------------
PHY-3001 : Placer runs in 8 thread(s).
RUN-1002 : start command "legalize_phy_inst"
SYN-1011 : Flatten model CortexM0_SoC
RUN-1002 : start command "phys_opt -simplify_lut"
SYN-4024 : Net "clk_dup_4" drives clk pins.
SYN-4024 : Net "SWCLK_dup_1" drives clk pins.
SYN-4024 : Net "keyboard_Interface/u_keyboard_scan/scan_clk" drives clk pins.
SYN-4025 : Tag rtl::Net SWCLK_dup_1 as clock net
SYN-4025 : Tag rtl::Net clk_dup_4 as clock net
SYN-4025 : Tag rtl::Net keyboard_Interface/u_keyboard_scan/scan_clk as clock net
SYN-4026 : Tagged 3 rtl::Net as clock net
SYN-4015 : Create BUFG instance for clk Net SWCLK_dup_1 to drive 107 clock pins.
SYN-4015 : Create BUFG instance for clk Net keyboard_Interface/u_keyboard_scan/scan_clk to drive 24 clock pins.
PHY-1001 : Populate physical database on model CortexM0_SoC.
RUN-1001 : There are total 8586 instances
RUN-0007 : 6164 luts, 2209 seqs, 51 mslices, 34 lslices, 40 pads, 80 brams, 3 dsps
RUN-1001 : There are total 8979 nets
RUN-1001 : 4778 nets have 2 pins
RUN-1001 : 3190 nets have [3 - 5] pins
RUN-1001 : 511 nets have [6 - 10] pins
RUN-1001 : 272 nets have [11 - 20] pins
RUN-1001 : 223 nets have [21 - 99] pins
RUN-1001 : 5 nets have 100+ pins
RUN-1001 : Report Control nets information:
RUN-1001 : DFF Distribution
RUN-1001 : ----------------------------------
RUN-1001 :   CE   |  SSR  |  ASR  |  DFF Count  
RUN-1001 : ----------------------------------
RUN-1001 :   No   |  No   |  No   |     249     
RUN-1001 :   No   |  No   |  Yes  |    1027     
RUN-1001 :   No   |  Yes  |  No   |     12      
RUN-1001 :   Yes  |  No   |  No   |     788     
RUN-1001 :   Yes  |  No   |  Yes  |     133     
RUN-1001 :   Yes  |  Yes  |  No   |      0      
RUN-1001 : ----------------------------------
RUN-0007 : Control Group Statistic
RUN-0007 : ---------------------------
RUN-0007 :   #CLK  |  #CE  |  #SSR/ASR  
RUN-0007 : ---------------------------
RUN-0007 :   254   |  39   |    506     
RUN-0007 : ---------------------------
RUN-0007 : Control Set = 798
PHY-3001 : Initial placement ...
PHY-3001 : design contains 8584 instances, 6164 luts, 2209 seqs, 85 slices, 10 macros(85 instances: 51 mslices 34 lslices)
PHY-0007 : Cell area utilization is 32%
PHY-3001 : Global placement ...
PHY-3001 : Initial: Len = 2.12505e+06
PHY-3001 : Clustering ...
PHY-3001 : Level 0 #clusters 8584.
PHY-3001 : Level 1 #clusters 965.
PHY-3001 : End clustering;  0.081067s wall, 0.031250s user + 0.000000s system = 0.031250s CPU (38.5%)

PHY-3001 : Run with size of 4
PHY-3001 : Cell area utilization is 32%
PHY-3001 : :::0::: Try harder cell spreading with beta_ = 0
PHY-3002 : Step(1): len = 586592, overlap = 354.25
PHY-3002 : Step(2): len = 502145, overlap = 400.125
PHY-3002 : Step(3): len = 340471, overlap = 529.438
PHY-3002 : Step(4): len = 276896, overlap = 600.469
PHY-3002 : Step(5): len = 217605, overlap = 674.438
PHY-3002 : Step(6): len = 182617, overlap = 722.031
PHY-3002 : Step(7): len = 144957, overlap = 761.469
PHY-3002 : Step(8): len = 122515, overlap = 783.469
PHY-3002 : Step(9): len = 103230, overlap = 800.75
PHY-3002 : Step(10): len = 89340.7, overlap = 828.344
PHY-3002 : Step(11): len = 76818.1, overlap = 850.812
PHY-3002 : Step(12): len = 64010, overlap = 876.469
PHY-3002 : Step(13): len = 56379.8, overlap = 895.625
PHY-3002 : Step(14): len = 48745.3, overlap = 900.781
PHY-3001 : :::1::: Try harder cell spreading with beta_ = 3.72333e-07
PHY-3002 : Step(15): len = 58355.6, overlap = 905.656
PHY-3002 : Step(16): len = 84554.3, overlap = 853.812
PHY-3002 : Step(17): len = 91656, overlap = 820.094
PHY-3002 : Step(18): len = 96872.4, overlap = 791.562
PHY-3002 : Step(19): len = 90090.3, overlap = 785.469
PHY-3002 : Step(20): len = 89964.6, overlap = 771.562
PHY-3002 : Step(21): len = 86013.1, overlap = 776.125
PHY-3002 : Step(22): len = 85311.3, overlap = 774.594
PHY-3002 : Step(23): len = 83420.9, overlap = 771.625
PHY-3002 : Step(24): len = 82911.9, overlap = 767.906
PHY-3002 : Step(25): len = 82203.9, overlap = 763.562
PHY-3002 : Step(26): len = 82289.3, overlap = 768.406
PHY-3002 : Step(27): len = 81842.9, overlap = 768.438
PHY-3002 : Step(28): len = 82349.2, overlap = 768.531
PHY-3002 : Step(29): len = 81956.1, overlap = 763.938
PHY-3002 : Step(30): len = 81383.7, overlap = 766.75
PHY-3002 : Step(31): len = 81102.5, overlap = 756.375
PHY-3002 : Step(32): len = 80595.1, overlap = 754
PHY-3001 : :::2::: Try harder cell spreading with beta_ = 7.44666e-07
PHY-3002 : Step(33): len = 96826, overlap = 711.812
PHY-3002 : Step(34): len = 105654, overlap = 671.156
PHY-3002 : Step(35): len = 109153, overlap = 652.594
PHY-3002 : Step(36): len = 109826, overlap = 639.594
PHY-3002 : Step(37): len = 107674, overlap = 632.625
PHY-3002 : Step(38): len = 106757, overlap = 635.312
PHY-3002 : Step(39): len = 104889, overlap = 640.188
PHY-3002 : Step(40): len = 104352, overlap = 647.5
PHY-3002 : Step(41): len = 103433, overlap = 658.156
PHY-3001 : :::3::: Try harder cell spreading with beta_ = 1.48933e-06
PHY-3002 : Step(42): len = 121810, overlap = 618.125
PHY-3002 : Step(43): len = 131234, overlap = 580.719
PHY-3002 : Step(44): len = 135401, overlap = 559.406
PHY-3002 : Step(45): len = 135430, overlap = 571.219
PHY-3002 : Step(46): len = 133233, overlap = 570.531
PHY-3002 : Step(47): len = 131335, overlap = 581.219
PHY-3002 : Step(48): len = 129831, overlap = 582.844
PHY-3001 : :::4::: Try harder cell spreading with beta_ = 2.97867e-06
PHY-3002 : Step(49): len = 147179, overlap = 576.75
PHY-3002 : Step(50): len = 153586, overlap = 546.938
PHY-3002 : Step(51): len = 156734, overlap = 532.906
PHY-3002 : Step(52): len = 156670, overlap = 528.5
PHY-3002 : Step(53): len = 155465, overlap = 521.375
PHY-3002 : Step(54): len = 154666, overlap = 531.531
PHY-3002 : Step(55): len = 153547, overlap = 551.031
PHY-3002 : Step(56): len = 153318, overlap = 543.125
PHY-3002 : Step(57): len = 153191, overlap = 536.156
PHY-3001 : :::5::: Try harder cell spreading with beta_ = 5.95733e-06
PHY-3002 : Step(58): len = 169313, overlap = 512.594
PHY-3002 : Step(59): len = 180730, overlap = 445.062
PHY-3002 : Step(60): len = 187962, overlap = 417.438
PHY-3002 : Step(61): len = 191267, overlap = 412.812
PHY-3002 : Step(62): len = 191876, overlap = 407.781
PHY-3002 : Step(63): len = 191606, overlap = 409.469
PHY-3002 : Step(64): len = 190099, overlap = 401.188
PHY-3002 : Step(65): len = 189774, overlap = 396.938
PHY-3002 : Step(66): len = 189598, overlap = 394.375
PHY-3001 : :::6::: Try harder cell spreading with beta_ = 1.19147e-05
PHY-3002 : Step(67): len = 209971, overlap = 382.406
PHY-3002 : Step(68): len = 232094, overlap = 317.625
PHY-3002 : Step(69): len = 242142, overlap = 300.688
PHY-3002 : Step(70): len = 244138, overlap = 287.562
PHY-3002 : Step(71): len = 240742, overlap = 288.312
PHY-3002 : Step(72): len = 237924, overlap = 289.625
PHY-3002 : Step(73): len = 234918, overlap = 313.094
PHY-3002 : Step(74): len = 234180, overlap = 309.812
PHY-3002 : Step(75): len = 233614, overlap = 310.375
PHY-3002 : Step(76): len = 233478, overlap = 310.656
PHY-3001 : :::7::: Try harder cell spreading with beta_ = 2.37485e-05
PHY-3002 : Step(77): len = 249768, overlap = 273.719
PHY-3002 : Step(78): len = 272261, overlap = 219.562
PHY-3002 : Step(79): len = 282017, overlap = 198.906
PHY-3002 : Step(80): len = 283575, overlap = 198.594
PHY-3002 : Step(81): len = 281621, overlap = 210.781
PHY-3002 : Step(82): len = 279929, overlap = 211.281
PHY-3002 : Step(83): len = 278988, overlap = 209.719
PHY-3001 : :::8::: Try harder cell spreading with beta_ = 4.74971e-05
PHY-3002 : Step(84): len = 290267, overlap = 203.75
PHY-3002 : Step(85): len = 309259, overlap = 183.438
PHY-3002 : Step(86): len = 316268, overlap = 179.719
PHY-3002 : Step(87): len = 317030, overlap = 180.688
PHY-3002 : Step(88): len = 315463, overlap = 178.531
PHY-3002 : Step(89): len = 314813, overlap = 180
PHY-3002 : Step(90): len = 315296, overlap = 176.281
PHY-3002 : Step(91): len = 315254, overlap = 172.656
PHY-3001 : :::9::: Try harder cell spreading with beta_ = 9.32434e-05
PHY-3002 : Step(92): len = 322342, overlap = 175.844
PHY-3002 : Step(93): len = 335986, overlap = 168.469
PHY-3002 : Step(94): len = 340198, overlap = 157.688
PHY-3002 : Step(95): len = 340276, overlap = 157
PHY-3002 : Step(96): len = 340487, overlap = 153.406
PHY-3002 : Step(97): len = 341999, overlap = 151.5
PHY-3001 : :::10::: Try harder cell spreading with beta_ = 0.000160886
PHY-3002 : Step(98): len = 346923, overlap = 150.812
PHY-3002 : Step(99): len = 356855, overlap = 153.812
PHY-3002 : Step(100): len = 360060, overlap = 150.938
PHY-3002 : Step(101): len = 360349, overlap = 150.625
PHY-3002 : Step(102): len = 360607, overlap = 157.5
PHY-3002 : Step(103): len = 361669, overlap = 157.125
PHY-3002 : Step(104): len = 362290, overlap = 158.062
PHY-3002 : Step(105): len = 361957, overlap = 157.125
PHY-3001 : :::11::: Try harder cell spreading with beta_ = 0.000275232
PHY-3002 : Step(106): len = 364947, overlap = 150.312
PHY-3002 : Step(107): len = 370420, overlap = 147.594
PHY-3002 : Step(108): len = 372408, overlap = 153.469
PHY-3002 : Step(109): len = 372744, overlap = 140.344
PHY-3001 : Before Legalized: Len = 375271
PHY-3001 : Legalization ...
PHY-3001 : End legalization;  0.011015s wall, 0.015625s user + 0.000000s system = 0.015625s CPU (141.8%)

PHY-3001 : After Legalized: Len = 409247, Over = 2.84375
PHY-3001 : Run with size of 4
PHY-3001 : Cell area utilization is 38%
PHY-3001 : Analyzing congestion ...
RUN-1001 : Generating global routing grids ...
RUN-1001 : Building simple global routing graph ...
PHY-1001 : Generate routing nets ...
PHY-1001 : Reuse net number 0/8979.
PHY-1001 : Global iterations in 8 thread ...
PHY-1002 : len = 539544, over cnt = 1159(3%), over = 6899, worst = 25
PHY-1001 : End global iterations;  0.394389s wall, 0.093750s user + 0.000000s system = 0.093750s CPU (23.8%)

PHY-1001 : Congestion index: top1 = 80.00, top5 = 60.51, top10 = 51.44, top15 = 45.62.
PHY-3001 : End congestion estimation;  0.496426s wall, 0.140625s user + 0.000000s system = 0.140625s CPU (28.3%)

PHY-3001 : Update density targets...
PHY-3001 : Update congestion history...
PHY-3001 : :::0::: Try harder cell spreading with beta_ = 7.72374e-05
PHY-3002 : Step(110): len = 431626, overlap = 1.8125
PHY-3002 : Step(111): len = 436943, overlap = 1.5625
PHY-3002 : Step(112): len = 422352, overlap = 0.25
PHY-3002 : Step(113): len = 408599, overlap = 0
PHY-3002 : Step(114): len = 400668, overlap = 0.5625
PHY-3002 : Step(115): len = 395444, overlap = 0.5625
PHY-3002 : Step(116): len = 391015, overlap = 0.9375
PHY-3002 : Step(117): len = 390194, overlap = 1.375
PHY-3002 : Step(118): len = 387012, overlap = 1.8125
PHY-3002 : Step(119): len = 385844, overlap = 2.1875
PHY-3002 : Step(120): len = 384789, overlap = 2.8125
PHY-3001 : :::1::: Try harder cell spreading with beta_ = 0.000154475
PHY-3002 : Step(121): len = 395084, overlap = 0.9375
PHY-3002 : Step(122): len = 400001, overlap = 1.125
PHY-3002 : Step(123): len = 405784, overlap = 3.03125
PHY-3002 : Step(124): len = 404233, overlap = 3.90625
PHY-3002 : Step(125): len = 402484, overlap = 2.375
PHY-3002 : Step(126): len = 401741, overlap = 3.375
PHY-3001 : :::2::: Try harder cell spreading with beta_ = 0.000277407
PHY-3002 : Step(127): len = 407518, overlap = 2.625
PHY-3002 : Step(128): len = 414153, overlap = 3.3125
PHY-3002 : Step(129): len = 416218, overlap = 3.4375
PHY-3002 : Step(130): len = 412435, overlap = 3.375
PHY-3002 : Step(131): len = 411917, overlap = 3.625
PHY-3002 : Step(132): len = 412062, overlap = 1.875
PHY-3002 : Step(133): len = 415044, overlap = 1.1875
PHY-3002 : Step(134): len = 418940, overlap = 0.375
PHY-3002 : Step(135): len = 422248, overlap = 0
PHY-3002 : Step(136): len = 423479, overlap = 0.125
PHY-3002 : Step(137): len = 425547, overlap = 0.875
PHY-3002 : Step(138): len = 427529, overlap = 0.5
PHY-3002 : Step(139): len = 423844, overlap = 0
PHY-3002 : Step(140): len = 422043, overlap = 0
PHY-3002 : Step(141): len = 422610, overlap = 0
PHY-3002 : Step(142): len = 421473, overlap = 0
PHY-3002 : Step(143): len = 421464, overlap = 0
PHY-3002 : Step(144): len = 421589, overlap = 0
PHY-3001 : Run with size of 2
PHY-3001 : Cell area utilization is 38%
PHY-3001 : Analyzing congestion ...
RUN-1001 : Generating global routing grids ...
PHY-1001 : Generate routing nets ...
PHY-1001 : Reuse net number 34/8979.
PHY-1001 : Global iterations in 8 thread ...
PHY-1002 : len = 550336, over cnt = 1444(4%), over = 5862, worst = 44
PHY-1001 : End global iterations;  0.481287s wall, 0.218750s user + 0.000000s system = 0.218750s CPU (45.5%)

PHY-1001 : Congestion index: top1 = 68.32, top5 = 52.59, top10 = 45.13, top15 = 40.75.
PHY-3001 : End congestion estimation;  0.591504s wall, 0.250000s user + 0.000000s system = 0.250000s CPU (42.3%)

PHY-3001 : Update density targets...
PHY-3001 : Update congestion history...
PHY-3001 : :::0::: Try harder cell spreading with beta_ = 0.000120128
PHY-3002 : Step(145): len = 418796, overlap = 14.4062
PHY-3002 : Step(146): len = 418827, overlap = 12.125
PHY-3002 : Step(147): len = 409191, overlap = 5.6875
PHY-3002 : Step(148): len = 406645, overlap = 6.28125
PHY-3002 : Step(149): len = 398062, overlap = 8.4375
PHY-3002 : Step(150): len = 395311, overlap = 10.1875
PHY-3002 : Step(151): len = 390667, overlap = 10.5938
PHY-3002 : Step(152): len = 386764, overlap = 12.7188
PHY-3002 : Step(153): len = 384963, overlap = 16.125
PHY-3002 : Step(154): len = 381435, overlap = 15.3438
PHY-3002 : Step(155): len = 380452, overlap = 14.125
PHY-3002 : Step(156): len = 379153, overlap = 13.125
PHY-3001 : :::1::: Try harder cell spreading with beta_ = 0.000240255
PHY-3002 : Step(157): len = 384874, overlap = 11.1875
PHY-3002 : Step(158): len = 388254, overlap = 10.375
PHY-3002 : Step(159): len = 394535, overlap = 10.2812
PHY-3002 : Step(160): len = 392695, overlap = 9.09375
PHY-3002 : Step(161): len = 392050, overlap = 10.1875
PHY-3002 : Step(162): len = 391162, overlap = 11.3438
PHY-3001 : :::2::: Try harder cell spreading with beta_ = 0.000425147
PHY-3002 : Step(163): len = 395060, overlap = 8.6875
PHY-3002 : Step(164): len = 396454, overlap = 8.03125
PHY-3002 : Step(165): len = 400154, overlap = 9.3125
OPT-1001 : Start physical optimization ...
OPT-1001 : Total overflow 137.72 peak overflow 1.94
OPT-1001 : Start high-fanout net optimization ...
OPT-1001 : Update timing in global mode
PHY-1001 : Start incremental global routing, caller is place ...
RUN-1001 : Generating global routing grids ...
PHY-1001 : Generate routing nets ...
PHY-1001 : Reuse net number 134/8979.
PHY-1001 : Global iterations in 8 thread ...
PHY-1002 : len = 537840, over cnt = 1541(4%), over = 5547, worst = 30
PHY-1001 : End global iterations;  0.519007s wall, 0.218750s user + 0.000000s system = 0.218750s CPU (42.1%)

PHY-1001 : Congestion index: top1 = 66.94, top5 = 51.06, top10 = 44.41, top15 = 40.47.
PHY-1001 : End incremental global routing;  0.632141s wall, 0.250000s user + 0.000000s system = 0.250000s CPU (39.5%)

RUN-1002 : start command "start_timer -report"
TMR-5001 WARNING: No sdc constraints found while initiating timer.
TMR-2505 : Start building timing graph for model CortexM0_SoC.
TMR-2506 : Build timing graph completely. Port num: 10, tpin num: 40724, tnet num: 8977, tinst num: 8584, tnode num: 47461, tedge num: 65455.
TMR-2508 : Levelizing timing graph completed, there are 53 levels in total.
TMR-2501 : Timing graph initialized successfully.
OPT-1001 : End timing update;  0.417512s wall, 0.062500s user + 0.000000s system = 0.062500s CPU (15.0%)

OPT-1001 : 0 high-fanout net processed.
OPT-1001 : End high-fanout net optimization;  1.190254s wall, 0.375000s user + 0.000000s system = 0.375000s CPU (31.5%)

OPT-1001 : Current memory(MB): used = 412, reserve = 401, peak = 412.
OPT-1001 : End physical optimization;  1.251296s wall, 0.406250s user + 0.000000s system = 0.406250s CPU (32.5%)

PHY-3001 : Start packing ...
SYN-4007 : Packing 0 MUX to BLE ...
SYN-4008 : Packed 0 MUX and 0 SEQ to BLE.
SYN-4007 : Packing 6164 LUT to BLE ...
SYN-4008 : Packed 6164 LUT and 874 SEQ to BLE.
SYN-4003 : Packing 1335 remaining SEQ's ...
SYN-4005 : Packed 1297 SEQ with LUT/SLICE
SYN-4006 : 3996 single LUT's are left
SYN-4006 : 38 single SEQ's are left
SYN-4011 : Packing model "CortexM0_SoC" (AL_USER_NORMAL) with 6202/6415 primitive instances ...
PHY-3001 : End packing;  0.418921s wall, 0.062500s user + 0.000000s system = 0.062500s CPU (14.9%)

PHY-1001 : Populate physical database on model CortexM0_SoC.
RUN-1001 : There are total 3816 instances
RUN-1001 : 1844 mslices, 1844 lslices, 40 pads, 80 brams, 3 dsps
RUN-1001 : There are total 8513 nets
RUN-1001 : 4047 nets have 2 pins
RUN-1001 : 3350 nets have [3 - 5] pins
RUN-1001 : 607 nets have [6 - 10] pins
RUN-1001 : 274 nets have [11 - 20] pins
RUN-1001 : 229 nets have [21 - 99] pins
RUN-1001 : 6 nets have 100+ pins
PHY-3001 : design contains 3814 instances, 3688 slices, 10 macros(85 instances: 51 mslices 34 lslices)
PHY-3001 : Cell area utilization is 44%
PHY-3001 : After packing: Len = 415798, Over = 52.5
PHY-3001 : Run with size of 2
PHY-3001 : Cell area utilization is 44%
PHY-3001 : Analyzing congestion ...
RUN-1001 : Generating global routing grids ...
PHY-1001 : Generate routing nets ...
PHY-1001 : Reuse net number 3828/8513.
PHY-1001 : Global iterations in 8 thread ...
PHY-1002 : len = 559736, over cnt = 1435(4%), over = 3704, worst = 17
PHY-1002 : len = 576632, over cnt = 902(2%), over = 1840, worst = 13
PHY-1002 : len = 588328, over cnt = 439(1%), over = 894, worst = 13
PHY-1002 : len = 595816, over cnt = 111(0%), over = 219, worst = 10
PHY-1002 : len = 598984, over cnt = 0(0%), over = 0, worst = 0
PHY-1001 : End global iterations;  0.985852s wall, 0.453125s user + 0.000000s system = 0.453125s CPU (46.0%)

PHY-1001 : Congestion index: top1 = 56.14, top5 = 46.12, top10 = 41.29, top15 = 38.31.
PHY-3001 : End congestion estimation;  1.141717s wall, 0.500000s user + 0.000000s system = 0.500000s CPU (43.8%)

PHY-3001 : Update density targets...
PHY-3001 : Update congestion history...
PHY-3001 : :::0::: Try harder cell spreading with beta_ = 2.91628e-05
PHY-3002 : Step(166): len = 403937, overlap = 50.75
PHY-3002 : Step(167): len = 393578, overlap = 65.5
PHY-3002 : Step(168): len = 385507, overlap = 76.25
PHY-3002 : Step(169): len = 382884, overlap = 83.25
PHY-3002 : Step(170): len = 381515, overlap = 80.75
PHY-3002 : Step(171): len = 379696, overlap = 77.5
PHY-3002 : Step(172): len = 376863, overlap = 80.75
PHY-3002 : Step(173): len = 374147, overlap = 85.25
PHY-3002 : Step(174): len = 373483, overlap = 81
PHY-3001 : :::1::: Try harder cell spreading with beta_ = 5.83257e-05
PHY-3002 : Step(175): len = 386561, overlap = 64
PHY-3002 : Step(176): len = 394372, overlap = 60.5
PHY-3002 : Step(177): len = 396195, overlap = 50.75
PHY-3002 : Step(178): len = 396449, overlap = 44.75
PHY-3002 : Step(179): len = 396639, overlap = 44.75
PHY-3001 : :::2::: Try harder cell spreading with beta_ = 0.000115875
PHY-3002 : Step(180): len = 406108, overlap = 38.5
PHY-3002 : Step(181): len = 412660, overlap = 29.25
PHY-3002 : Step(182): len = 418337, overlap = 23.25
PHY-3002 : Step(183): len = 416286, overlap = 21
PHY-3002 : Step(184): len = 415623, overlap = 19.75
PHY-3002 : Step(185): len = 416667, overlap = 20
PHY-3001 : :::3::: Try harder cell spreading with beta_ = 0.000211121
PHY-3002 : Step(186): len = 424177, overlap = 16.25
PHY-3002 : Step(187): len = 428429, overlap = 14.5
PHY-3002 : Step(188): len = 431532, overlap = 17.25
PHY-3002 : Step(189): len = 433648, overlap = 14.75
PHY-3002 : Step(190): len = 434227, overlap = 16
PHY-3002 : Step(191): len = 433711, overlap = 15
PHY-3002 : Step(192): len = 433438, overlap = 16.25
PHY-3001 : :::4::: Try harder cell spreading with beta_ = 0.000397619
PHY-3002 : Step(193): len = 437711, overlap = 13.25
PHY-3002 : Step(194): len = 440673, overlap = 14.25
PHY-3002 : Step(195): len = 441084, overlap = 13.5
PHY-3001 : Before Legalized: Len = 441084
PHY-3001 : Legalization ...
PHY-3001 : End legalization;  0.711553s wall, 0.109375s user + 0.140625s system = 0.250000s CPU (35.1%)

PHY-3001 : After Legalized: Len = 467245, Over = 0
PHY-3001 : Trial Legalized: Len = 467245
PHY-3001 : Run with size of 2
PHY-3001 : Cell area utilization is 44%
PHY-3001 : Analyzing congestion ...
RUN-1001 : Generating global routing grids ...
PHY-1001 : Generate routing nets ...
PHY-1001 : Reuse net number 138/8513.
PHY-1001 : Global iterations in 8 thread ...
PHY-1002 : len = 605488, over cnt = 1253(3%), over = 2325, worst = 11
PHY-1002 : len = 614416, over cnt = 668(1%), over = 1149, worst = 10
PHY-1002 : len = 622416, over cnt = 359(1%), over = 576, worst = 10
PHY-1002 : len = 628704, over cnt = 94(0%), over = 122, worst = 4
PHY-1002 : len = 630544, over cnt = 0(0%), over = 0, worst = 0
PHY-1001 : End global iterations;  1.040696s wall, 0.328125s user + 0.015625s system = 0.343750s CPU (33.0%)

PHY-1001 : Congestion index: top1 = 55.24, top5 = 44.66, top10 = 40.30, top15 = 37.60.
PHY-3001 : End congestion estimation;  1.207738s wall, 0.390625s user + 0.015625s system = 0.406250s CPU (33.6%)

PHY-3001 : Update density targets...
PHY-3001 : Update congestion history...
PHY-3001 : :::0::: Try harder cell spreading with beta_ = 8.67087e-05
PHY-3002 : Step(196): len = 435747, overlap = 9
PHY-3002 : Step(197): len = 425709, overlap = 16.75
PHY-3002 : Step(198): len = 421597, overlap = 21.5
PHY-3002 : Step(199): len = 418520, overlap = 29
PHY-3002 : Step(200): len = 417911, overlap = 31.75
PHY-3002 : Step(201): len = 416316, overlap = 32.25
PHY-3001 : :::1::: Try harder cell spreading with beta_ = 0.000173417
PHY-3002 : Step(202): len = 423658, overlap = 26.25
PHY-3002 : Step(203): len = 428480, overlap = 22.75
PHY-3002 : Step(204): len = 428304, overlap = 22
PHY-3001 : :::2::: Try harder cell spreading with beta_ = 0.000346835
PHY-3002 : Step(205): len = 432348, overlap = 17.5
PHY-3002 : Step(206): len = 437642, overlap = 16
PHY-3002 : Step(207): len = 441797, overlap = 16.25
PHY-3002 : Step(208): len = 438522, overlap = 17
PHY-3002 : Step(209): len = 437504, overlap = 17
PHY-3002 : Step(210): len = 437037, overlap = 16
PHY-3001 : Before Legalized: Len = 437037
PHY-3001 : Legalization ...
PHY-3001 : End legalization;  0.011685s wall, 0.000000s user + 0.000000s system = 0.000000s CPU (n/a%)

PHY-3001 : After Legalized: Len = 451567, Over = 0
PHY-3001 : Legalized: Len = 451567, Over = 0
PHY-3001 : Spreading special nets. 144 overflows in 2952 tiles.
PHY-3001 : End spreading;  0.024184s wall, 0.000000s user + 0.000000s system = 0.000000s CPU (n/a%)

PHY-3001 : 192 instances has been re-located, deltaX = 35, deltaY = 89, maxDist = 2.
PHY-3001 : Final: Len = 455553, Over = 0
OPT-1001 : Start physical optimization ...
OPT-1001 : Total overflow 0.00 peak overflow 0.00
OPT-1001 : Start high-fanout net optimization ...
OPT-1001 : Update timing in global mode
PHY-1001 : Start incremental global routing, caller is place ...
RUN-1001 : Generating global routing grids ...
PHY-1001 : Generate routing nets ...
PHY-1001 : Reuse net number 2665/8513.
PHY-1001 : Global iterations in 8 thread ...
PHY-1002 : len = 610520, over cnt = 1130(3%), over = 1870, worst = 7
PHY-1002 : len = 616560, over cnt = 647(1%), over = 992, worst = 7
PHY-1002 : len = 622088, over cnt = 385(1%), over = 549, worst = 5
PHY-1002 : len = 625648, over cnt = 174(0%), over = 256, worst = 5
PHY-1002 : len = 630080, over cnt = 0(0%), over = 0, worst = 0
PHY-1001 : End global iterations;  0.946997s wall, 0.406250s user + 0.000000s system = 0.406250s CPU (42.9%)

PHY-1001 : Congestion index: top1 = 50.73, top5 = 42.22, top10 = 38.48, top15 = 36.05.
PHY-1001 : End incremental global routing;  1.101915s wall, 0.500000s user + 0.000000s system = 0.500000s CPU (45.4%)

RUN-1002 : start command "start_timer -report"
TMR-5001 WARNING: No sdc constraints found while initiating timer.
TMR-2505 : Start building timing graph for model CortexM0_SoC.
TMR-2506 : Build timing graph completely. Port num: 10, tpin num: 40222, tnet num: 8511, tinst num: 3814, tnode num: 46325, tedge num: 67025.
TMR-2508 : Levelizing timing graph completed, there are 51 levels in total.
TMR-2501 : Timing graph initialized successfully.
OPT-1001 : End timing update;  0.633719s wall, 0.203125s user + 0.000000s system = 0.203125s CPU (32.1%)

OPT-1001 : 0 high-fanout net processed.
OPT-1001 : End high-fanout net optimization;  1.899379s wall, 0.750000s user + 0.000000s system = 0.750000s CPU (39.5%)

OPT-1001 : Current memory(MB): used = 443, reserve = 434, peak = 443.
OPT-1001 : Update timing in Manhattan mode
OPT-1001 : End timing update;  0.009418s wall, 0.000000s user + 0.000000s system = 0.000000s CPU (n/a%)

OPT-1001 : Start pin optimization...
OPT-1001 : skip pin optimization...
RUN-1001 : Generating global routing grids ...
PHY-1001 : Generate routing nets ...
PHY-1001 : Reuse net number 7841/8513.
PHY-1001 : Global iterations in 8 thread ...
PHY-1002 : len = 630080, over cnt = 0(0%), over = 0, worst = 0
PHY-1001 : End global iterations;  0.057427s wall, 0.015625s user + 0.000000s system = 0.015625s CPU (27.2%)

PHY-1001 : Congestion index: top1 = 50.73, top5 = 42.22, top10 = 38.48, top15 = 36.05.
OPT-1001 : Update timing in Manhattan mode
OPT-1001 : End timing update;  0.010619s wall, 0.015625s user + 0.000000s system = 0.015625s CPU (147.1%)

RUN-1001 : QoR Analysis:
OPT-0007 :   WNS 2147483647 TNS 0 NUM_FEPS 0
RUN-1001 :   No local congestion issue, and most congested 1% tile average routing util is 50.172414
RUN-1001 :   Top critical paths
OPT-1001 : End physical optimization;  2.173284s wall, 0.859375s user + 0.000000s system = 0.859375s CPU (39.5%)

RUN-1003 : finish command "place" in  11.631973s wall, 3.984375s user + 0.531250s system = 4.515625s CPU (38.8%)

RUN-1004 : used memory is 390 MB, reserved memory is 379 MB, peak memory is 450 MB
RUN-1002 : start command "export_db Cortex_M0_place.db"
RUN-1001 : Exported /
RUN-1001 : Exported flow parameters
RUN-1001 : Exported libs
RUN-1001 : Exported entities
RUN-1001 : Exported ports
RUN-1001 : Exported pins
RUN-1001 : Exported instances
RUN-1001 : Exported nets
RUN-1001 : Exported buses
RUN-1001 : Exported models
RUN-1001 : Exported congestions
RUN-1001 : Exported violations
RUN-1001 : Exported IO constraints
RUN-1001 : Exported Inst constraints
RUN-1003 : finish command "export_db Cortex_M0_place.db" in  1.294900s wall, 0.812500s user + 0.015625s system = 0.828125s CPU (64.0%)

RUN-1004 : used memory is 391 MB, reserved memory is 381 MB, peak memory is 524 MB
RUN-1002 : start command "route"
RUN-1001 : Open license file D:/Anlogic/TD_5.6.5_Release_119.222/license/Anlogic.lic
RUN-1001 : Print Global Property
RUN-1001 : ---------------------------------------------------------------
RUN-1001 :        Parameters        |  Settings  |  Default Values  |  Note  
RUN-1001 : ---------------------------------------------------------------
RUN-1001 :          message         |  standard  |     standard     |        
RUN-1001 :   mixed_pack_place_flow  |     on     |        on        |        
RUN-1001 :        qor_monitor       |    off     |       off        |        
RUN-1001 :        syn_ip_flow       |    off     |       off        |        
RUN-1001 :          thread          |    auto    |       auto       |        
RUN-1001 : ---------------------------------------------------------------
RUN-1001 : Print Route Property
RUN-1001 : -------------------------------------------------------
RUN-1001 :    Parameters    |  Settings  |  Default Values  |  Note  
RUN-1001 : -------------------------------------------------------
RUN-1001 :      effort      |   medium   |      medium      |        
RUN-1001 :     fix_hold     |    off     |       off        |        
RUN-1001 :    opt_timing    |   medium   |      medium      |        
RUN-1001 :   phy_sim_model  |    off     |       off        |        
RUN-1001 :     priority     |   timing   |      timing      |        
RUN-1001 :     swap_pin     |     on     |        on        |        
RUN-1001 : -------------------------------------------------------
PHY-1001 : Route runs in 8 thread(s)
RUN-1001 : There are total 3816 instances
RUN-1001 : 1844 mslices, 1844 lslices, 40 pads, 80 brams, 3 dsps
RUN-1001 : There are total 8513 nets
RUN-1001 : 4047 nets have 2 pins
RUN-1001 : 3350 nets have [3 - 5] pins
RUN-1001 : 607 nets have [6 - 10] pins
RUN-1001 : 274 nets have [11 - 20] pins
RUN-1001 : 229 nets have [21 - 99] pins
RUN-1001 : 6 nets have 100+ pins
RUN-1002 : start command "start_timer -report"
TMR-5001 WARNING: No sdc constraints found while initiating timer.
TMR-2505 : Start building timing graph for model CortexM0_SoC.
TMR-2506 : Build timing graph completely. Port num: 10, tpin num: 40222, tnet num: 8511, tinst num: 3814, tnode num: 46325, tedge num: 67025.
TMR-2508 : Levelizing timing graph completed, there are 51 levels in total.
TMR-2501 : Timing graph initialized successfully.
PHY-1001 : 1844 mslices, 1844 lslices, 40 pads, 80 brams, 3 dsps
TMR-2503 : Start to update net delay, extr mode = 3.
TMR-2504 : Update delay of 8511 nets completely.
TMR-2502 : Annotate delay completely, extr mode = 3.
TMR-3002 : No user constraint, initiate default constraint.
TMR-1501 : Assign derive clock DeriveClock to 4126 clock pins, and constraint 6101 relative nodes.
TMR-3003 : Constraints initiated successfully.
TMR-3501 : Forward propagation: start to calculate arrival time...
TMR-3502 : Backward propagation: start to calculate required time...
TMR-3503 : Timing propagation completes.
PHY-1001 : Start global routing, caller is route ...
RUN-1001 : Generating global routing grids ...
PHY-1001 : Generate routing nets ...
PHY-1001 : Global iterations in 8 thread ...
PHY-1002 : len = 592512, over cnt = 1227(3%), over = 2298, worst = 11
PHY-1002 : len = 601904, over cnt = 715(2%), over = 1206, worst = 11
PHY-1002 : len = 610976, over cnt = 324(0%), over = 527, worst = 11
PHY-1002 : len = 619856, over cnt = 0(0%), over = 0, worst = 0
PHY-1001 : End global iterations;  1.041043s wall, 0.703125s user + 0.000000s system = 0.703125s CPU (67.5%)

PHY-1001 : Congestion index: top1 = 50.84, top5 = 41.97, top10 = 37.93, top15 = 35.53.
PHY-1001 : End global routing;  1.198075s wall, 0.750000s user + 0.000000s system = 0.750000s CPU (62.6%)

PHY-1001 : Start detail routing ...
PHY-1001 : Current memory(MB): used = 494, reserve = 486, peak = 524.
PHY-1001 : Detailed router is running in normal mode.
PHY-1001 : Generate detailed routing grids ...
PHY-1001 : Processed IO instance col[3]_syn_4 with INV attribute.
PHY-1001 : Processed IO instance col[2]_syn_4 with INV attribute.
PHY-1001 : Processed IO instance col[1]_syn_4 with INV attribute.
PHY-1001 : Processed IO instance col[0]_syn_4 with INV attribute.
PHY-1001 : Generate nets ...
PHY-1001 : clock net SWCLK_syn_4 will be merged with clock SWCLK_dup_1
PHY-1001 : net clk_dup_4 will be routed on clock mesh
PHY-1001 : clock net keyboard_Interface/u_keyboard_scan/scan_clk_syn_4 will be merged with clock keyboard_Interface/u_keyboard_scan/scan_clk
PHY-1001 : Current memory(MB): used = 758, reserve = 753, peak = 758.
PHY-1001 : End build detailed router design. 2.964060s wall, 1.093750s user + 0.031250s system = 1.125000s CPU (38.0%)

PHY-1001 : Detail Route ...
PHY-1001 : ===== Detail Route Phase 1 =====
PHY-1001 : Clock net routing.....
PHY-1001 : Routed 0% nets.
PHY-1022 : len = 104176, over cnt = 0(0%), over = 0, worst = 0, crit = 0
PHY-1001 : End initial clock net routed; 0.481115s wall, 0.093750s user + 0.015625s system = 0.109375s CPU (22.7%)

PHY-1001 : Current memory(MB): used = 791, reserve = 787, peak = 791.
PHY-1001 : End phase 1; 0.485103s wall, 0.093750s user + 0.015625s system = 0.109375s CPU (22.5%)

PHY-1001 : ===== Detail Route Phase 2 =====
PHY-1001 : Initial routing.....
PHY-1001 : Routed 43% nets.
PHY-1001 : Routed 49% nets.
PHY-1001 : Routed 59% nets.
PHY-1001 : Routed 72% nets.
PHY-1001 : Routed 98% nets.
PHY-1022 : len = 2.11258e+06, over cnt = 648(0%), over = 651, worst = 2, crit = 0
PHY-1001 : Current memory(MB): used = 804, reserve = 800, peak = 804.
PHY-1001 : End initial routed; 28.278893s wall, 13.718750s user + 0.062500s system = 13.781250s CPU (48.7%)

PHY-1001 : Current memory(MB): used = 804, reserve = 800, peak = 804.
PHY-1001 : End phase 2; 28.278923s wall, 13.718750s user + 0.062500s system = 13.781250s CPU (48.7%)

PHY-1001 : ===== Detail Route Phase 3 =====
PHY-1001 : Ripup-reroute.....
PHY-1001 : ===== DR Iter 1 =====
PHY-1022 : len = 2.08581e+06, over cnt = 180(0%), over = 180, worst = 1, crit = 0
PHY-1001 : End DR Iter 1; 1.906327s wall, 0.875000s user + 0.000000s system = 0.875000s CPU (45.9%)

PHY-1001 : ===== DR Iter 2 =====
PHY-1022 : len = 2.07796e+06, over cnt = 52(0%), over = 52, worst = 1, crit = 0
PHY-1001 : End DR Iter 2; 0.560892s wall, 0.140625s user + 0.000000s system = 0.140625s CPU (25.1%)

PHY-1001 : ===== DR Iter 3 =====
PHY-1022 : len = 2.07658e+06, over cnt = 11(0%), over = 11, worst = 1, crit = 0
PHY-1001 : End DR Iter 3; 0.272430s wall, 0.078125s user + 0.000000s system = 0.078125s CPU (28.7%)

PHY-1001 : ===== DR Iter 4 =====
PHY-1022 : len = 2.07637e+06, over cnt = 0(0%), over = 0, worst = 0, crit = 0
PHY-1001 : End DR Iter 4; 0.094541s wall, 0.000000s user + 0.000000s system = 0.000000s CPU (n/a%)

PHY-1001 : Commit to database.....
PHY-1001 : 180 feed throughs used by 102 nets
PHY-1001 : End commit to database; 1.233495s wall, 0.281250s user + 0.000000s system = 0.281250s CPU (22.8%)

PHY-1001 : Current memory(MB): used = 871, reserve = 870, peak = 871.
PHY-1001 : End phase 3; 4.227429s wall, 1.437500s user + 0.015625s system = 1.453125s CPU (34.4%)

PHY-1003 : Routed, final wirelength = 2.07637e+06
PHY-1001 : Current memory(MB): used = 874, reserve = 873, peak = 874.
PHY-1001 : End export database. 0.024519s wall, 0.000000s user + 0.000000s system = 0.000000s CPU (n/a%)

PHY-1001 : End detail routing;  36.185908s wall, 16.375000s user + 0.125000s system = 16.500000s CPU (45.6%)

RUN-1003 : finish command "route" in  38.345269s wall, 17.390625s user + 0.125000s system = 17.515625s CPU (45.7%)

RUN-1004 : used memory is 782 MB, reserved memory is 782 MB, peak memory is 874 MB
RUN-1002 : start command "report_area -io_info -file Cortex_M0_phy.area"
RUN-1001 : standard
***Report Model: CortexM0_SoC Device: EG4S20BG256***

IO Statistics
#IO                        40
  #input                   15
  #output                  24
  #inout                    1

Utilization Statistics
#lut                     6702   out of  19600   34.19%
#reg                     2221   out of  19600   11.33%
#le                      6740
  #lut only              4519   out of   6740   67.05%
  #reg only                38   out of   6740    0.56%
  #lut&reg               2183   out of   6740   32.39%
#dsp                        3   out of     29   10.34%
#bram                      64   out of     64  100.00%
  #bram9k                  64
  #fifo9k                   0
#bram32k                   16   out of     16  100.00%
#pad                       40   out of    188   21.28%
  #ireg                     5
  #oreg                     4
  #treg                     0
#pll                        0   out of      4    0.00%
#gclk                       2   out of     16   12.50%

Clock Resource Statistics
Index     ClockNet                                       Type               DriverType         Driver                                                      Fanout
#1        clk_dup_4                                      GCLK               io                 clk_syn_5.di                                                1711
#2        SWCLK_dup_1                                    GCLK               io                 SWCLK_syn_2.di                                              83
#3        keyboard_Interface/u_keyboard_scan/scan_clk    GCLK               mslice             keyboard_Interface/u_keyboard_scan/scan_clk_reg_syn_9.q1    18


Detailed IO Report

     Name       Direction    Location    IOStandard    DriveStrength    PullType    PackReg  
     RSTn         INPUT         E3        LVTTL33           N/A          PULLUP      NONE    
    SW[7]         INPUT        A14        LVCMOS33          N/A          PULLUP      NONE    
    SW[6]         INPUT        A13        LVCMOS33          N/A          PULLUP      NONE    
    SW[5]         INPUT        B12        LVCMOS33          N/A          PULLUP      NONE    
    SW[4]         INPUT        A12        LVCMOS33          N/A          PULLUP      NONE    
    SW[3]         INPUT        A11        LVCMOS33          N/A          PULLUP      NONE    
    SW[2]         INPUT        B10        LVCMOS33          N/A          PULLUP      NONE    
    SW[1]         INPUT        A10        LVCMOS33          N/A          PULLUP      NONE    
    SW[0]         INPUT         A9        LVCMOS33          N/A          PULLUP      NONE    
    SWCLK         INPUT         K3        LVTTL33           N/A          PULLUP      NONE    
     clk          INPUT         R7        LVTTL33           N/A          PULLUP      NONE    
    col[3]        INPUT        F10        LVTTL33           N/A          PULLUP      IREG    
    col[2]        INPUT        C11        LVTTL33           N/A          PULLUP      IREG    
    col[1]        INPUT        D11        LVTTL33           N/A          PULLUP      IREG    
    col[0]        INPUT        E11        LVTTL33           N/A          PULLUP      IREG    
    LED[7]       OUTPUT        F16        LVCMOS33           8            NONE       NONE    
    LED[6]       OUTPUT        E16        LVCMOS33           8            NONE       NONE    
    LED[5]       OUTPUT        E13        LVCMOS33           8            NONE       NONE    
    LED[4]       OUTPUT        C16        LVCMOS33           8            NONE       NONE    
    LED[3]       OUTPUT        C15        LVCMOS33           8            NONE       NONE    
    LED[2]       OUTPUT        B16        LVCMOS33           8            NONE       NONE    
    LED[1]       OUTPUT        B15        LVCMOS33           8            NONE       NONE    
    LED[0]       OUTPUT        B14        LVCMOS33           8            NONE       NONE    
    row[3]       OUTPUT         D9        LVTTL33            8            NONE       OREG    
    row[2]       OUTPUT         F9        LVTTL33            8            NONE       OREG    
    row[1]       OUTPUT        C10        LVTTL33            8            NONE       OREG    
    row[0]       OUTPUT        E10        LVTTL33            8            NONE       OREG    
  seg_led[7]     OUTPUT         C8        LVCMOS33           8            NONE       NONE    
  seg_led[6]     OUTPUT         A8        LVCMOS33           8            NONE       NONE    
  seg_led[5]     OUTPUT         B5        LVCMOS33           8            NONE       NONE    
  seg_led[4]     OUTPUT         A7        LVCMOS33           8            NONE       NONE    
  seg_led[3]     OUTPUT         E8        LVCMOS33           8            NONE       NONE    
  seg_led[2]     OUTPUT         B8        LVCMOS33           8            NONE       NONE    
  seg_led[1]     OUTPUT         A6        LVCMOS33           8            NONE       NONE    
  seg_led[0]     OUTPUT         A4        LVCMOS33           8            NONE       NONE    
  seg_sel[3]     OUTPUT         C9        LVCMOS33           8            NONE       NONE    
  seg_sel[2]     OUTPUT         B6        LVCMOS33           8            NONE       NONE    
  seg_sel[1]     OUTPUT         A5        LVCMOS33           8            NONE       NONE    
  seg_sel[0]     OUTPUT         A3        LVCMOS33           8            NONE       NONE    
    SWDIO         INOUT         K6        LVTTL33            8           PULLUP      IREG    

Report Hierarchy Area:
+-------------------------------------------------------------------------------------------------+
|Instance              |Module               |le     |lut     |ripple  |seq     |bram    |dsp     |
+-------------------------------------------------------------------------------------------------+
|top                   |CortexM0_SoC         |6740   |6617    |85      |2230    |80      |3       |
|  CortexM0            |cortexm0ds_logic     |5515   |5447    |65      |1381    |0       |3       |
|  GPIO_Interface      |AHBlite_GPIO         |746    |746     |0       |564     |0       |0       |
|  Interconncet        |AHBlite_Interconnect |14     |14      |0       |7       |0       |0       |
|    Decoder           |AHBlite_Decoder      |8      |8       |0       |2       |0       |0       |
|    SlaveMUX          |AHBlite_SlaveMUX     |2      |2       |0       |2       |0       |0       |
|  RAMCODE_Interface   |AHBlite_Block_RAM    |18     |18      |0       |13      |16      |0       |
|    RAM               |Block_RAM            |2      |2       |0       |0       |16      |0       |
|  RAMDATA_Interface   |AHBlite_Block_RAM    |47     |47      |0       |19      |64      |0       |
|    RAM               |Block_RAM            |0      |0       |0       |0       |64      |0       |
|  SEG_Interface       |AHBlite_SEG          |131    |131     |0       |84      |0       |0       |
|    u_seg_led_decoder |seg_led_decoder      |6      |6       |0       |3       |0       |0       |
|  keyboard_Interface  |AHBlite_keyboard     |251    |196     |20      |148     |0       |0       |
|    u_key_filter      |key_filter           |95     |60      |11      |64      |0       |0       |
|    u_keyboard_scan   |keyboard_scan        |64     |44      |9       |47      |0       |0       |
|    u_onehot2bin1ry   |onehot2bin1ry        |20     |20      |0       |4       |0       |0       |
+-------------------------------------------------------------------------------------------------+


DataNet Average Fanout:

   Index     Fanout    Nets  
    #1         1       4006  
    #2         2       2024  
    #3         3       637   
    #4         4       439   
    #5        5-10     657   
    #6       11-50     397   
    #7       51-100     56   
    #8        >500      1    
  Average     3.57           

RUN-1002 : start command "export_db Cortex_M0_pr.db"
RUN-1001 : Exported /
RUN-1001 : Exported flow parameters
RUN-1001 : Exported libs
RUN-1001 : Exported entities
RUN-1001 : Exported ports
RUN-1001 : Exported pins
RUN-1001 : Exported instances
RUN-1001 : Exported nets
RUN-1001 : Exported buses
RUN-1001 : Exported models
RUN-1001 : Exported congestions
RUN-1001 : Exported violations
RUN-1001 : Exported IO constraints
RUN-1001 : Exported Inst constraints
RUN-1003 : finish command "export_db Cortex_M0_pr.db" in  1.582755s wall, 0.921875s user + 0.015625s system = 0.937500s CPU (59.2%)

RUN-1004 : used memory is 765 MB, reserved memory is 765 MB, peak memory is 874 MB
RUN-1002 : start command "export_bid Cortex_M0_inst.bid"
RUN-1002 : start command "bitgen -bit Cortex_M0.bit"
BIT-1003 : Start to generate bitstream. 
BIT-1002 : Init instances with 8 threads.
BIT-1002 : Init instances completely, inst num: 3814
BIT-1002 : Init pips with 8 threads.
BIT-1002 : Init pips completely, net num: 8513, pip num: 116702
BIT-1002 : Init feedthrough with 8 threads.
BIT-1002 : Init feedthrough completely, num: 180
BIT-1003 : Multithreading accelaration with 8 threads.
BIT-1003 : Generate bitstream completely, there are 3072 valid insts, and 304942 bits set as '1'.
BIT-1004 : the usercode register value: 00000000111101110000000000000000
BIT-1004 : PLL setting string = 0000
BIT-1004 : Generate bits file Cortex_M0.bit.
RUN-1003 : finish command "bitgen -bit Cortex_M0.bit" in  8.581276s wall, 48.203125s user + 0.140625s system = 48.343750s CPU (563.4%)

RUN-1004 : used memory is 787 MB, reserved memory is 792 MB, peak memory is 965 MB
RUN-1002 : start command "backup_run_log run.log ../.logs/phy_1/td_20250227_223256.log"
