============================================================
   Tang Dynasty, V5.6.119222
      Copyright (c) 2012-2024 Anlogic Inc.
   Executable = D:/Anlogic/TD_5.6.5_Release_119.222/bin/td.exe
   Built at =   17:28:21 May 30 2024
   Run by =     admin
   Run Date =   Sun Mar  9 18:45:33 2025

   Run on =     GYT
============================================================
RUN-1002 : start command "open_project Cortex_M0.prj"
RUN-1001 : Print Global Property
RUN-1001 : ---------------------------------------------------------------
RUN-1001 :        Parameters        |  Settings  |  Default Values  |  Note  
RUN-1001 : ---------------------------------------------------------------
RUN-1001 :          message         |  standard  |     standard     |        
RUN-1001 :   mixed_pack_place_flow  |     on     |        on        |        
RUN-1001 :        qor_monitor       |    off     |       off        |        
RUN-1001 :        syn_ip_flow       |    off     |       off        |        
RUN-1001 :          thread          |    auto    |       auto       |        
RUN-1001 : ---------------------------------------------------------------
RUN-1001 : Print Design Property
RUN-1001 : --------------------------------------------------------------
RUN-1001 :        Parameters       |  Settings  |  Default Values  |  Note  
RUN-1001 : --------------------------------------------------------------
RUN-1001 :   default_reg_initial   |    auto    |       auto       |        
RUN-1001 :        infer_add        |     on     |        on        |        
RUN-1001 :        infer_fsm        |    off     |       off        |        
RUN-1001 :        infer_mult       |     on     |        on        |        
RUN-1001 :        infer_ram        |     on     |        on        |        
RUN-1001 :        infer_reg        |     on     |        on        |        
RUN-1001 :   infer_reg_init_value  |     on     |        on        |        
RUN-1001 :        infer_rom        |     on     |        on        |        
RUN-1001 :      infer_shifter      |     on     |        on        |        
RUN-1001 : --------------------------------------------------------------
RUN-1001 : Print Rtl Property
RUN-1001 : --------------------------------------------------------------
RUN-1001 :        Parameters       |  Settings  |  Default Values  |  Note  
RUN-1001 : --------------------------------------------------------------
RUN-1001 :       compress_add      |   ripple   |      ripple      |        
RUN-1001 :        elf_sload        |    off     |       off        |        
RUN-1001 :       fix_undriven      |     0      |        0         |        
RUN-1001 :         flatten         |    off     |       off        |        
RUN-1001 :       gate_sharing      |     on     |        on        |        
RUN-1001 :    hdl_warning_level    |   normal   |      normal      |        
RUN-1001 :   impl_internal_tribuf  |     on     |        on        |        
RUN-1001 :      impl_set_reset     |     on     |        on        |        
RUN-1001 :        infer_gsr        |    off     |       off        |        
RUN-1001 :      keep_hierarchy     |    auto    |       auto       |        
RUN-1001 :        max_fanout       |    9999    |       9999       |        
RUN-1001 :      max_oh2bin_len     |     10     |        10        |        
RUN-1001 :       merge_equal       |     on     |        on        |        
RUN-1001 :       merge_equiv       |     on     |        on        |        
RUN-1001 :        merge_mux        |    off     |       off        |        
RUN-1001 :     min_control_set     |     8      |        8         |        
RUN-1001 :      min_ripple_len     |    auto    |       auto       |        
RUN-1001 :       oh2bin_ratio      |    0.08    |       0.08       |        
RUN-1001 :     opt_adder_fanout    |     on     |        on        |        
RUN-1001 :        opt_arith        |     on     |        on        |        
RUN-1001 :       opt_big_gate      |    off     |       off        |        
RUN-1001 :        opt_const        |     on     |        on        |        
RUN-1001 :      opt_const_mult     |     on     |        on        |        
RUN-1001 :       opt_lessthan      |     on     |        on        |        
RUN-1001 :         opt_mux         |    off     |       off        |        
RUN-1001 :         opt_ram         |    high    |       high       |        
RUN-1001 :      rtl_sim_model      |    off     |       off        |        
RUN-1001 :         seq_syn         |     on     |        on        |        
RUN-1001 : --------------------------------------------------------------
HDL-1007 : analyze verilog file ../../../rtl/AHBlite_Block_RAM.v
HDL-1007 : analyze verilog file ../../../rtl/AHBlite_Decoder.v
HDL-1007 : analyze verilog file ../../../rtl/AHBlite_Interconnect.v
HDL-1007 : analyze verilog file ../../../rtl/AHBlite_SlaveMUX.v
HDL-1007 : analyze verilog file ../../../rtl/Block_RAM.v
HDL-1007 : analyze verilog file ../../../rtl/CortexM0_SoC.v
HDL-1007 : analyze verilog file ../../../rtl/cortexm0ds_logic.v
HDL-1007 : analyze verilog file ../../../rtl/keyboard/key_filter.v
HDL-1007 : analyze verilog file ../../../rtl/keyboard/keyboard_scan.v
HDL-1007 : analyze verilog file ../../../rtl/SEG/AHBlite_SEG.v
HDL-1007 : analyze verilog file ../../../rtl/SEG/seg_led_decoder.v
HDL-1007 : analyze verilog file ../../../rtl/SEG/seg_sel_decoder.v
HDL-1007 : analyze verilog file ../../../rtl/keyboard/AHBlite_keyboard.v
HDL-1007 : analyze verilog file ../../../rtl/keyboard/onehot2bin1ry.v
HDL-1007 : analyze verilog file ../../../rtl/Buzzer/AHBlite_Buzzer.v
HDL-1007 : analyze verilog file ../../../rtl/Buzzer/beat.v
HDL-1007 : analyze verilog file ../../../rtl/Buzzer/tune.v
HDL-1007 : analyze verilog file ../../../rtl/GPIO/AHBlite_GPIO.v
HDL-1007 : analyze verilog file ../../../rtl/GPIO/IO.v
RUN-1001 : Project manager successfully analyzed 19 source files.
RUN-1002 : start command "import_device eagle_s20.db -package EG4S20BG256"
ARC-1001 : Device Initialization.
ARC-1001 : ------------------------------------------------------------------
ARC-1001 :            OPTION            |          IO          |   SETTING   
ARC-1001 : ------------------------------------------------------------------
ARC-1001 :   cso_b/cclk/mosi/miso/dout  |  T3/R11/T10/P10/S11  |    gpio    
ARC-1001 :             done             |         P13          |    gpio    
ARC-1001 :           program_b          |          T2          |  dedicate  
ARC-1001 :        tdi/tms/tck/tdo       |   C12/A15/C14/E14    |  dedicate  
ARC-1001 : ------------------------------------------------------------------
ARC-1004 : Device setting, marked 5 dedicate IOs in total.
RUN-1002 : start command "elaborate -top CortexM0_SoC"
RUN-1001 : Print Design Property
RUN-1001 : --------------------------------------------------------------
RUN-1001 :        Parameters       |  Settings  |  Default Values  |  Note  
RUN-1001 : --------------------------------------------------------------
RUN-1001 :   default_reg_initial   |    auto    |       auto       |        
RUN-1001 :        infer_add        |     on     |        on        |        
RUN-1001 :        infer_fsm        |    off     |       off        |        
RUN-1001 :        infer_mult       |     on     |        on        |        
RUN-1001 :        infer_ram        |     on     |        on        |        
RUN-1001 :        infer_reg        |     on     |        on        |        
RUN-1001 :   infer_reg_init_value  |     on     |        on        |        
RUN-1001 :        infer_rom        |     on     |        on        |        
RUN-1001 :      infer_shifter      |     on     |        on        |        
RUN-1001 : --------------------------------------------------------------
RUN-1001 : Print Rtl Property
RUN-1001 : --------------------------------------------------------------
RUN-1001 :        Parameters       |  Settings  |  Default Values  |  Note  
RUN-1001 : --------------------------------------------------------------
RUN-1001 :       compress_add      |   ripple   |      ripple      |        
RUN-1001 :        elf_sload        |    off     |       off        |        
RUN-1001 :       fix_undriven      |     0      |        0         |        
RUN-1001 :         flatten         |    off     |       off        |        
RUN-1001 :       gate_sharing      |     on     |        on        |        
RUN-1001 :    hdl_warning_level    |   normal   |      normal      |        
RUN-1001 :   impl_internal_tribuf  |     on     |        on        |        
RUN-1001 :      impl_set_reset     |     on     |        on        |        
RUN-1001 :        infer_gsr        |    off     |       off        |        
RUN-1001 :      keep_hierarchy     |    auto    |       auto       |        
RUN-1001 :        max_fanout       |    9999    |       9999       |        
RUN-1001 :      max_oh2bin_len     |     10     |        10        |        
RUN-1001 :       merge_equal       |     on     |        on        |        
RUN-1001 :       merge_equiv       |     on     |        on        |        
RUN-1001 :        merge_mux        |    off     |       off        |        
RUN-1001 :     min_control_set     |     8      |        8         |        
RUN-1001 :      min_ripple_len     |    auto    |       auto       |        
RUN-1001 :       oh2bin_ratio      |    0.08    |       0.08       |        
RUN-1001 :     opt_adder_fanout    |     on     |        on        |        
RUN-1001 :        opt_arith        |     on     |        on        |        
RUN-1001 :       opt_big_gate      |    off     |       off        |        
RUN-1001 :        opt_const        |     on     |        on        |        
RUN-1001 :      opt_const_mult     |     on     |        on        |        
RUN-1001 :       opt_lessthan      |     on     |        on        |        
RUN-1001 :         opt_mux         |    off     |       off        |        
RUN-1001 :         opt_ram         |    high    |       high       |        
RUN-1001 :      rtl_sim_model      |    off     |       off        |        
RUN-1001 :         seq_syn         |     on     |        on        |        
RUN-1001 : --------------------------------------------------------------
RUN-1001 : Print Global Property
RUN-1001 : ---------------------------------------------------------------
RUN-1001 :        Parameters        |  Settings  |  Default Values  |  Note  
RUN-1001 : ---------------------------------------------------------------
RUN-1001 :          message         |  standard  |     standard     |        
RUN-1001 :   mixed_pack_place_flow  |     on     |        on        |        
RUN-1001 :        qor_monitor       |    off     |       off        |        
RUN-1001 :        syn_ip_flow       |    off     |       off        |        
RUN-1001 :          thread          |    auto    |       auto       |        
RUN-1001 : ---------------------------------------------------------------
RUN-1001 : Print Design Property
RUN-1001 : --------------------------------------------------------------
RUN-1001 :        Parameters       |  Settings  |  Default Values  |  Note  
RUN-1001 : --------------------------------------------------------------
RUN-1001 :   default_reg_initial   |    auto    |       auto       |        
RUN-1001 :        infer_add        |     on     |        on        |        
RUN-1001 :        infer_fsm        |    off     |       off        |        
RUN-1001 :        infer_mult       |     on     |        on        |        
RUN-1001 :        infer_ram        |     on     |        on        |        
RUN-1001 :        infer_reg        |     on     |        on        |        
RUN-1001 :   infer_reg_init_value  |     on     |        on        |        
RUN-1001 :        infer_rom        |     on     |        on        |        
RUN-1001 :      infer_shifter      |     on     |        on        |        
RUN-1001 : --------------------------------------------------------------
HDL-1007 : port 'CODENSEQ' remains unconnected for this instance in ../../../rtl/CortexM0_SoC.v(86)
HDL-1007 : port 'CODEHINTDE' remains unconnected for this instance in ../../../rtl/CortexM0_SoC.v(86)
HDL-1007 : port 'SPECHTRANS' remains unconnected for this instance in ../../../rtl/CortexM0_SoC.v(86)
HDL-1007 : port 'TDO' remains unconnected for this instance in ../../../rtl/CortexM0_SoC.v(86)
HDL-1007 : port 'nTDOEN' remains unconnected for this instance in ../../../rtl/CortexM0_SoC.v(86)
HDL-1007 : port 'DBGRESTARTED' remains unconnected for this instance in ../../../rtl/CortexM0_SoC.v(86)
HDL-1007 : port 'HALTED' remains unconnected for this instance in ../../../rtl/CortexM0_SoC.v(86)
HDL-1007 : port 'TXEV' remains unconnected for this instance in ../../../rtl/CortexM0_SoC.v(86)
HDL-1007 : port 'LOCKUP' remains unconnected for this instance in ../../../rtl/CortexM0_SoC.v(86)
HDL-1007 : port 'GATEHCLK' remains unconnected for this instance in ../../../rtl/CortexM0_SoC.v(86)
HDL-1007 : port 'SLEEPING' remains unconnected for this instance in ../../../rtl/CortexM0_SoC.v(86)
HDL-1007 : port 'SLEEPDEEP' remains unconnected for this instance in ../../../rtl/CortexM0_SoC.v(86)
HDL-1007 : port 'WAKEUP' remains unconnected for this instance in ../../../rtl/CortexM0_SoC.v(86)
HDL-1007 : port 'WICSENSE' remains unconnected for this instance in ../../../rtl/CortexM0_SoC.v(86)
HDL-1007 : port 'SLEEPHOLDACKn' remains unconnected for this instance in ../../../rtl/CortexM0_SoC.v(86)
HDL-1007 : port 'WICENACK' remains unconnected for this instance in ../../../rtl/CortexM0_SoC.v(86)
HDL-1007 : port 'vis_r0_o' remains unconnected for this instance in ../../../rtl/CortexM0_SoC.v(86)
HDL-1007 : port 'vis_r1_o' remains unconnected for this instance in ../../../rtl/CortexM0_SoC.v(86)
HDL-1007 : port 'vis_r2_o' remains unconnected for this instance in ../../../rtl/CortexM0_SoC.v(86)
HDL-1007 : port 'vis_r3_o' remains unconnected for this instance in ../../../rtl/CortexM0_SoC.v(86)
HDL-1007 : port 'vis_r4_o' remains unconnected for this instance in ../../../rtl/CortexM0_SoC.v(86)
HDL-1007 : port 'vis_r5_o' remains unconnected for this instance in ../../../rtl/CortexM0_SoC.v(86)
HDL-1007 : port 'vis_r6_o' remains unconnected for this instance in ../../../rtl/CortexM0_SoC.v(86)
HDL-1007 : port 'vis_r7_o' remains unconnected for this instance in ../../../rtl/CortexM0_SoC.v(86)
HDL-1007 : port 'vis_r8_o' remains unconnected for this instance in ../../../rtl/CortexM0_SoC.v(86)
HDL-1007 : port 'vis_r9_o' remains unconnected for this instance in ../../../rtl/CortexM0_SoC.v(86)
HDL-1007 : port 'vis_r10_o' remains unconnected for this instance in ../../../rtl/CortexM0_SoC.v(86)
HDL-1007 : port 'vis_r11_o' remains unconnected for this instance in ../../../rtl/CortexM0_SoC.v(86)
HDL-1007 : port 'vis_r12_o' remains unconnected for this instance in ../../../rtl/CortexM0_SoC.v(86)
HDL-1007 : port 'vis_r14_o' remains unconnected for this instance in ../../../rtl/CortexM0_SoC.v(86)
HDL-1007 : port 'vis_msp_o' remains unconnected for this instance in ../../../rtl/CortexM0_SoC.v(86)
HDL-1007 : port 'vis_psp_o' remains unconnected for this instance in ../../../rtl/CortexM0_SoC.v(86)
HDL-1007 : port 'vis_pc_o' remains unconnected for this instance in ../../../rtl/CortexM0_SoC.v(86)
HDL-1007 : port 'vis_apsr_o' remains unconnected for this instance in ../../../rtl/CortexM0_SoC.v(86)
HDL-1007 : port 'vis_tbit_o' remains unconnected for this instance in ../../../rtl/CortexM0_SoC.v(86)
HDL-1007 : port 'vis_ipsr_o' remains unconnected for this instance in ../../../rtl/CortexM0_SoC.v(86)
HDL-1007 : port 'vis_control_o' remains unconnected for this instance in ../../../rtl/CortexM0_SoC.v(86)
HDL-1007 : port 'vis_primask_o' remains unconnected for this instance in ../../../rtl/CortexM0_SoC.v(86)
HDL-1007 : elaborate module CortexM0_SoC in ../../../rtl/CortexM0_SoC.v(2)
HDL-1007 : elaborate module cortexm0ds_logic in ../../../rtl/cortexm0ds_logic.v(27)
HDL-1007 : elaborate module AHBlite_Interconnect in ../../../rtl/AHBlite_Interconnect.v(1)
HDL-1007 : elaborate module AHBlite_Decoder in ../../../rtl/AHBlite_Decoder.v(1)
HDL-1007 : elaborate module AHBlite_SlaveMUX in ../../../rtl/AHBlite_SlaveMUX.v(1)
HDL-1007 : elaborate module AHBlite_Block_RAM in ../../../rtl/AHBlite_Block_RAM.v(1)
HDL-1007 : elaborate module Block_RAM in ../../../rtl/Block_RAM.v(1)
HDL-1007 : extracting RAM for identifier 'mem' in ../../../rtl/Block_RAM.v(12)
HDL-1007 : port 'ID' remains unconnected for this instance in ../../../rtl/GPIO/AHBlite_GPIO.v(127)
HDL-1007 : elaborate module AHBlite_GPIO in ../../../rtl/GPIO/AHBlite_GPIO.v(1)
HDL-1007 : elaborate module PAD_DIG_IO in ../../../rtl/GPIO/IO.v(1)
HDL-1007 : elaborate module AHBlite_keyboard in ../../../rtl/keyboard/AHBlite_keyboard.v(1)
HDL-1007 : elaborate module keyboard_scan in ../../../rtl/keyboard/keyboard_scan.v(2)
HDL-1007 : elaborate module key_filter in ../../../rtl/keyboard/key_filter.v(2)
HDL-1007 : elaborate module onehot2bin1ry in ../../../rtl/keyboard/onehot2bin1ry.v(2)
HDL-1007 : elaborate module AHBlite_SEG in ../../../rtl/SEG/AHBlite_SEG.v(1)
HDL-1007 : elaborate module seg_sel_decoder in ../../../rtl/SEG/seg_sel_decoder.v(2)
HDL-1007 : elaborate module seg_led_decoder in ../../../rtl/SEG/seg_led_decoder.v(2)
HDL-1200 : Current top model is CortexM0_SoC
HDL-1100 : Inferred 1 RAMs.
RUN-1003 : finish command "elaborate -top CortexM0_SoC" in  2.152951s wall, 0.718750s user + 0.031250s system = 0.750000s CPU (34.8%)

RUN-1004 : used memory is 267 MB, reserved memory is 250 MB, peak memory is 770 MB
RUN-1002 : start command "read_adc ../../../const/CortexM0_SoC.adc"
RUN-1002 : start command "set_pin_assignment  RSTn   LOCATION = E3; IOSTANDARD = LVTTL33; "
RUN-1002 : start command "set_pin_assignment  SWCLK   LOCATION = K3; IOSTANDARD = LVTTL33; "
RUN-1002 : start command "set_pin_assignment  SWDIO   LOCATION = K6; IOSTANDARD = LVTTL33; "
RUN-1002 : start command "set_pin_assignment  clk   LOCATION = R7; IOSTANDARD = LVTTL33; "
RUN-1002 : start command "set_pin_assignment  col[0]   LOCATION = E11; IOSTANDARD = LVTTL33; "
RUN-1002 : start command "set_pin_assignment  col[1]   LOCATION = D11; IOSTANDARD = LVTTL33; "
RUN-1002 : start command "set_pin_assignment  col[2]   LOCATION = C11; IOSTANDARD = LVTTL33; "
RUN-1002 : start command "set_pin_assignment  col[3]   LOCATION = F10; IOSTANDARD = LVTTL33; "
RUN-1002 : start command "set_pin_assignment  row[0]   LOCATION = E10; IOSTANDARD = LVTTL33; "
RUN-1002 : start command "set_pin_assignment  row[1]   LOCATION = C10; IOSTANDARD = LVTTL33; "
RUN-1002 : start command "set_pin_assignment  row[2]   LOCATION = F9; IOSTANDARD = LVTTL33; "
RUN-1002 : start command "set_pin_assignment  row[3]   LOCATION = D9; IOSTANDARD = LVTTL33; "
RUN-1002 : start command "set_pin_assignment  LED[0]   LOCATION = B14; IOSTANDARD = LVCMOS33; "
RUN-1002 : start command "set_pin_assignment  LED[1]   LOCATION = B15; IOSTANDARD = LVCMOS33; "
RUN-1002 : start command "set_pin_assignment  LED[2]   LOCATION = B16; IOSTANDARD = LVCMOS33; "
RUN-1002 : start command "set_pin_assignment  LED[3]   LOCATION = C15; IOSTANDARD = LVCMOS33; "
RUN-1002 : start command "set_pin_assignment  LED[4]   LOCATION = C16; IOSTANDARD = LVCMOS33; "
RUN-1002 : start command "set_pin_assignment  LED[5]   LOCATION = E13; IOSTANDARD = LVCMOS33; "
RUN-1002 : start command "set_pin_assignment  LED[6]   LOCATION = E16; IOSTANDARD = LVCMOS33; "
RUN-1002 : start command "set_pin_assignment  LED[7]   LOCATION = F16; IOSTANDARD = LVCMOS33; "
RUN-1002 : start command "set_pin_assignment  SW[0]   LOCATION = A9; IOSTANDARD = LVCMOS33; "
RUN-1002 : start command "set_pin_assignment  SW[1]   LOCATION = A10; IOSTANDARD = LVCMOS33; "
RUN-1002 : start command "set_pin_assignment  SW[2]   LOCATION = B10; IOSTANDARD = LVCMOS33; "
RUN-1002 : start command "set_pin_assignment  SW[3]   LOCATION = A11; IOSTANDARD = LVCMOS33; "
RUN-1002 : start command "set_pin_assignment  SW[4]   LOCATION = A12; IOSTANDARD = LVCMOS33; "
RUN-1002 : start command "set_pin_assignment  SW[5]   LOCATION = B12; IOSTANDARD = LVCMOS33; "
RUN-1002 : start command "set_pin_assignment  SW[6]   LOCATION = A13; IOSTANDARD = LVCMOS33; "
RUN-1002 : start command "set_pin_assignment  SW[7]   LOCATION = A14; IOSTANDARD = LVCMOS33; "
RUN-1002 : start command "set_pin_assignment  seg_led[0]   LOCATION = A4; IOSTANDARD = LVCMOS33; "
RUN-1002 : start command "set_pin_assignment  seg_led[1]   LOCATION = A6; IOSTANDARD = LVCMOS33; "
RUN-1002 : start command "set_pin_assignment  seg_led[2]   LOCATION = B8; IOSTANDARD = LVCMOS33; "
RUN-1002 : start command "set_pin_assignment  seg_led[3]   LOCATION = E8; IOSTANDARD = LVCMOS33; "
RUN-1002 : start command "set_pin_assignment  seg_led[4]   LOCATION = A7; IOSTANDARD = LVCMOS33; "
RUN-1002 : start command "set_pin_assignment  seg_led[5]   LOCATION = B5; IOSTANDARD = LVCMOS33; "
RUN-1002 : start command "set_pin_assignment  seg_led[6]   LOCATION = A8; IOSTANDARD = LVCMOS33; "
RUN-1002 : start command "set_pin_assignment  seg_led[7]   LOCATION = C8; IOSTANDARD = LVCMOS33; "
RUN-1002 : start command "set_pin_assignment  seg_sel[0]   LOCATION = A3; IOSTANDARD = LVCMOS33; "
RUN-1002 : start command "set_pin_assignment  seg_sel[1]   LOCATION = A5; IOSTANDARD = LVCMOS33; "
RUN-1002 : start command "set_pin_assignment  seg_sel[2]   LOCATION = B6; IOSTANDARD = LVCMOS33; "
RUN-1002 : start command "set_pin_assignment  seg_sel[3]   LOCATION = C9; IOSTANDARD = LVCMOS33; "
RUN-1002 : start command "set_pin_assignment  beep   LOCATION = H11; IOSTANDARD = LVCMOS33; "
RUN-1001 : Starting of IO setups legality check.
RUN-1001 : Starting of IO setups legality check.
RUN-1001 : Starting of IO setups legality check.
RUN-1001 : Starting of IO vref setups legality check.
RUN-1002 : start command "export_db Cortex_M0_elaborate.db"
RUN-1001 : Exported /
RUN-1001 : Exported flow parameters
RUN-1001 : Exported libs
RUN-1001 : Exported entities
RUN-1001 : Exported ports
RUN-1001 : Exported pins
RUN-1001 : Exported instances
RUN-1001 : Exported nets
RUN-1001 : Exported buses
RUN-1001 : Exported models
RUN-1001 : Exported congestions
RUN-1001 : Exported violations
RUN-1001 : Exported IO constraints
RUN-1001 : Exported Inst constraints
RUN-1002 : start command "optimize_rtl"
RUN-1001 : Open license file D:/Anlogic/TD_5.6.5_Release_119.222/license/Anlogic.lic
RUN-1001 : Print Global Property
RUN-1001 : ---------------------------------------------------------------
RUN-1001 :        Parameters        |  Settings  |  Default Values  |  Note  
RUN-1001 : ---------------------------------------------------------------
RUN-1001 :          message         |  standard  |     standard     |        
RUN-1001 :   mixed_pack_place_flow  |     on     |        on        |        
RUN-1001 :        qor_monitor       |    off     |       off        |        
RUN-1001 :        syn_ip_flow       |    off     |       off        |        
RUN-1001 :          thread          |    auto    |       auto       |        
RUN-1001 : ---------------------------------------------------------------
RUN-1001 : Print Rtl Property
RUN-1001 : --------------------------------------------------------------
RUN-1001 :        Parameters       |  Settings  |  Default Values  |  Note  
RUN-1001 : --------------------------------------------------------------
RUN-1001 :       compress_add      |   ripple   |      ripple      |        
RUN-1001 :        elf_sload        |    off     |       off        |        
RUN-1001 :       fix_undriven      |     0      |        0         |        
RUN-1001 :         flatten         |    off     |       off        |        
RUN-1001 :       gate_sharing      |     on     |        on        |        
RUN-1001 :    hdl_warning_level    |   normal   |      normal      |        
RUN-1001 :   impl_internal_tribuf  |     on     |        on        |        
RUN-1001 :      impl_set_reset     |     on     |        on        |        
RUN-1001 :        infer_gsr        |    off     |       off        |        
RUN-1001 :      keep_hierarchy     |    auto    |       auto       |        
RUN-1001 :        max_fanout       |    9999    |       9999       |        
RUN-1001 :      max_oh2bin_len     |     10     |        10        |        
RUN-1001 :       merge_equal       |     on     |        on        |        
RUN-1001 :       merge_equiv       |     on     |        on        |        
RUN-1001 :        merge_mux        |    off     |       off        |        
RUN-1001 :     min_control_set     |     8      |        8         |        
RUN-1001 :      min_ripple_len     |    auto    |       auto       |        
RUN-1001 :       oh2bin_ratio      |    0.08    |       0.08       |        
RUN-1001 :     opt_adder_fanout    |     on     |        on        |        
RUN-1001 :        opt_arith        |     on     |        on        |        
RUN-1001 :       opt_big_gate      |    off     |       off        |        
RUN-1001 :        opt_const        |     on     |        on        |        
RUN-1001 :      opt_const_mult     |     on     |        on        |        
RUN-1001 :       opt_lessthan      |     on     |        on        |        
RUN-1001 :         opt_mux         |    off     |       off        |        
RUN-1001 :         opt_ram         |    high    |       high       |        
RUN-1001 :      rtl_sim_model      |    off     |       off        |        
RUN-1001 :         seq_syn         |     on     |        on        |        
RUN-1001 : --------------------------------------------------------------
SYN-1012 : SanityCheck: Model "CortexM0_SoC"
SYN-1012 : SanityCheck: Model "cortexm0ds_logic"
SYN-1012 : SanityCheck: Model "AHBlite_GPIO"
SYN-1012 : SanityCheck: Model "PAD_DIG_IO"
SYN-1012 : SanityCheck: Model "AHBlite_Interconnect"
SYN-1012 : SanityCheck: Model "AHBlite_Decoder"
SYN-1012 : SanityCheck: Model "AHBlite_SlaveMUX"
SYN-1012 : SanityCheck: Model "AHBlite_Block_RAM"
SYN-1012 : SanityCheck: Model "Block_RAM"
SYN-1012 : SanityCheck: Model "AHBlite_SEG"
SYN-1012 : SanityCheck: Model "seg_led_decoder"
SYN-1012 : SanityCheck: Model "seg_sel_decoder"
SYN-1012 : SanityCheck: Model "AHBlite_keyboard"
SYN-1012 : SanityCheck: Model "key_filter"
SYN-1012 : SanityCheck: Model "keyboard_scan"
SYN-1012 : SanityCheck: Model "onehot2bin1ry"
SYN-1043 : Mark PAD_DIG_IO as IO macro for instance ID_i
SYN-1043 : Mark AHBlite_GPIO as IO macro for instance GPIO_LED
SYN-1011 : Flatten model CortexM0_SoC
SYN-1032 : 26527/343 useful/useless nets, 24138/282 useful/useless insts
SYN-1016 : Merged 2152 instances.
SYN-1025 : Merged 12 RAM ports.
SYN-1025 : Merged 2 RAM ports.
SYN-1025 : Merged 2 RAM ports.
SYN-1026 : Infer Logic BRAM(RAMCODE_Interface/RAM/ramread0_syn_15)
	 port mode: single dual port
	 port a size: 16384 x 8	 write mode: NORMAL
	 port b size: 16384 x 8	 write mode: READBEFOREWRITE
SYN-1025 : Merged 2 RAM ports.
SYN-1026 : Infer Logic BRAM(RAMCODE_Interface/RAM/ramread0_syn_20)
	 port mode: single dual port
	 port a size: 16384 x 8	 write mode: NORMAL
	 port b size: 16384 x 8	 write mode: READBEFOREWRITE
SYN-1026 : Infer Logic BRAM(RAMCODE_Interface/RAM/ramread0_syn_25)
	 port mode: single dual port
	 port a size: 16384 x 8	 write mode: NORMAL
	 port b size: 16384 x 8	 write mode: READBEFOREWRITE
SYN-1026 : Infer Logic BRAM(RAMCODE_Interface/RAM/ramread0_syn_30)
	 port mode: single dual port
	 port a size: 16384 x 8	 write mode: NORMAL
	 port b size: 16384 x 8	 write mode: READBEFOREWRITE
SYN-1026 : Infer Logic BRAM(RAMDATA_Interface/RAM/ramread0_syn_15)
	 port mode: single dual port
	 port a size: 16384 x 8	 write mode: NORMAL
	 port b size: 16384 x 8	 write mode: READBEFOREWRITE
SYN-1026 : Infer Logic BRAM(RAMDATA_Interface/RAM/ramread0_syn_20)
	 port mode: single dual port
	 port a size: 16384 x 8	 write mode: NORMAL
	 port b size: 16384 x 8	 write mode: READBEFOREWRITE
SYN-1026 : Infer Logic BRAM(RAMDATA_Interface/RAM/ramread0_syn_25)
	 port mode: single dual port
	 port a size: 16384 x 8	 write mode: NORMAL
	 port b size: 16384 x 8	 write mode: READBEFOREWRITE
SYN-1026 : Infer Logic BRAM(RAMDATA_Interface/RAM/ramread0_syn_30)
	 port mode: single dual port
	 port a size: 16384 x 8	 write mode: NORMAL
	 port b size: 16384 x 8	 write mode: READBEFOREWRITE
SYN-1023 : Infer 0 Logic DRAMs, 8 Logic BRAMs.
SYN-1032 : 24001/1906 useful/useless nets, 21107/1176 useful/useless insts
SYN-1016 : Merged 19 instances.
SYN-5025 WARNING: Using 0 for all undriven pins and nets
SYN-1032 : 23721/145 useful/useless nets, 23408/215 useful/useless insts
SYN-1014 : Optimize round 1
SYN-1017 : Remove 4 const input seq instances
SYN-1002 :     CortexM0/K7vpw6_reg
SYN-1002 :     CortexM0/Xbopw6_reg
SYN-1002 :     Interconncet/SlaveMUX/reg0_syn_7
SYN-1002 :     keyboard_Interface/u_key_filter/reg1_syn_3
SYN-1018 : Transformed 4 mux instances.
SYN-1019 : Optimized 8 mux instances.
SYN-1021 : Optimized 98 onehot mux instances.
SYN-1020 : Optimized 360 distributor mux.
SYN-1016 : Merged 771 instances.
SYN-1015 : Optimize round 1, 5396 better
SYN-1014 : Optimize round 2
SYN-1044 : Optimized 6 inv instances.
SYN-1032 : 21737/46 useful/useless nets, 21424/732 useful/useless insts
SYN-1019 : Optimized 1 mux instances.
SYN-1016 : Merged 1 instances.
SYN-1015 : Optimize round 2, 763 better
SYN-3004 : Optimized 1 const0 DFF(s)
SYN-1032 : 21730/4 useful/useless nets, 21417/3 useful/useless insts
SYN-1014 : Optimize round 1
SYN-1032 : 21723/0 useful/useless nets, 21410/1 useful/useless insts
SYN-1015 : Optimize round 1, 7 better
SYN-1014 : Optimize round 2
SYN-1015 : Optimize round 2, 0 better
RUN-1003 : finish command "optimize_rtl" in  6.288839s wall, 2.125000s user + 0.078125s system = 2.203125s CPU (35.0%)

RUN-1004 : used memory is 290 MB, reserved memory is 276 MB, peak memory is 770 MB
RUN-1002 : start command "report_area -file Cortex_M0_rtl.area"
RUN-1001 : standard
***Report Model: CortexM0_SoC Device: EG4S20BG256***

IO Statistics
#IO                        41
  #input                   15
  #output                  17
  #inout                    9

Gate Statistics
#Basic gates            20876
  #and                   9742
  #nand                     0
  #or                    2111
  #nor                      0
  #xor                     72
  #xnor                     0
  #buf                      0
  #not                   6470
  #bufif1                   2
  #MX21                   467
  #FADD                     0
  #DFF                   2012
  #LATCH                    0
#MACRO_ADD                  9
#MACRO_EQ                  28
#MACRO_MULT                 1
#MACRO_MUX                486
#MACRO_OTHERS               8

Report Hierarchy Area:
+--------------------------------------------------------------------+
|Instance              |Module               |gates  |seq    |macros |
+--------------------------------------------------------------------+
|top                   |CortexM0_SoC         |18864  |2012   |46     |
|  CortexM0            |cortexm0ds_logic     |18257  |1297   |14     |
|  GPIO_Interface      |AHBlite_GPIO         |9      |138    |4      |
|    GPIO_LED          |PAD_DIG_IO           |1      |0      |0      |
|  Interconncet        |AHBlite_Interconnect |12     |5      |5      |
|    Decoder           |AHBlite_Decoder      |0      |0      |5      |
|    SlaveMUX          |AHBlite_SlaveMUX     |12     |5      |0      |
|  RAMCODE_Interface   |AHBlite_Block_RAM    |10     |19     |8      |
|    RAM               |Block_RAM            |0      |0      |4      |
|  RAMDATA_Interface   |AHBlite_Block_RAM    |2      |19     |4      |
|    RAM               |Block_RAM            |0      |0      |4      |
|  SEG_Interface       |AHBlite_SEG          |327    |202    |2      |
|    u_seg_led_decoder |seg_led_decoder      |0      |0      |0      |
|    u_seg_sel_decoder |seg_sel_decoder      |14     |0      |0      |
|  keyboard_Interface  |AHBlite_keyboard     |243    |330    |9      |
|    u_key_filter      |key_filter           |49     |71     |3      |
|    u_keyboard_scan   |keyboard_scan        |7      |53     |6      |
|    u_onehot2bin1ry   |onehot2bin1ry        |157    |4      |0      |
+--------------------------------------------------------------------+

RUN-1002 : start command "export_db Cortex_M0_rtl.db"
RUN-1001 : Exported /
RUN-1001 : Exported flow parameters
RUN-1001 : Exported libs
RUN-1001 : Exported entities
RUN-1001 : Exported ports
RUN-1001 : Exported pins
RUN-1001 : Exported instances
RUN-1001 : Exported nets
RUN-1001 : Exported buses
RUN-1001 : Exported models
RUN-1001 : Exported congestions
RUN-1001 : Exported violations
RUN-1001 : Exported IO constraints
RUN-1001 : Exported Inst constraints
RUN-1003 : finish command "export_db Cortex_M0_rtl.db" in  1.000253s wall, 0.593750s user + 0.031250s system = 0.625000s CPU (62.5%)

RUN-1004 : used memory is 297 MB, reserved memory is 279 MB, peak memory is 770 MB
RUN-1002 : start command "optimize_gate -maparea Cortex_M0_gate.area"
RUN-1001 : Open license file D:/Anlogic/TD_5.6.5_Release_119.222/license/Anlogic.lic
RUN-1001 : Print Global Property
RUN-1001 : ---------------------------------------------------------------
RUN-1001 :        Parameters        |  Settings  |  Default Values  |  Note  
RUN-1001 : ---------------------------------------------------------------
RUN-1001 :          message         |  standard  |     standard     |        
RUN-1001 :   mixed_pack_place_flow  |     on     |        on        |        
RUN-1001 :        qor_monitor       |    off     |       off        |        
RUN-1001 :        syn_ip_flow       |    off     |       off        |        
RUN-1001 :          thread          |    auto    |       auto       |        
RUN-1001 : ---------------------------------------------------------------
RUN-1001 : Print Gate Property
RUN-1001 : ------------------------------------------------------------------
RUN-1001 :          Parameters         |  Settings  |  Default Values  |  Note  
RUN-1001 : ------------------------------------------------------------------
RUN-1001 :         cascade_dsp         |    off     |       off        |        
RUN-1001 :         cascade_eram        |    off     |       off        |        
RUN-1001 :        gate_sim_model       |    off     |       off        |        
RUN-1001 :        map_sim_model        |    off     |       off        |        
RUN-1001 :         map_strategy        |     1      |        1         |        
RUN-1001 :           opt_area          |   medium   |      medium      |        
RUN-1001 :          opt_timing         |    auto    |       auto       |        
RUN-1001 :         pack_effort         |   medium   |      medium      |        
RUN-1001 :      pack_lslice_ripple     |     on     |        on        |        
RUN-1001 :   pack_lslice_ripple_ratio  |    0.5     |       0.5        |        
RUN-1001 :        pack_seq_in_io       |    auto    |       auto       |        
RUN-1001 :        ph1_mux_ratio        |    1.0     |       1.0        |        
RUN-1001 :            report           |  standard  |     standard     |        
RUN-1001 :           retiming          |    off     |       off        |        
RUN-1001 : ------------------------------------------------------------------
SYN-2001 : Map 41 IOs to PADs
SYN-1032 : 21762/2 useful/useless nets, 21444/7 useful/useless insts
RUN-1002 : start command "update_pll_param -module CortexM0_SoC"
SYN-2501 : Processed 0 LOGIC_BUF instances.
SYN-2595 : bram inst: RAMCODE_Interface/RAM/ramread0_syn_15 is set to PDPW/SP from DP for resource saving
SYN-2595 : bram inst: RAMCODE_Interface/RAM/ramread0_syn_20 is set to PDPW/SP from DP for resource saving
SYN-2595 : bram inst: RAMCODE_Interface/RAM/ramread0_syn_25 is set to PDPW/SP from DP for resource saving
SYN-2595 : bram inst: RAMCODE_Interface/RAM/ramread0_syn_30 is set to PDPW/SP from DP for resource saving
SYN-2595 : bram inst: RAMDATA_Interface/RAM/ramread0_syn_15 is set to PDPW/SP from DP for resource saving
SYN-2595 : bram inst: RAMDATA_Interface/RAM/ramread0_syn_20 is set to PDPW/SP from DP for resource saving
SYN-2595 : bram inst: RAMDATA_Interface/RAM/ramread0_syn_25 is set to PDPW/SP from DP for resource saving
SYN-2595 : bram inst: RAMDATA_Interface/RAM/ramread0_syn_30 is set to PDPW/SP from DP for resource saving
SYN-2512 : LOGIC BRAM "RAMCODE_Interface/RAM/ramread0_syn_32"
SYN-2512 : LOGIC BRAM "RAMCODE_Interface/RAM/ramread0_syn_34"
SYN-2512 : LOGIC BRAM "RAMCODE_Interface/RAM/ramread0_syn_36"
SYN-2512 : LOGIC BRAM "RAMCODE_Interface/RAM/ramread0_syn_38"
SYN-2512 : LOGIC BRAM "RAMDATA_Interface/RAM/ramread0_syn_32"
SYN-2512 : LOGIC BRAM "RAMDATA_Interface/RAM/ramread0_syn_34"
SYN-2512 : LOGIC BRAM "RAMDATA_Interface/RAM/ramread0_syn_36"
SYN-2512 : LOGIC BRAM "RAMDATA_Interface/RAM/ramread0_syn_38"
SYN-2571 : Map 1 macro multiplier
SYN-2571 : Optimize after map_dsp, round 1
SYN-1032 : 22226/68 useful/useless nets, 21765/1 useful/useless insts
SYN-1016 : Merged 156 instances.
SYN-2571 : Optimize after map_dsp, round 1, 225 better
SYN-2571 : Optimize after map_dsp, round 2
SYN-2571 : Optimize after map_dsp, round 2, 0 better
SYN-1001 : Throwback 118 control mux instances
SYN-2501 : Optimize round 1
SYN-1016 : Merged 85 instances.
SYN-2501 : Optimize round 1, 306 better
SYN-2501 : Optimize round 2
SYN-2501 : Optimize round 2, 0 better
SYN-2501 : Map 10 macro adder
SYN-3001 : Mapper mapped 15 instances into 1 LUTs, name keeping = 100%.
SYN-3001 : Mapper mapped 15 instances into 1 LUTs, name keeping = 100%.
SYN-3001 : Mapper mapped 15 instances into 1 LUTs, name keeping = 100%.
SYN-3001 : Mapper mapped 15 instances into 1 LUTs, name keeping = 100%.
SYN-3001 : Mapper mapped 15 instances into 1 LUTs, name keeping = 100%.
SYN-3001 : Mapper mapped 15 instances into 1 LUTs, name keeping = 100%.
SYN-3001 : Mapper mapped 15 instances into 1 LUTs, name keeping = 100%.
SYN-2501 : Inferred 7 ROM instances
SYN-1019 : Optimized 418 mux instances.
SYN-1016 : Merged 170 instances.
SYN-1032 : 23292/3 useful/useless nets, 22899/1 useful/useless insts
SYN-3001 : Running gate level optimization.
SYN-2581 : Mapping with K=5, #lut = 5459 (3.74), #lev = 18 (9.55)
SYN-2551 : Post LUT mapping optimization.
SYN-2581 : Mapping with K=5, #lut = 5407 (3.76), #lev = 15 (8.33)
SYN-3001 : Logic optimization runtime opt =   1.01 sec, map =   0.00 sec
SYN-3001 : Mapper mapped 20529 instances into 5408 LUTs, name keeping = 35%.
RUN-1002 : start command "report_area -file Cortex_M0_gate.area"
RUN-1001 : standard
***Report Model: CortexM0_SoC Device: EG4S20BG256***

IO Statistics
#IO                        41
  #input                   15
  #output                  17
  #inout                    9

LUT Statistics
#Total_luts              5642
  #lut4                  4383
  #lut5                  1032
  #lut6                     0
  #lut5_mx41                0
  #lut4_alu1b             227

Utilization Statistics
#lut                     5642   out of  19600   28.79%
#reg                     2009   out of  19600   10.25%
#le                         0
#dsp                        3   out of     29   10.34%
#bram                      64   out of     64  100.00%
  #bram9k                  64
  #fifo9k                   0
#bram32k                   16   out of     16  100.00%
#pad                       41   out of    188   21.81%
  #ireg                     5
  #oreg                     5
  #treg                     0
#pll                        0   out of      4    0.00%

Report Hierarchy Area:
+-----------------------------------------------------------------------------------------+
|Instance              |Module               |lut     |ripple  |seq     |bram    |dsp     |
+-----------------------------------------------------------------------------------------+
|top                   |CortexM0_SoC         |5415    |227     |2019    |80      |3       |
|  CortexM0            |cortexm0ds_logic     |4934    |173     |1296    |0       |3       |
|  GPIO_Interface      |AHBlite_GPIO         |76      |0       |138     |0       |0       |
|  Interconncet        |AHBlite_Interconnect |8       |0       |7       |0       |0       |
|    Decoder           |AHBlite_Decoder      |1       |0       |0       |0       |0       |
|    SlaveMUX          |AHBlite_SlaveMUX     |0       |0       |5       |0       |0       |
|  RAMCODE_Interface   |AHBlite_Block_RAM    |16      |0       |19      |16      |0       |
|    RAM               |Block_RAM            |4       |0       |0       |16      |0       |
|  RAMDATA_Interface   |AHBlite_Block_RAM    |33      |0       |19      |64      |0       |
|    RAM               |Block_RAM            |4       |0       |0       |64      |0       |
|  SEG_Interface       |AHBlite_SEG          |127     |0       |202     |0       |0       |
|    u_seg_led_decoder |seg_led_decoder      |7       |0       |0       |0       |0       |
|    u_seg_sel_decoder |seg_sel_decoder      |4       |0       |0       |0       |0       |
|  keyboard_Interface  |AHBlite_keyboard     |214     |54      |326     |0       |0       |
|    u_key_filter      |key_filter           |27      |21      |71      |0       |0       |
|    u_keyboard_scan   |keyboard_scan        |34      |33      |49      |0       |0       |
|    u_onehot2bin1ry   |onehot2bin1ry        |38      |0       |4       |0       |0       |
+-----------------------------------------------------------------------------------------+

SYN-1001 : Packing model "CortexM0_SoC" ...
SYN-4010 : Pack lib has 58 rtl pack models with 25 top pack blocks
SYN-1014 : Optimize round 1
SYN-1015 : Optimize round 1, 0 better
SYN-4002 : Packing 2009 DFF/LATCH to SEQ ...
SYN-4009 : Pack 4 carry chain into lslice
SYN-4007 : Packing 97 adder to BLE ...
SYN-4008 : Packed 97 adder and 12 SEQ to BLE.
SYN-4007 : Packing 0 gate4 to BLE ...
SYN-4008 : Packed 0 gate4 and 0 SEQ to BLE.
SYN-4012 : Packed 0 FxMUX
RUN-1003 : finish command "optimize_gate -maparea Cortex_M0_gate.area" in  9.265777s wall, 3.203125s user + 0.015625s system = 3.218750s CPU (34.7%)

RUN-1004 : used memory is 315 MB, reserved memory is 294 MB, peak memory is 770 MB
RUN-1002 : start command "legalize_phy_inst"
SYN-1011 : Flatten model CortexM0_SoC
RUN-1002 : start command "export_db Cortex_M0_gate.db"
RUN-1001 : Exported /
RUN-1001 : Exported flow parameters
RUN-1001 : Exported libs
RUN-1001 : Exported entities
RUN-1001 : Exported ports
RUN-1001 : Exported pins
RUN-1001 : Exported instances
RUN-1001 : Exported nets
RUN-1001 : Exported buses
RUN-1001 : Exported models
RUN-1001 : Exported congestions
RUN-1001 : Exported violations
RUN-1001 : Exported IO constraints
RUN-1001 : Exported Inst constraints
RUN-1003 : finish command "export_db Cortex_M0_gate.db" in  1.090863s wall, 0.734375s user + 0.015625s system = 0.750000s CPU (68.8%)

RUN-1004 : used memory is 326 MB, reserved memory is 307 MB, peak memory is 770 MB
RUN-1002 : start command "backup_run_log run.log ../.logs/syn_1/td_20250309_184533.log"
