============================================================
   Tang Dynasty, V5.6.119222
      Copyright (c) 2012-2024 Anlogic Inc.
   Executable = D:/Anlogic/TD_5.6.5_Release_119.222/bin/td.exe
   Built at =   17:28:21 May 30 2024
   Run by =     admin
   Run Date =   Thu Feb 27 18:39:19 2025

   Run on =     GYT
============================================================
RUN-1002 : start command "open_project Cortex_M0.prj"
RUN-1001 : Print Global Property
RUN-1001 : ---------------------------------------------------------------
RUN-1001 :        Parameters        |  Settings  |  Default Values  |  Note  
RUN-1001 : ---------------------------------------------------------------
RUN-1001 :          message         |  standard  |     standard     |        
RUN-1001 :   mixed_pack_place_flow  |     on     |        on        |        
RUN-1001 :        qor_monitor       |    off     |       off        |        
RUN-1001 :        syn_ip_flow       |    off     |       off        |        
RUN-1001 :          thread          |    auto    |       auto       |        
RUN-1001 : ---------------------------------------------------------------
RUN-1001 : Print Design Property
RUN-1001 : --------------------------------------------------------------
RUN-1001 :        Parameters       |  Settings  |  Default Values  |  Note  
RUN-1001 : --------------------------------------------------------------
RUN-1001 :   default_reg_initial   |    auto    |       auto       |        
RUN-1001 :        infer_add        |     on     |        on        |        
RUN-1001 :        infer_fsm        |    off     |       off        |        
RUN-1001 :        infer_mult       |     on     |        on        |        
RUN-1001 :        infer_ram        |     on     |        on        |        
RUN-1001 :        infer_reg        |     on     |        on        |        
RUN-1001 :   infer_reg_init_value  |     on     |        on        |        
RUN-1001 :        infer_rom        |     on     |        on        |        
RUN-1001 :      infer_shifter      |     on     |        on        |        
RUN-1001 : --------------------------------------------------------------
RUN-1001 : Print Rtl Property
RUN-1001 : --------------------------------------------------------------
RUN-1001 :        Parameters       |  Settings  |  Default Values  |  Note  
RUN-1001 : --------------------------------------------------------------
RUN-1001 :       compress_add      |   ripple   |      ripple      |        
RUN-1001 :        elf_sload        |    off     |       off        |        
RUN-1001 :       fix_undriven      |     0      |        0         |        
RUN-1001 :         flatten         |    off     |       off        |        
RUN-1001 :       gate_sharing      |     on     |        on        |        
RUN-1001 :    hdl_warning_level    |   normal   |      normal      |        
RUN-1001 :   impl_internal_tribuf  |     on     |        on        |        
RUN-1001 :      impl_set_reset     |     on     |        on        |        
RUN-1001 :        infer_gsr        |    off     |       off        |        
RUN-1001 :      keep_hierarchy     |    auto    |       auto       |        
RUN-1001 :        max_fanout       |    9999    |       9999       |        
RUN-1001 :      max_oh2bin_len     |     10     |        10        |        
RUN-1001 :       merge_equal       |     on     |        on        |        
RUN-1001 :       merge_equiv       |     on     |        on        |        
RUN-1001 :        merge_mux        |    off     |       off        |        
RUN-1001 :     min_control_set     |     8      |        8         |        
RUN-1001 :      min_ripple_len     |    auto    |       auto       |        
RUN-1001 :       oh2bin_ratio      |    0.08    |       0.08       |        
RUN-1001 :     opt_adder_fanout    |     on     |        on        |        
RUN-1001 :        opt_arith        |     on     |        on        |        
RUN-1001 :       opt_big_gate      |    off     |       off        |        
RUN-1001 :        opt_const        |     on     |        on        |        
RUN-1001 :      opt_const_mult     |     on     |        on        |        
RUN-1001 :       opt_lessthan      |     on     |        on        |        
RUN-1001 :         opt_mux         |    off     |       off        |        
RUN-1001 :         opt_ram         |    high    |       high       |        
RUN-1001 :      rtl_sim_model      |    off     |       off        |        
RUN-1001 :         seq_syn         |     on     |        on        |        
RUN-1001 : --------------------------------------------------------------
HDL-1007 : analyze verilog file ../../rtl/AHBlite_Block_RAM.v
HDL-1007 : undeclared symbol 'RAMCODE_WADDR', assumed default net type 'wire' in ../../rtl/AHBlite_Block_RAM.v(85)
HDL-1007 : undeclared symbol 'RAMCODE_RADDR', assumed default net type 'wire' in ../../rtl/AHBlite_Block_RAM.v(86)
HDL-1007 : undeclared symbol 'RAMCODE_WDATA', assumed default net type 'wire' in ../../rtl/AHBlite_Block_RAM.v(87)
HDL-1007 : undeclared symbol 'RAMCODE_RDATA', assumed default net type 'wire' in ../../rtl/AHBlite_Block_RAM.v(88)
HDL-1007 : undeclared symbol 'RAMCODE_WRITE', assumed default net type 'wire' in ../../rtl/AHBlite_Block_RAM.v(89)
HDL-1007 : analyze verilog file ../../rtl/AHBlite_Decoder.v
HDL-1007 : analyze verilog file ../../rtl/AHBlite_Interconnect.v
HDL-1007 : analyze verilog file ../../rtl/AHBlite_SlaveMUX.v
HDL-1007 : analyze verilog file ../../rtl/Block_RAM.v
HDL-1007 : analyze verilog file ../../rtl/CortexM0_SoC.v
HDL-1007 : undeclared symbol 'key_interrupt', assumed default net type 'wire' in ../../rtl/CortexM0_SoC.v(374)
HDL-1007 : undeclared symbol 'HSEL_P4', assumed default net type 'wire' in ../../rtl/CortexM0_SoC.v(386)
HDL-1007 : undeclared symbol 'HADDR_P4', assumed default net type 'wire' in ../../rtl/CortexM0_SoC.v(387)
HDL-1007 : undeclared symbol 'HPROT_P4', assumed default net type 'wire' in ../../rtl/CortexM0_SoC.v(388)
HDL-1007 : undeclared symbol 'HSIZE_P4', assumed default net type 'wire' in ../../rtl/CortexM0_SoC.v(389)
HDL-1007 : undeclared symbol 'HTRANS_P4', assumed default net type 'wire' in ../../rtl/CortexM0_SoC.v(390)
HDL-1007 : undeclared symbol 'HWDATA_P4', assumed default net type 'wire' in ../../rtl/CortexM0_SoC.v(391)
HDL-1007 : undeclared symbol 'HWRITE_P4', assumed default net type 'wire' in ../../rtl/CortexM0_SoC.v(392)
HDL-1007 : undeclared symbol 'HRDATA_P4', assumed default net type 'wire' in ../../rtl/CortexM0_SoC.v(393)
HDL-1007 : undeclared symbol 'HREADY_P4', assumed default net type 'wire' in ../../rtl/CortexM0_SoC.v(394)
HDL-1007 : undeclared symbol 'HREADYOUT_P4', assumed default net type 'wire' in ../../rtl/CortexM0_SoC.v(395)
HDL-1007 : undeclared symbol 'HRESP_P4', assumed default net type 'wire' in ../../rtl/CortexM0_SoC.v(396)
HDL-1007 : analyze verilog file ../../rtl/cortexm0ds_logic.v
HDL-1007 : analyze verilog file ../../rtl/AHBlite_GPIO.v
HDL-1007 : analyze verilog file ../../rtl/keyboard/key_filter.v
HDL-1007 : analyze verilog file ../../rtl/keyboard/keyboard_scan.v
HDL-1007 : analyze verilog file ../../rtl/SEG/AHBlite_SEG.v
HDL-1007 : analyze verilog file ../../rtl/SEG/seg_led_decoder.v
HDL-1007 : analyze verilog file ../../rtl/SEG/seg_sel_decoder.v
HDL-1007 : analyze verilog file ../../rtl/keyboard/AHBlite_keyboard.v
HDL-5007 WARNING: redeclaration of ANSI port 'key_interrupt' is not allowed in ../../rtl/keyboard/AHBlite_keyboard.v(187)
HDL-1007 : analyze verilog file ../../rtl/keyboard/onehot2bin1ry.v
RUN-1001 : Project manager successfully analyzed 15 source files.
RUN-1002 : start command "import_device eagle_s20.db -package EG4S20BG256"
ARC-1001 : Device Initialization.
ARC-1001 : ------------------------------------------------------------------
ARC-1001 :            OPTION            |          IO          |   SETTING   
ARC-1001 : ------------------------------------------------------------------
ARC-1001 :   cso_b/cclk/mosi/miso/dout  |  T3/R11/T10/P10/S11  |    gpio    
ARC-1001 :             done             |         P13          |    gpio    
ARC-1001 :           program_b          |          T2          |  dedicate  
ARC-1001 :        tdi/tms/tck/tdo       |   C12/A15/C14/E14    |  dedicate  
ARC-1001 : ------------------------------------------------------------------
ARC-1004 : Device setting, marked 5 dedicate IOs in total.
RUN-1002 : start command "elaborate -top fpga_top"
RUN-1001 : Print Design Property
RUN-1001 : --------------------------------------------------------------
RUN-1001 :        Parameters       |  Settings  |  Default Values  |  Note  
RUN-1001 : --------------------------------------------------------------
RUN-1001 :   default_reg_initial   |    auto    |       auto       |        
RUN-1001 :        infer_add        |     on     |        on        |        
RUN-1001 :        infer_fsm        |    off     |       off        |        
RUN-1001 :        infer_mult       |     on     |        on        |        
RUN-1001 :        infer_ram        |     on     |        on        |        
RUN-1001 :        infer_reg        |     on     |        on        |        
RUN-1001 :   infer_reg_init_value  |     on     |        on        |        
RUN-1001 :        infer_rom        |     on     |        on        |        
RUN-1001 :      infer_shifter      |     on     |        on        |        
RUN-1001 : --------------------------------------------------------------
RUN-1001 : Print Rtl Property
RUN-1001 : --------------------------------------------------------------
RUN-1001 :        Parameters       |  Settings  |  Default Values  |  Note  
RUN-1001 : --------------------------------------------------------------
RUN-1001 :       compress_add      |   ripple   |      ripple      |        
RUN-1001 :        elf_sload        |    off     |       off        |        
RUN-1001 :       fix_undriven      |     0      |        0         |        
RUN-1001 :         flatten         |    off     |       off        |        
RUN-1001 :       gate_sharing      |     on     |        on        |        
RUN-1001 :    hdl_warning_level    |   normal   |      normal      |        
RUN-1001 :   impl_internal_tribuf  |     on     |        on        |        
RUN-1001 :      impl_set_reset     |     on     |        on        |        
RUN-1001 :        infer_gsr        |    off     |       off        |        
RUN-1001 :      keep_hierarchy     |    auto    |       auto       |        
RUN-1001 :        max_fanout       |    9999    |       9999       |        
RUN-1001 :      max_oh2bin_len     |     10     |        10        |        
RUN-1001 :       merge_equal       |     on     |        on        |        
RUN-1001 :       merge_equiv       |     on     |        on        |        
RUN-1001 :        merge_mux        |    off     |       off        |        
RUN-1001 :     min_control_set     |     8      |        8         |        
RUN-1001 :      min_ripple_len     |    auto    |       auto       |        
RUN-1001 :       oh2bin_ratio      |    0.08    |       0.08       |        
RUN-1001 :     opt_adder_fanout    |     on     |        on        |        
RUN-1001 :        opt_arith        |     on     |        on        |        
RUN-1001 :       opt_big_gate      |    off     |       off        |        
RUN-1001 :        opt_const        |     on     |        on        |        
RUN-1001 :      opt_const_mult     |     on     |        on        |        
RUN-1001 :       opt_lessthan      |     on     |        on        |        
RUN-1001 :         opt_mux         |    off     |       off        |        
RUN-1001 :         opt_ram         |    high    |       high       |        
RUN-1001 :      rtl_sim_model      |    off     |       off        |        
RUN-1001 :         seq_syn         |     on     |        on        |        
RUN-1001 : --------------------------------------------------------------
RUN-1001 : Print Global Property
RUN-1001 : ---------------------------------------------------------------
RUN-1001 :        Parameters        |  Settings  |  Default Values  |  Note  
RUN-1001 : ---------------------------------------------------------------
RUN-1001 :          message         |  standard  |     standard     |        
RUN-1001 :   mixed_pack_place_flow  |     on     |        on        |        
RUN-1001 :        qor_monitor       |    off     |       off        |        
RUN-1001 :        syn_ip_flow       |    off     |       off        |        
RUN-1001 :          thread          |    auto    |       auto       |        
RUN-1001 : ---------------------------------------------------------------
RUN-1001 : Print Design Property
RUN-1001 : --------------------------------------------------------------
RUN-1001 :        Parameters       |  Settings  |  Default Values  |  Note  
RUN-1001 : --------------------------------------------------------------
RUN-1001 :   default_reg_initial   |    auto    |       auto       |        
RUN-1001 :        infer_add        |     on     |        on        |        
RUN-1001 :        infer_fsm        |    off     |       off        |        
RUN-1001 :        infer_mult       |     on     |        on        |        
RUN-1001 :        infer_ram        |     on     |        on        |        
RUN-1001 :        infer_reg        |     on     |        on        |        
RUN-1001 :   infer_reg_init_value  |     on     |        on        |        
RUN-1001 :        infer_rom        |     on     |        on        |        
RUN-1001 :      infer_shifter      |     on     |        on        |        
RUN-1001 : --------------------------------------------------------------
HDL-8001 ERROR: Incorrect top-level module name "fpga_top", please reset
RUN-1002 : start command "backup_run_log run.log ../.logs/syn_1/td_20250227_183919.log"
