


ARM Macro Assembler    Page 1 


    1 00000000                 PRESERVE8
    2 00000000                 THUMB
    3 00000000         
    4 00000000 00000400 
                       Stack_Size
                               EQU              0x00000400
    5 00000000                 AREA             STACK, NOINIT, READWRITE, ALIGN
=4
    6 00000000         Stack_Mem
                               SPACE            Stack_Size
    7 00000400         __initial_sp
    8 00000400         
    9 00000400                 AREA             RESET, DATA, READONLY
   10 00000000                 EXPORT           __Vectors
   11 00000000         
   12 00000000 00000000 
                       __Vectors
                               DCD              __initial_sp ; Top of Stack
   13 00000004 00000000        DCD              Reset_Handler ; Reset Handler
   14 00000008 00000000        DCD              0           ; NMI Handler
   15 0000000C 00000000        DCD              0           ; Hard Fault Handle
                                                            r
   16 00000010 00000000        DCD              0           ; Reserved
   17 00000014 00000000        DCD              0           ; Reserved
   18 00000018 00000000        DCD              0           ; Reserved
   19 0000001C 00000000        DCD              0           ; Reserved
   20 00000020 00000000        DCD              0           ; Reserved
   21 00000024 00000000        DCD              0           ; Reserved
   22 00000028 00000000        DCD              0           ; Reserved
   23 0000002C 00000000        DCD              0           ; SVCall Handler
   24 00000030 00000000        DCD              0           ; Reserved
   25 00000034 00000000        DCD              0           ; Reserved
   26 00000038 00000000        DCD              0           ; PendSV Handler
   27 0000003C 00000000        DCD              SysTick_Handler 
                                                            ; SysTick Handler
   28 00000040 00000000        DCD              KEY_Handler ; IRQ0 Handler
   29 00000044         
   30 00000044                 AREA             |.text|, CODE, READONLY
   31 00000000         
   32 00000000         ; Reset Handler
   33 00000000         
   34 00000000         Reset_Handler
                               PROC
   35 00000000                 GLOBAL           Reset_Handler
   36 00000000                 ENTRY
   37 00000000         ;IMPORT  main
   38 00000000         ;LDR     R0, =main
   39 00000000         ;MOV     R8, R0
   40 00000000         ;MOV     R9, R8
   41 00000000         ;BX      R0
   42 00000000 4820            LDR              R0, =0xe000e100 ; IRQ en
   43 00000002 2101            MOVS             R1, #0x01
   44 00000004 6001            STR              R1, [R0]
   45 00000006         
   46 00000006 4820            LDR              R0, =0xE000E010 ; STK_CSR en
   47 00000008 2107            MOVS             R1, #0x07
   48 0000000A 6001            STR              R1, [R0]
   49 0000000C         
   50 0000000C 481F            LDR              R0, =0xE000E014 ; STK_LOAD en



ARM Macro Assembler    Page 2 


   51 0000000E 21FF            MOVS             R1, #0xff
   52 00000010 6001            STR              R1, [R0]
   53 00000012         
   54 00000012 481F            LDR              R0, =0xE000E018 ; STK_VAL en
   55 00000014 2100            MOVS             R1, #0x00
   56 00000016 6001            STR              R1, [R0]
   57 00000018         
   58 00000018 F7FF FFFE       BL               gpio_test
   59 0000001C         ;BL      seg_test
   60 0000001C F7FF FFFE       BL               buzz_test
   61 00000020 F7FF FFFE       BL               main_loop
   62 00000024                 ENDP
   63 00000024         
   64 00000024         main_loop
                               PROC
   65 00000024 481B            LDR              R0, =main_loop
   66 00000026 4680            MOV              R8, R0
   67 00000028 46C1            MOV              R9, R8
   68 0000002A 4700            BX               R0
   69 0000002C                 ENDP
   70 0000002C         
   71 0000002C         SysTick_Handler
                               PROC
   72 0000002C B507            PUSH             {R0,R1,R2,LR}
   73 0000002E 4D1A            LDR              R5, =0x40000004 ; led_data
   74 00000030 682C            LDR              R4, [R5]
   75 00000032 BD07            POP              {R0,R1,R2,PC}
   76 00000034                 ENDP
   77 00000034         
   78 00000034         KEY_Handler
                               PROC
   79 00000034         ;EXPORT KEY_Handler            [WEAK]
   80 00000034 B507            PUSH             {R0,R1,R2,LR}
   81 00000036 4D19            LDR              R5, =0x40010010 ; key_data
   82 00000038 682C            LDR              R4, [R5]
   83 0000003A BD07            POP              {R0,R1,R2,PC}
   84 0000003C                 ENDP
   85 0000003C         
   86 0000003C         gpio_test
                               PROC
   87 0000003C 4818            LDR              R0, =0x40000000 ; led en
   88 0000003E 2101            MOVS             R1, #0x01
   89 00000040 6001            STR              R1, [R0]
   90 00000042 4815            LDR              R0, =0x40000004 
                                                            ; led data write
   91 00000044 2107            MOVS             R1, #0x07
   92 00000046 6001            STR              R1, [R0]
   93 00000048 6802            LDR              R2, [R0]    ; led data read 
   94 0000004A 4816            LDR              R0, =0x40000010 ; sw data read
   95 0000004C 6802            LDR              R2, [R0]
   96 0000004E 4770            BX               LR
   97 00000050                 ENDP
   98 00000050         
   99 00000050         seg_test
                               PROC
  100 00000050 2200            MOVS             R2, #0x00
  101 00000052 4815            LDR              R0, =0x40020000 ; bit write
  102 00000054 2101            MOVS             R1, #0x01
  103 00000056 6001            STR              R1, [R0]



ARM Macro Assembler    Page 3 


  104 00000058 6802            LDR              R2, [R0]    ; bit read
  105 0000005A 4814            LDR              R0, =0x40020004 ; sel write
  106 0000005C 2103            MOVS             R1, #0x03
  107 0000005E 6001            STR              R1, [R0]
  108 00000060 6802            LDR              R2, [R0]    ; sel read
  109 00000062 4770            BX               LR
  110 00000064                 ENDP
  111 00000064         
  112 00000064         buzz_test
                               PROC
  113 00000064 4810            LDR              R0, =0x40020000 ; tune en
  114 00000066 2101            MOVS             R1, #0x01
  115 00000068 6001            STR              R1, [R0]
  116 0000006A         
  117 0000006A 4810            LDR              R0, =0x40020004 
                                                            ; tune data 11-37
  118 0000006C 2111            MOVS             R1, #0x11
  119 0000006E 6001            STR              R1, [R0]
  120 00000070         
  121 00000070 480F            LDR              R0, =0x40020008 ; beat en
  122 00000072 2101            MOVS             R1, #0x01
  123 00000074 6001            STR              R1, [R0]
  124 00000076         
  125 00000076 480F            LDR              R0, =0x4002000c ; beat data
  126 00000078 2103            MOVS             R1, #0x03
  127 0000007A 6001            STR              R1, [R0]
  128 0000007C         
  129 0000007C 480E            LDR              R0, =0x40020010 ; finish data
  130 0000007E 2200            MOVS             R2, #0x00
  131 00000080 6002            STR              R2, [R0]
  132 00000082         
  133 00000082 4770            BX               LR
  134 00000084                 ENDP
  135 00000084         
  136 00000084                 END
              E000E100 
              E000E010 
              E000E014 
              E000E018 
              00000000 
              40000004 
              40010010 
              40000000 
              40000010 
              40020000 
              40020004 
              40020008 
              4002000C 
              40020010 
Command Line: --debug --xref --diag_suppress=9931,A1950W --cpu=Cortex-M0 --depe
nd=.\startup_cmsdk_cm0.d -o.\startup_cmsdk_cm0.o -ID:\ARM\Keil\Packs\Keil\V2M-M
PS2_CMx_BSP\1.8.2\Device\CMSDK_CM0\Include --predefine="__UVISION_VERSION SETA 
541" --predefine="CMSDK_CM0 SETA 1" --list=.\listings\startup_cmsdk_cm0.lst sta
rtup_CMSDK_CM0.s



ARM Macro Assembler    Page 1 Alphabetic symbol ordering
Relocatable symbols

STACK 00000000

Symbol: STACK
   Definitions
      At line 5 in file startup_CMSDK_CM0.s
   Uses
      None
Comment: STACK unused
Stack_Mem 00000000

Symbol: Stack_Mem
   Definitions
      At line 6 in file startup_CMSDK_CM0.s
   Uses
      None
Comment: Stack_Mem unused
__initial_sp 00000400

Symbol: __initial_sp
   Definitions
      At line 7 in file startup_CMSDK_CM0.s
   Uses
      At line 12 in file startup_CMSDK_CM0.s
Comment: __initial_sp used once
3 symbols



ARM Macro Assembler    Page 1 Alphabetic symbol ordering
Relocatable symbols

RESET 00000000

Symbol: RESET
   Definitions
      At line 9 in file startup_CMSDK_CM0.s
   Uses
      None
Comment: RESET unused
__Vectors 00000000

Symbol: __Vectors
   Definitions
      At line 12 in file startup_CMSDK_CM0.s
   Uses
      At line 10 in file startup_CMSDK_CM0.s
Comment: __Vectors used once
2 symbols



ARM Macro Assembler    Page 1 Alphabetic symbol ordering
Relocatable symbols

.text 00000000

Symbol: .text
   Definitions
      At line 30 in file startup_CMSDK_CM0.s
   Uses
      None
Comment: .text unused
KEY_Handler 00000034

Symbol: KEY_Handler
   Definitions
      At line 78 in file startup_CMSDK_CM0.s
   Uses
      At line 28 in file startup_CMSDK_CM0.s
Comment: KEY_Handler used once
Reset_Handler 00000000

Symbol: Reset_Handler
   Definitions
      At line 34 in file startup_CMSDK_CM0.s
   Uses
      At line 13 in file startup_CMSDK_CM0.s
      At line 35 in file startup_CMSDK_CM0.s

SysTick_Handler 0000002C

Symbol: SysTick_Handler
   Definitions
      At line 71 in file startup_CMSDK_CM0.s
   Uses
      At line 27 in file startup_CMSDK_CM0.s
Comment: SysTick_Handler used once
buzz_test 00000064

Symbol: buzz_test
   Definitions
      At line 112 in file startup_CMSDK_CM0.s
   Uses
      At line 60 in file startup_CMSDK_CM0.s
Comment: buzz_test used once
gpio_test 0000003C

Symbol: gpio_test
   Definitions
      At line 86 in file startup_CMSDK_CM0.s
   Uses
      At line 58 in file startup_CMSDK_CM0.s
Comment: gpio_test used once
main_loop 00000024

Symbol: main_loop
   Definitions
      At line 64 in file startup_CMSDK_CM0.s
   Uses
      At line 61 in file startup_CMSDK_CM0.s
      At line 65 in file startup_CMSDK_CM0.s

seg_test 00000050



ARM Macro Assembler    Page 2 Alphabetic symbol ordering
Relocatable symbols


Symbol: seg_test
   Definitions
      At line 99 in file startup_CMSDK_CM0.s
   Uses
      None
Comment: seg_test unused
8 symbols



ARM Macro Assembler    Page 1 Alphabetic symbol ordering
Absolute symbols

Stack_Size 00000400

Symbol: Stack_Size
   Definitions
      At line 4 in file startup_CMSDK_CM0.s
   Uses
      At line 6 in file startup_CMSDK_CM0.s
Comment: Stack_Size used once
1 symbol
348 symbols in table
